<?xml version="1.0" encoding="utf-8"?>
<TestRun id="d9a0bcca-8b6e-4144-abde-83c525de8863" name="oscar@BOX 2025-08-08 00:25:00" runUser="BOX\oscar" xmlns="http://microsoft.com/schemas/VisualStudio/TeamTest/2010">
  <Times creation="2025-08-08T00:25:00.9487395+10:00" queuing="2025-08-08T00:25:00.9487400+10:00" start="2025-08-08T00:24:59.9498061+10:00" finish="2025-08-08T00:25:08.3832077+10:00" />
  <TestSettings name="default" id="2815af77-2e8a-43b9-ad73-46ecc3e8560e">
    <Deployment runDeploymentRoot="oscar_BOX_2025-08-08_00_25_00" />
  </TestSettings>
  <Results>
    <UnitTestResult executionId="26d04960-937d-4b58-a4ee-470f866f7ad9" testId="69ac7e7c-d111-f180-2a97-7f878b91d353" testName="CursorPhobia.Tests.ConfigurationWatcherTests.ConfigurationChange_MultipleRapidChanges_DebouncesProperly" computerName="BOX" duration="00:00:00.9241081" startTime="2025-08-08T00:25:03.4647116+10:00" endTime="2025-08-08T00:25:03.4647119+10:00" testType="13cdc9d9-ddb5-4fa4-a97d-d965ccfc6d4b" outcome="Passed" testListId="8c84fa94-04c1-424b-9868-57a2d4851a1d" relativeResultsDirectory="26d04960-937d-4b58-a4ee-470f866f7ad9" />
    <UnitTestResult executionId="d08bffb8-1cc3-4da6-bc97-2d59e2487dc9" testId="577c8b3e-b3af-268e-80f6-1f5f4673afd4" testName="CursorPhobia.Tests.UI.SettingsFormTests.SettingsForm_ExportConfiguration_CallsConfigService" computerName="BOX" duration="00:00:00.0018828" startTime="2025-08-08T00:25:00.9987534+10:00" endTime="2025-08-08T00:25:00.9987534+10:00" testType="13cdc9d9-ddb5-4fa4-a97d-d965ccfc6d4b" outcome="Passed" testListId="8c84fa94-04c1-424b-9868-57a2d4851a1d" relativeResultsDirectory="d08bffb8-1cc3-4da6-bc97-2d59e2487dc9" />
    <UnitTestResult executionId="dc4b08c7-386a-47b4-b655-8a35fa41edb4" testId="04f59664-9ec7-3c15-d027-2779df787d2d" testName="CursorPhobia.Tests.MonitorConfigurationWatcherTests.MonitorChangeEventArgs_GetAddedMonitors_ReturnsCorrectMonitors" computerName="BOX" duration="00:00:00.0003623" startTime="2025-08-08T00:25:00.9916351+10:00" endTime="2025-08-08T00:25:00.9916351+10:00" testType="13cdc9d9-ddb5-4fa4-a97d-d965ccfc6d4b" outcome="Passed" testListId="8c84fa94-04c1-424b-9868-57a2d4851a1d" relativeResultsDirectory="dc4b08c7-386a-47b4-b655-8a35fa41edb4" />
    <UnitTestResult executionId="5ec0b2ff-a861-4e9f-be19-27905b4d8d3f" testId="829edb0e-a1ea-f663-22f5-912ff9407b74" testName="CursorPhobia.Tests.ProximityConfigurationTests.UseNearestEdge_PropertySetter_UpdatesCorrectly(useNearestEdge: False)" computerName="BOX" duration="00:00:00.0001572" startTime="2025-08-08T00:25:00.9295568+10:00" endTime="2025-08-08T00:25:00.9295569+10:00" testType="13cdc9d9-ddb5-4fa4-a97d-d965ccfc6d4b" outcome="Passed" testListId="8c84fa94-04c1-424b-9868-57a2d4851a1d" relativeResultsDirectory="5ec0b2ff-a861-4e9f-be19-27905b4d8d3f" />
    <UnitTestResult executionId="0aa15858-b737-4f54-a7ba-9c862d6000df" testId="a1af10a1-9cfc-edd2-6cb6-4bfaf1de793c" testName="CursorPhobia.Tests.CursorPhobiaConfigurationTests.Validate_WithInvalidScreenEdgeBuffer_ReturnsError(buffer: 150, expectedError: &quot;ScreenEdgeBuffer should not exceed 100 pixels for &quot;...)" computerName="BOX" duration="00:00:00.0001673" startTime="2025-08-08T00:25:00.9321238+10:00" endTime="2025-08-08T00:25:00.9321238+10:00" testType="13cdc9d9-ddb5-4fa4-a97d-d965ccfc6d4b" outcome="Passed" testListId="8c84fa94-04c1-424b-9868-57a2d4851a1d" relativeResultsDirectory="0aa15858-b737-4f54-a7ba-9c862d6000df" />
    <UnitTestResult executionId="da5ebb21-8c26-42b7-a5db-9397c37efd05" testId="921be138-fee8-fdd4-9bac-5fbc0a8bf283" testName="CursorPhobia.Tests.ConfigurationBackupServiceTests.GetAvailableBackupsAsync_EmptyDirectory_ThrowsArgumentException" computerName="BOX" duration="00:00:00.0010071" startTime="2025-08-08T00:25:01.1173406+10:00" endTime="2025-08-08T00:25:01.1173410+10:00" testType="13cdc9d9-ddb5-4fa4-a97d-d965ccfc6d4b" outcome="Passed" testListId="8c84fa94-04c1-424b-9868-57a2d4851a1d" relativeResultsDirectory="da5ebb21-8c26-42b7-a5db-9397c37efd05" />
    <UnitTestResult executionId="0799a758-e819-4a61-94e1-80ea1a5e9560" testId="a240fa8e-59ce-013e-700b-43cb55869fa4" testName="CursorPhobia.Tests.ConfigurationServiceTests.SaveConfigurationAsync_WithInvalidConfig_ThrowsArgumentException" computerName="BOX" duration="00:00:00.0012066" startTime="2025-08-08T00:25:01.0413540+10:00" endTime="2025-08-08T00:25:01.0413542+10:00" testType="13cdc9d9-ddb5-4fa4-a97d-d965ccfc6d4b" outcome="Passed" testListId="8c84fa94-04c1-424b-9868-57a2d4851a1d" relativeResultsDirectory="0799a758-e819-4a61-94e1-80ea1a5e9560" />
    <UnitTestResult executionId="1473a1cc-a0b0-4f43-b875-a1e8a4459c98" testId="fa51c00a-dd82-fd5e-08e4-85d17929792c" testName="CursorPhobia.Tests.CursorPhobiaConfigurationTests.Validate_WithInvalidAnimationDuration_ReturnsError(duration: -1, expectedError: &quot;AnimationDurationMs cannot be negative&quot;)" computerName="BOX" duration="00:00:00.0001571" startTime="2025-08-08T00:25:00.9326539+10:00" endTime="2025-08-08T00:25:00.9326539+10:00" testType="13cdc9d9-ddb5-4fa4-a97d-d965ccfc6d4b" outcome="Passed" testListId="8c84fa94-04c1-424b-9868-57a2d4851a1d" relativeResultsDirectory="1473a1cc-a0b0-4f43-b875-a1e8a4459c98" />
    <UnitTestResult executionId="c62ac2a5-dedc-4921-b4c8-4e618d939e7d" testId="a3142369-9eab-91d1-bad6-b0a2e9515913" testName="CursorPhobia.Tests.ConfigurationHotSwapTests.ConfigurationUpdateResult_Failure_CreatesFailedResult" computerName="BOX" duration="00:00:00.0004530" startTime="2025-08-08T00:25:00.9906394+10:00" endTime="2025-08-08T00:25:00.9906397+10:00" testType="13cdc9d9-ddb5-4fa4-a97d-d965ccfc6d4b" outcome="Passed" testListId="8c84fa94-04c1-424b-9868-57a2d4851a1d" relativeResultsDirectory="c62ac2a5-dedc-4921-b4c8-4e618d939e7d" />
    <UnitTestResult executionId="a5818b54-fa46-48d8-a661-aa0be0298ee2" testId="51b5a75a-9087-d58e-d1ea-9b2a11bbf69c" testName="CursorPhobia.Tests.UI.SettingsViewModelTests.SettingsViewModel_ApplyPreset_Responsive_UpdatesConfiguration" computerName="BOX" duration="00:00:00.0068453" startTime="2025-08-08T00:25:00.9288467+10:00" endTime="2025-08-08T00:25:00.9288468+10:00" testType="13cdc9d9-ddb5-4fa4-a97d-d965ccfc6d4b" outcome="Passed" testListId="8c84fa94-04c1-424b-9868-57a2d4851a1d" relativeResultsDirectory="a5818b54-fa46-48d8-a661-aa0be0298ee2" />
    <UnitTestResult executionId="a9cf07a2-6aec-4bc6-ac17-0991513520ac" testId="15ccbdc7-6244-47d4-b6e4-4ed2b09cb39c" testName="CursorPhobia.Tests.ConfigurationBackupServiceTests.GetAvailableBackupsAsync_EmptyDirectory_ReturnsEmptyArray" computerName="BOX" duration="00:00:00.0014621" startTime="2025-08-08T00:25:01.3048071+10:00" endTime="2025-08-08T00:25:01.3048075+10:00" testType="13cdc9d9-ddb5-4fa4-a97d-d965ccfc6d4b" outcome="Passed" testListId="8c84fa94-04c1-424b-9868-57a2d4851a1d" relativeResultsDirectory="a9cf07a2-6aec-4bc6-ac17-0991513520ac" />
    <UnitTestResult executionId="91beaa89-560a-4011-8d3a-781ee3fd6509" testId="a56fae3f-4ea1-8e84-7097-f2610fb36a35" testName="CursorPhobia.Tests.ConfigurationBackupServiceTests.GetAvailableBackupsAsync_MixedFiles_ReturnsOnlyBackupFiles" computerName="BOX" duration="00:00:00.0047156" startTime="2025-08-08T00:25:01.2866042+10:00" endTime="2025-08-08T00:25:01.2866045+10:00" testType="13cdc9d9-ddb5-4fa4-a97d-d965ccfc6d4b" outcome="Passed" testListId="8c84fa94-04c1-424b-9868-57a2d4851a1d" relativeResultsDirectory="91beaa89-560a-4011-8d3a-781ee3fd6509" />
    <UnitTestResult executionId="98dbfff9-fbd5-4d59-b48e-10a01ab8a914" testId="291791c2-5b8e-5ff8-9f32-f73478de3989" testName="CursorPhobia.Tests.ConfigurationBackupServiceTests.CreateBackupAsync_NonExistentSourceFile_LogsWarningAndReturns" computerName="BOX" duration="00:00:00.0010253" startTime="2025-08-08T00:25:01.1184391+10:00" endTime="2025-08-08T00:25:01.1184392+10:00" testType="13cdc9d9-ddb5-4fa4-a97d-d965ccfc6d4b" outcome="Passed" testListId="8c84fa94-04c1-424b-9868-57a2d4851a1d" relativeResultsDirectory="98dbfff9-fbd5-4d59-b48e-10a01ab8a914" />
    <UnitTestResult executionId="74e1f92a-c37c-4e41-8edc-0da9b01d8b30" testId="781d273e-2ed9-e73c-d2fc-a36d8617666d" testName="CursorPhobia.Tests.WindowPusherTests.Constructor_WithInvalidConfiguration_ThrowsArgumentException" computerName="BOX" duration="00:00:00.0052272" startTime="2025-08-08T00:25:00.9191103+10:00" endTime="2025-08-08T00:25:00.9191103+10:00" testType="13cdc9d9-ddb5-4fa4-a97d-d965ccfc6d4b" outcome="Passed" testListId="8c84fa94-04c1-424b-9868-57a2d4851a1d" relativeResultsDirectory="74e1f92a-c37c-4e41-8edc-0da9b01d8b30" />
    <UnitTestResult executionId="bd02798e-1452-46e8-b375-f40ee2cb659d" testId="6d445861-6651-d4ab-f9e7-d87fa6a50ade" testName="CursorPhobia.Tests.CursorPhobiaConfigurationTests.Validate_WithMultipleErrors_ReturnsAllErrors" computerName="BOX" duration="00:00:00.0001282" startTime="2025-08-08T00:25:00.9327130+10:00" endTime="2025-08-08T00:25:00.9327130+10:00" testType="13cdc9d9-ddb5-4fa4-a97d-d965ccfc6d4b" outcome="Passed" testListId="8c84fa94-04c1-424b-9868-57a2d4851a1d" relativeResultsDirectory="bd02798e-1452-46e8-b375-f40ee2cb659d" />
    <UnitTestResult executionId="3506ab93-4c48-44b8-8dbd-5624d99adc92" testId="1847a744-ee46-94d4-a6b3-b39ef5e80223" testName="CursorPhobia.Tests.ProximityConfigurationTests.UseNearestEdge_PropertySetter_UpdatesCorrectly(useNearestEdge: True)" computerName="BOX" duration="00:00:00.0043297" startTime="2025-08-08T00:25:00.9191165+10:00" endTime="2025-08-08T00:25:00.9191166+10:00" testType="13cdc9d9-ddb5-4fa4-a97d-d965ccfc6d4b" outcome="Passed" testListId="8c84fa94-04c1-424b-9868-57a2d4851a1d" relativeResultsDirectory="3506ab93-4c48-44b8-8dbd-5624d99adc92" />
    <UnitTestResult executionId="077ea915-d4a5-4fc7-b69f-ed60543ce811" testId="9256f665-dd73-5db1-87e7-adca2fbbac44" testName="CursorPhobia.Tests.ConfigurationHotSwapTests.UpdateConfigurationAsync_WithRestartRequiredChanges_QueuesChangesForRestart" computerName="BOX" duration="00:00:00.0005360" startTime="2025-08-08T00:25:00.9915793+10:00" endTime="2025-08-08T00:25:00.9915794+10:00" testType="13cdc9d9-ddb5-4fa4-a97d-d965ccfc6d4b" outcome="Passed" testListId="8c84fa94-04c1-424b-9868-57a2d4851a1d" relativeResultsDirectory="077ea915-d4a5-4fc7-b69f-ed60543ce811" />
    <UnitTestResult executionId="6838abd0-cddd-4b5b-8959-6c1b0baf7547" testId="90cb6ff0-b04e-7312-ecf4-d59a368742c8" testName="CursorPhobia.Tests.PerMonitorIntegrationTests.PerMonitorConfigurationManager_HandlesMonitorHotplugEvent" computerName="BOX" duration="00:00:00.0145711" startTime="2025-08-08T00:25:00.9770985+10:00" endTime="2025-08-08T00:25:00.9770987+10:00" testType="13cdc9d9-ddb5-4fa4-a97d-d965ccfc6d4b" outcome="Passed" testListId="8c84fa94-04c1-424b-9868-57a2d4851a1d" relativeResultsDirectory="6838abd0-cddd-4b5b-8959-6c1b0baf7547" />
    <UnitTestResult executionId="959616b5-5b35-4a8b-a801-9388a7376489" testId="74744a16-d660-053c-af00-eefedbf67ec5" testName="CursorPhobia.Tests.ProximityConfigurationTests.Algorithm_PropertySetter_UpdatesCorrectly(algorithm: ManhattanDistance)" computerName="BOX" duration="00:00:00.0000081" startTime="2025-08-08T00:25:00.9335791+10:00" endTime="2025-08-08T00:25:00.9335791+10:00" testType="13cdc9d9-ddb5-4fa4-a97d-d965ccfc6d4b" outcome="Passed" testListId="8c84fa94-04c1-424b-9868-57a2d4851a1d" relativeResultsDirectory="959616b5-5b35-4a8b-a801-9388a7376489" />
    <UnitTestResult executionId="83dc7836-3d22-4ddb-becd-edffe964b62b" testId="c359e81f-7b16-cc8b-662f-1f3cb99e492b" testName="CursorPhobia.Tests.ConfigurationBackupServiceTests.CleanupOldBackupsAsync_NegativeMaxBackups_ThrowsArgumentException" computerName="BOX" duration="00:00:00.0009197" startTime="2025-08-08T00:25:01.2090921+10:00" endTime="2025-08-08T00:25:01.2090922+10:00" testType="13cdc9d9-ddb5-4fa4-a97d-d965ccfc6d4b" outcome="Passed" testListId="8c84fa94-04c1-424b-9868-57a2d4851a1d" relativeResultsDirectory="83dc7836-3d22-4ddb-becd-edffe964b62b" />
    <UnitTestResult executionId="3be78fdb-4c80-4c33-b2ed-f642f519ac83" testId="43714de1-7ed4-11b1-a689-03f73d0b755d" testName="CursorPhobia.Tests.MonitorManagerIntegrationTests.OnConfigurationChange_AfterDispose_DoesNotThrow" computerName="BOX" duration="00:00:00.0003819" startTime="2025-08-08T00:25:01.1694583+10:00" endTime="2025-08-08T00:25:01.1694585+10:00" testType="13cdc9d9-ddb5-4fa4-a97d-d965ccfc6d4b" outcome="Passed" testListId="8c84fa94-04c1-424b-9868-57a2d4851a1d" relativeResultsDirectory="3be78fdb-4c80-4c33-b2ed-f642f519ac83" />
    <UnitTestResult executionId="597605eb-dc3e-4710-806f-1ead134caa0c" testId="3c7761e4-6e64-7d26-1a68-a5fbc92024f0" testName="CursorPhobia.Tests.ConfigurationBackupServiceTests.GetAvailableBackupsAsync_WithBackups_ReturnsSortedArray" computerName="BOX" duration="00:00:00.0249800" startTime="2025-08-08T00:25:01.3453772+10:00" endTime="2025-08-08T00:25:01.3453777+10:00" testType="13cdc9d9-ddb5-4fa4-a97d-d965ccfc6d4b" outcome="Passed" testListId="8c84fa94-04c1-424b-9868-57a2d4851a1d" relativeResultsDirectory="597605eb-dc3e-4710-806f-1ead134caa0c" />
    <UnitTestResult executionId="64abca42-f1f7-44cc-ba30-5606f76d4ccd" testId="f7fb9653-775c-ff34-67fa-413614a583e4" testName="CursorPhobia.Tests.CursorPhobiaConfigurationTests.CreateResponsivenessOptimized_ReturnsValidConfiguration" computerName="BOX" duration="00:00:00.0000753" startTime="2025-08-08T00:25:00.9320712+10:00" endTime="2025-08-08T00:25:00.9320712+10:00" testType="13cdc9d9-ddb5-4fa4-a97d-d965ccfc6d4b" outcome="Passed" testListId="8c84fa94-04c1-424b-9868-57a2d4851a1d" relativeResultsDirectory="64abca42-f1f7-44cc-ba30-5606f76d4ccd" />
    <UnitTestResult executionId="5b885bb5-4e25-4e5d-b224-c19a5ffdb7e3" testId="0a5d7eaf-0490-bdf6-c0ad-ad403233352b" testName="CursorPhobia.Tests.ConfigurationServiceTests.LoadConfigurationAsync_WithCorruptJson_ReturnsDefaultConfiguration" computerName="BOX" duration="00:00:00.0042677" startTime="2025-08-08T00:25:01.0108049+10:00" endTime="2025-08-08T00:25:01.0108052+10:00" testType="13cdc9d9-ddb5-4fa4-a97d-d965ccfc6d4b" outcome="Passed" testListId="8c84fa94-04c1-424b-9868-57a2d4851a1d" relativeResultsDirectory="5b885bb5-4e25-4e5d-b224-c19a5ffdb7e3" />
    <UnitTestResult executionId="783affab-6cdc-48dd-868f-9b21ec50a4b9" testId="c245c420-315e-2f0b-f0c4-6410b8b21356" testName="CursorPhobia.Tests.ConfigurationHotSwapTests.ConfigurationChangeAnalysis_IdentifiesHotSwappableChanges" computerName="BOX" duration="00:00:00.0003370" startTime="2025-08-08T00:25:00.9939642+10:00" endTime="2025-08-08T00:25:00.9939644+10:00" testType="13cdc9d9-ddb5-4fa4-a97d-d965ccfc6d4b" outcome="Passed" testListId="8c84fa94-04c1-424b-9868-57a2d4851a1d" relativeResultsDirectory="783affab-6cdc-48dd-868f-9b21ec50a4b9" />
    <UnitTestResult executionId="d2b81f4b-1dce-420a-b136-4b5848c1d00c" testId="d022058b-5cd9-8c29-850f-f7b3df5e8c58" testName="CursorPhobia.Tests.ConfigurationHotSwapTests.UpdateConfigurationAsync_WithMixedChanges_AppliesHotSwappableAndQueuesRestartRequired" computerName="BOX" duration="00:00:00.0006845" startTime="2025-08-08T00:25:00.9901217+10:00" endTime="2025-08-08T00:25:00.9901220+10:00" testType="13cdc9d9-ddb5-4fa4-a97d-d965ccfc6d4b" outcome="Passed" testListId="8c84fa94-04c1-424b-9868-57a2d4851a1d" relativeResultsDirectory="d2b81f4b-1dce-420a-b136-4b5848c1d00c" />
    <UnitTestResult executionId="45085c0f-0264-4fea-b9a9-de2a48878413" testId="2f9f1408-e562-c8a6-9140-7a08170161d3" testName="CursorPhobia.Tests.ConfigurationBackupServiceTests.CreateBackupAsync_ValidSourceFile_CreatesBackup" computerName="BOX" duration="00:00:00.0089334" startTime="2025-08-08T00:25:01.2013858+10:00" endTime="2025-08-08T00:25:01.2013863+10:00" testType="13cdc9d9-ddb5-4fa4-a97d-d965ccfc6d4b" outcome="Passed" testListId="8c84fa94-04c1-424b-9868-57a2d4851a1d" relativeResultsDirectory="45085c0f-0264-4fea-b9a9-de2a48878413" />
    <UnitTestResult executionId="a8193dc8-d2fd-4d66-a7e4-87c4d15f4d25" testId="eadb402d-84bc-0317-6662-fc18d00ef429" testName="CursorPhobia.Tests.ProximityDetectorTests.Constructor_WithInvalidConfiguration_ThrowsArgumentException" computerName="BOX" duration="00:00:00.0045394" startTime="2025-08-08T00:25:00.9160475+10:00" endTime="2025-08-08T00:25:00.9160738+10:00" testType="13cdc9d9-ddb5-4fa4-a97d-d965ccfc6d4b" outcome="Passed" testListId="8c84fa94-04c1-424b-9868-57a2d4851a1d" relativeResultsDirectory="a8193dc8-d2fd-4d66-a7e4-87c4d15f4d25" />
    <UnitTestResult executionId="600ec6e4-0a20-43c3-9996-1dca160aba23" testId="da33fa40-73a7-c9ab-9b62-7cde46612cd1" testName="CursorPhobia.Tests.MonitorManagerDpiTests.MockMonitorManager_GetMonitorDpi_WithoutConfiguration_ReturnsDefaultDpi" computerName="BOX" duration="00:00:00.0020644" startTime="2025-08-08T00:25:00.9341724+10:00" endTime="2025-08-08T00:25:00.9341726+10:00" testType="13cdc9d9-ddb5-4fa4-a97d-d965ccfc6d4b" outcome="Passed" testListId="8c84fa94-04c1-424b-9868-57a2d4851a1d" relativeResultsDirectory="600ec6e4-0a20-43c3-9996-1dca160aba23" />
    <UnitTestResult executionId="762fc87c-3dcc-425a-a11d-daca397fd250" testId="51feba50-531f-f957-cb74-0e8bc3680a39" testName="CursorPhobia.Tests.ProximityConfigurationTests.Validate_WithInvalidVerticalSensitivity_ReturnsError(multiplier: -1, expectedError: &quot;VerticalSensitivityMultiplier must be greater than&quot;...)" computerName="BOX" duration="00:00:00.0000911" startTime="2025-08-08T00:25:00.9331200+10:00" endTime="2025-08-08T00:25:00.9331201+10:00" testType="13cdc9d9-ddb5-4fa4-a97d-d965ccfc6d4b" outcome="Passed" testListId="8c84fa94-04c1-424b-9868-57a2d4851a1d" relativeResultsDirectory="762fc87c-3dcc-425a-a11d-daca397fd250" />
    <UnitTestResult executionId="33930cb7-b63e-4aca-9d3d-123fb5df6f77" testId="d1bb6537-a16a-5163-8b2a-fb7fe6511b7c" testName="CursorPhobia.Tests.ConfigurationBackupServiceTests.CleanupOldBackupsAsync_CustomMaxBackups_RespectsLimit" computerName="BOX" duration="00:00:00.0646617" startTime="2025-08-08T00:25:01.1867039+10:00" endTime="2025-08-08T00:25:01.1867045+10:00" testType="13cdc9d9-ddb5-4fa4-a97d-d965ccfc6d4b" outcome="Passed" testListId="8c84fa94-04c1-424b-9868-57a2d4851a1d" relativeResultsDirectory="33930cb7-b63e-4aca-9d3d-123fb5df6f77" />
    <UnitTestResult executionId="fd149dd7-02d4-4de9-80f5-a3b64ee6d530" testId="8010a295-be7a-9083-8951-23360b9efaf0" testName="CursorPhobia.Tests.MonitorManagerIntegrationTests.StartMonitoring_WithConfigurationWatcher_StartsSuccessfully" computerName="BOX" duration="00:00:00.0001133" startTime="2025-08-08T00:25:01.1704925+10:00" endTime="2025-08-08T00:25:01.1704926+10:00" testType="13cdc9d9-ddb5-4fa4-a97d-d965ccfc6d4b" outcome="Passed" testListId="8c84fa94-04c1-424b-9868-57a2d4851a1d" relativeResultsDirectory="fd149dd7-02d4-4de9-80f5-a3b64ee6d530" />
    <UnitTestResult executionId="35a45542-0f67-4896-a710-d40ad9f003cc" testId="7a11dab1-f5a0-ef8f-87ff-fd0cfa90184b" testName="CursorPhobia.Tests.MonitorConfigurationWatcherTests.MonitorChangeEventArgs_Constructor_WithNullCurrent_ThrowsArgumentNullException" computerName="BOX" duration="00:00:00.0001736" startTime="2025-08-08T00:25:00.9309658+10:00" endTime="2025-08-08T00:25:00.9309658+10:00" testType="13cdc9d9-ddb5-4fa4-a97d-d965ccfc6d4b" outcome="Passed" testListId="8c84fa94-04c1-424b-9868-57a2d4851a1d" relativeResultsDirectory="35a45542-0f67-4896-a710-d40ad9f003cc" />
    <UnitTestResult executionId="86e99370-ff2e-4c6b-9fb2-4426e35ef086" testId="456ef543-78d9-f075-1814-e48ae64d503c" testName="CursorPhobia.Tests.MonitorConfigurationWatcherTests.Constructor_WithNullMonitorManager_ThrowsArgumentNullException" computerName="BOX" duration="00:00:00.0002563" startTime="2025-08-08T00:25:00.9296213+10:00" endTime="2025-08-08T00:25:00.9296213+10:00" testType="13cdc9d9-ddb5-4fa4-a97d-d965ccfc6d4b" outcome="Passed" testListId="8c84fa94-04c1-424b-9868-57a2d4851a1d" relativeResultsDirectory="86e99370-ff2e-4c6b-9fb2-4426e35ef086" />
    <UnitTestResult executionId="cf7a0c84-3e2b-44d3-8e45-7397faa9c3b2" testId="cb0f7ea4-70c7-1dff-9fa7-48645400c9bc" testName="CursorPhobia.Tests.MonitorConfigurationWatcherTests.StartMonitoring_WhenAlreadyMonitoring_DoesNotThrow" computerName="BOX" duration="00:00:00.0001264" startTime="2025-08-08T00:25:00.9886105+10:00" endTime="2025-08-08T00:25:00.9886106+10:00" testType="13cdc9d9-ddb5-4fa4-a97d-d965ccfc6d4b" outcome="Passed" testListId="8c84fa94-04c1-424b-9868-57a2d4851a1d" relativeResultsDirectory="cf7a0c84-3e2b-44d3-8e45-7397faa9c3b2" />
    <UnitTestResult executionId="cefa28e8-fe0f-4624-ab92-6a3133faf210" testId="b4c2bf34-f02f-5a3f-6ac8-763a8f18b59b" testName="CursorPhobia.Tests.ConfigurationHotSwapTests.UpdateConfigurationAsync_WithNullConfiguration_ThrowsArgumentNullException" computerName="BOX" duration="00:00:00.0005955" startTime="2025-08-08T00:25:00.9935736+10:00" endTime="2025-08-08T00:25:00.9935738+10:00" testType="13cdc9d9-ddb5-4fa4-a97d-d965ccfc6d4b" outcome="Passed" testListId="8c84fa94-04c1-424b-9868-57a2d4851a1d" relativeResultsDirectory="cefa28e8-fe0f-4624-ab92-6a3133faf210" />
    <UnitTestResult executionId="aadb28b2-dbb4-4493-9af0-86df870227c8" testId="6b2f2862-79b0-ebac-88ce-7548880b44c8" testName="CursorPhobia.Tests.ConfigurationBackupServiceTests.CreateBackupAsync_NullBackupDirectory_ThrowsArgumentException" computerName="BOX" duration="00:00:00.0531589" startTime="2025-08-08T00:25:00.9545948+10:00" endTime="2025-08-08T00:25:00.9545951+10:00" testType="13cdc9d9-ddb5-4fa4-a97d-d965ccfc6d4b" outcome="Passed" testListId="8c84fa94-04c1-424b-9868-57a2d4851a1d" relativeResultsDirectory="aadb28b2-dbb4-4493-9af0-86df870227c8" />
    <UnitTestResult executionId="8ee1e817-c7d8-4d76-948f-715a2cddadb4" testId="e0422003-75da-a680-d582-90ce81fca7fd" testName="CursorPhobia.Tests.ConfigurationServiceTests.SaveConfigurationAsync_OverwriteExistingFile_Succeeds" computerName="BOX" duration="00:00:00.0086287" startTime="2025-08-08T00:25:01.0306910+10:00" endTime="2025-08-08T00:25:01.0306911+10:00" testType="13cdc9d9-ddb5-4fa4-a97d-d965ccfc6d4b" outcome="Passed" testListId="8c84fa94-04c1-424b-9868-57a2d4851a1d" relativeResultsDirectory="8ee1e817-c7d8-4d76-948f-715a2cddadb4" />
    <UnitTestResult executionId="6a222169-3fca-4fb5-a1ae-b85c9c577a00" testId="f8d8accb-5d4d-bb3d-1ae0-7f87f3169f1f" testName="CursorPhobia.Tests.ConfigurationServiceTests.SaveConfigurationAsync_CreatesDirectoryIfNeeded" computerName="BOX" duration="00:00:00.0037172" startTime="2025-08-08T00:25:00.9724009+10:00" endTime="2025-08-08T00:25:00.9724012+10:00" testType="13cdc9d9-ddb5-4fa4-a97d-d965ccfc6d4b" outcome="Passed" testListId="8c84fa94-04c1-424b-9868-57a2d4851a1d" relativeResultsDirectory="6a222169-3fca-4fb5-a1ae-b85c9c577a00" />
    <UnitTestResult executionId="6d042dd3-2e09-47a3-a8b9-6504cee01124" testId="4c985c21-b63d-d6e0-04fb-c5513f13ac8d" testName="CursorPhobia.Tests.MonitorConfigurationWatcherTests.MonitorChangeEventArgs_GetModifiedMonitors_ReturnsCorrectMonitors" computerName="BOX" duration="00:00:00.0026159" startTime="2025-08-08T00:25:01.1235573+10:00" endTime="2025-08-08T00:25:01.1235581+10:00" testType="13cdc9d9-ddb5-4fa4-a97d-d965ccfc6d4b" outcome="Passed" testListId="8c84fa94-04c1-424b-9868-57a2d4851a1d" relativeResultsDirectory="6d042dd3-2e09-47a3-a8b9-6504cee01124" />
    <UnitTestResult executionId="44427283-88ad-44ad-86ce-8f9997a23acf" testId="7f4f2416-2f2e-28e3-a55e-3bd1044ed648" testName="CursorPhobia.Tests.ConfigurationWatcherTests.ConfigurationChange_ValidFile_FiresChangedEvent" computerName="BOX" duration="00:00:00.5131240" startTime="2025-08-08T00:25:05.1985448+10:00" endTime="2025-08-08T00:25:05.1985454+10:00" testType="13cdc9d9-ddb5-4fa4-a97d-d965ccfc6d4b" outcome="Passed" testListId="8c84fa94-04c1-424b-9868-57a2d4851a1d" relativeResultsDirectory="44427283-88ad-44ad-86ce-8f9997a23acf" />
    <UnitTestResult executionId="c90d35e1-ac81-47ed-aee9-cd8cfd6fd792" testId="37d62564-0ed4-2739-a2a9-bc8ca9e32931" testName="CursorPhobia.Tests.ProximityConfigurationTests.SensitivityMultipliers_WithValidValues_UpdateCorrectly(multiplier: 10)" computerName="BOX" duration="00:00:00.0001749" startTime="2025-08-08T00:25:00.9326860+10:00" endTime="2025-08-08T00:25:00.9326861+10:00" testType="13cdc9d9-ddb5-4fa4-a97d-d965ccfc6d4b" outcome="Passed" testListId="8c84fa94-04c1-424b-9868-57a2d4851a1d" relativeResultsDirectory="c90d35e1-ac81-47ed-aee9-cd8cfd6fd792" />
    <UnitTestResult executionId="245c1336-f85c-4ae4-b720-429459be0ba4" testId="a144bf42-f09d-6f92-d68b-eecd543066d0" testName="CursorPhobia.Tests.CursorPhobiaConfigurationTests.Validate_WithInvalidScreenEdgeBuffer_ReturnsError(buffer: -1, expectedError: &quot;ScreenEdgeBuffer cannot be negative&quot;)" computerName="BOX" duration="00:00:00.0000908" startTime="2025-08-08T00:25:00.9321062+10:00" endTime="2025-08-08T00:25:00.9321062+10:00" testType="13cdc9d9-ddb5-4fa4-a97d-d965ccfc6d4b" outcome="Passed" testListId="8c84fa94-04c1-424b-9868-57a2d4851a1d" relativeResultsDirectory="245c1336-f85c-4ae4-b720-429459be0ba4" />
    <UnitTestResult executionId="c4da0a43-1fc9-4192-a759-b77a30be9c20" testId="efee3319-86da-ac44-bcde-b15bef04713e" testName="CursorPhobia.Tests.ConfigurationServiceTests.LoadConfigurationAsync_WithInvalidConfiguration_ReturnsDefaultConfiguration" computerName="BOX" duration="00:00:00.0068748" startTime="2025-08-08T00:25:01.0063661+10:00" endTime="2025-08-08T00:25:01.0063666+10:00" testType="13cdc9d9-ddb5-4fa4-a97d-d965ccfc6d4b" outcome="Passed" testListId="8c84fa94-04c1-424b-9868-57a2d4851a1d" relativeResultsDirectory="c4da0a43-1fc9-4192-a759-b77a30be9c20" />
    <UnitTestResult executionId="ef640509-7621-4326-91ce-a543f31cd43d" testId="1cf63b67-117c-b4a4-23f9-569fd3f783b9" testName="CursorPhobia.Tests.ConfigurationHotSwapTests.ConfigurationUpdateResult_Success_CreatesSuccessfulResult" computerName="BOX" duration="00:00:00.0691370" startTime="2025-08-08T00:25:00.9694502+10:00" endTime="2025-08-08T00:25:00.9694503+10:00" testType="13cdc9d9-ddb5-4fa4-a97d-d965ccfc6d4b" outcome="Passed" testListId="8c84fa94-04c1-424b-9868-57a2d4851a1d" relativeResultsDirectory="ef640509-7621-4326-91ce-a543f31cd43d" />
    <UnitTestResult executionId="4d3dbf2f-6350-4032-9cb6-ba9c4a77fcfd" testId="d9cf17c7-10c6-fe63-7d8d-2b3851e8ce99" testName="CursorPhobia.Tests.ConfigurationBackupServiceTests.Constructor_WithValidLogger_CreatesInstance" computerName="BOX" duration="00:00:00.0007284" startTime="2025-08-08T00:25:01.1907401+10:00" endTime="2025-08-08T00:25:01.1907410+10:00" testType="13cdc9d9-ddb5-4fa4-a97d-d965ccfc6d4b" outcome="Passed" testListId="8c84fa94-04c1-424b-9868-57a2d4851a1d" relativeResultsDirectory="4d3dbf2f-6350-4032-9cb6-ba9c4a77fcfd" />
    <UnitTestResult executionId="ef58a615-ea7e-4dfa-a76a-3d98a4dff56d" testId="3715d5b7-6296-3fff-7c82-9f70d8fa87d7" testName="CursorPhobia.Tests.CursorPhobiaConfigurationTests.Validate_WithValidConfiguration_ReturnsNoErrors" computerName="BOX" duration="00:00:00.0043142" startTime="2025-08-08T00:25:00.9188190+10:00" endTime="2025-08-08T00:25:00.9188191+10:00" testType="13cdc9d9-ddb5-4fa4-a97d-d965ccfc6d4b" outcome="Passed" testListId="8c84fa94-04c1-424b-9868-57a2d4851a1d" relativeResultsDirectory="ef58a615-ea7e-4dfa-a76a-3d98a4dff56d" />
    <UnitTestResult executionId="55878033-c795-44ac-92d8-f3db5f2860f1" testId="6906eeb4-a6a3-e4a8-693e-36a9d482e4de" testName="CursorPhobia.Tests.MonitorConfigurationWatcherTests.CheckForChanges_WithMonitorAdded_ReturnsTrueAndRaisesEvent" computerName="BOX" duration="00:00:00.0606633" startTime="2025-08-08T00:25:01.1844493+10:00" endTime="2025-08-08T00:25:01.1844498+10:00" testType="13cdc9d9-ddb5-4fa4-a97d-d965ccfc6d4b" outcome="Passed" testListId="8c84fa94-04c1-424b-9868-57a2d4851a1d" relativeResultsDirectory="55878033-c795-44ac-92d8-f3db5f2860f1" />
    <UnitTestResult executionId="4dad252e-f12b-43ee-abea-4860a13e1d41" testId="9e05e5ff-cd29-97ab-8d12-39e111d58bc0" testName="CursorPhobia.Tests.MonitorManagerIntegrationTests.StartMonitoring_WithoutConfigurationWatcher_DoesNotThrow" computerName="BOX" duration="00:00:00.0002763" startTime="2025-08-08T00:25:01.1697800+10:00" endTime="2025-08-08T00:25:01.1697801+10:00" testType="13cdc9d9-ddb5-4fa4-a97d-d965ccfc6d4b" outcome="Passed" testListId="8c84fa94-04c1-424b-9868-57a2d4851a1d" relativeResultsDirectory="4dad252e-f12b-43ee-abea-4860a13e1d41" />
    <UnitTestResult executionId="f204200c-d5be-4989-85c7-eb1f73270501" testId="eda2f8eb-95ab-3662-8984-f42e393fab4d" testName="CursorPhobia.Tests.MultiMonitorConfigurationTests.Validate_DefaultConfiguration_ShouldReturnNoErrors" computerName="BOX" duration="00:00:00.0001104" startTime="2025-08-08T00:25:00.9342356+10:00" endTime="2025-08-08T00:25:00.9342357+10:00" testType="13cdc9d9-ddb5-4fa4-a97d-d965ccfc6d4b" outcome="Passed" testListId="8c84fa94-04c1-424b-9868-57a2d4851a1d" relativeResultsDirectory="f204200c-d5be-4989-85c7-eb1f73270501" />
    <UnitTestResult executionId="06ee2723-7422-4219-9159-7d616b221c49" testId="4c04167b-f9db-6653-4432-d5eb93c8c51f" testName="CursorPhobia.Tests.CursorPhobiaEngineTests.Engine_WithConfigurationChanges_RespectsNewSettings" computerName="BOX" duration="00:00:00.0031918" startTime="2025-08-08T00:25:00.9692871+10:00" endTime="2025-08-08T00:25:00.9692873+10:00" testType="13cdc9d9-ddb5-4fa4-a97d-d965ccfc6d4b" outcome="Passed" testListId="8c84fa94-04c1-424b-9868-57a2d4851a1d" relativeResultsDirectory="06ee2723-7422-4219-9159-7d616b221c49" />
    <UnitTestResult executionId="f725fb50-f5e6-4632-8032-5ba87e2ddf27" testId="a5c5d749-3947-175e-65b2-a35fb271cbfc" testName="CursorPhobia.Tests.ConfigurationBackupServiceTests.FullBackupWorkflow_CreateRestoreCleanup_WorksCorrectly" computerName="BOX" duration="00:00:00.0724706" startTime="2025-08-08T00:25:01.2817470+10:00" endTime="2025-08-08T00:25:01.2817476+10:00" testType="13cdc9d9-ddb5-4fa4-a97d-d965ccfc6d4b" outcome="Passed" testListId="8c84fa94-04c1-424b-9868-57a2d4851a1d" relativeResultsDirectory="f725fb50-f5e6-4632-8032-5ba87e2ddf27" />
    <UnitTestResult executionId="89da4ae6-f5a1-4012-af79-a3ca259944f1" testId="4ed39e23-8a4e-dfd4-33a1-a7cbbd7c1c9a" testName="CursorPhobia.Tests.ConfigurationWatcherTests.GetStatistics_AfterActivity_ReturnsAccurateStats" computerName="BOX" duration="00:00:00.5391383" startTime="2025-08-08T00:25:05.7379253+10:00" endTime="2025-08-08T00:25:05.7379256+10:00" testType="13cdc9d9-ddb5-4fa4-a97d-d965ccfc6d4b" outcome="Passed" testListId="8c84fa94-04c1-424b-9868-57a2d4851a1d" relativeResultsDirectory="89da4ae6-f5a1-4012-af79-a3ca259944f1" />
    <UnitTestResult executionId="23ef150d-5360-4f3c-ad3c-88e239190155" testId="61df5a80-c8a8-f49c-54fa-f5ee1f5f3c50" testName="CursorPhobia.Tests.ConfigurationBackupServiceTests.CreateBackupAsync_FourBackups_DeletesOldest" computerName="BOX" duration="00:00:00.0732952" startTime="2025-08-08T00:25:01.0280345+10:00" endTime="2025-08-08T00:25:01.0280349+10:00" testType="13cdc9d9-ddb5-4fa4-a97d-d965ccfc6d4b" outcome="Passed" testListId="8c84fa94-04c1-424b-9868-57a2d4851a1d" relativeResultsDirectory="23ef150d-5360-4f3c-ad3c-88e239190155" />
    <UnitTestResult executionId="029c4764-965e-475e-8e65-a62fa1534993" testId="2ef7daa6-002c-5a57-000b-e8cc5d0748b1" testName="CursorPhobia.Tests.ConfigurationBackupServiceTests.RestoreFromBackupAsync_InvalidConfiguration_ReturnsNull" computerName="BOX" duration="00:00:00.0054003" startTime="2025-08-08T00:25:01.2080732+10:00" endTime="2025-08-08T00:25:01.2080735+10:00" testType="13cdc9d9-ddb5-4fa4-a97d-d965ccfc6d4b" outcome="Passed" testListId="8c84fa94-04c1-424b-9868-57a2d4851a1d" relativeResultsDirectory="029c4764-965e-475e-8e65-a62fa1534993" />
    <UnitTestResult executionId="67167c46-c886-44b3-b9eb-30837306cbf7" testId="a7ae4017-0bfa-b37f-e618-52c6bd647192" testName="CursorPhobia.Tests.UI.SettingsFormTests.SettingsForm_LoadConfiguration_LoadsCorrectly" computerName="BOX" duration="00:00:00.0855445" startTime="2025-08-08T00:25:00.9886895+10:00" endTime="2025-08-08T00:25:00.9886895+10:00" testType="13cdc9d9-ddb5-4fa4-a97d-d965ccfc6d4b" outcome="Passed" testListId="8c84fa94-04c1-424b-9868-57a2d4851a1d" relativeResultsDirectory="67167c46-c886-44b3-b9eb-30837306cbf7" />
    <UnitTestResult executionId="45791341-3c6a-41e1-ad17-1182880f1ad2" testId="4a23c186-6e79-7508-4532-a31fd0767968" testName="CursorPhobia.Tests.ProximityConfigurationTests.Validate_WithInvalidHorizontalSensitivity_ReturnsError(multiplier: -1, expectedError: &quot;HorizontalSensitivityMultiplier must be greater th&quot;...)" computerName="BOX" duration="00:00:00.0001999" startTime="2025-08-08T00:25:00.9336870+10:00" endTime="2025-08-08T00:25:00.9336870+10:00" testType="13cdc9d9-ddb5-4fa4-a97d-d965ccfc6d4b" outcome="Passed" testListId="8c84fa94-04c1-424b-9868-57a2d4851a1d" relativeResultsDirectory="45791341-3c6a-41e1-ad17-1182880f1ad2" />
    <UnitTestResult executionId="36023663-4b2e-4be9-b87b-d8d80b75d735" testId="fb55077f-9e5b-5ee1-4393-74d5a65d4cbb" testName="CursorPhobia.Tests.ProximityConfigurationTests.Validate_WithInvalidHorizontalSensitivity_ReturnsError(multiplier: 15, expectedError: &quot;HorizontalSensitivityMultiplier should not exceed &quot;...)" computerName="BOX" duration="00:00:00.0000059" startTime="2025-08-08T00:25:00.9337165+10:00" endTime="2025-08-08T00:25:00.9337166+10:00" testType="13cdc9d9-ddb5-4fa4-a97d-d965ccfc6d4b" outcome="Passed" testListId="8c84fa94-04c1-424b-9868-57a2d4851a1d" relativeResultsDirectory="36023663-4b2e-4be9-b87b-d8d80b75d735" />
    <UnitTestResult executionId="55def587-df0b-4838-b109-d8f814a7f25b" testId="42d2e31f-e2a1-53f8-9569-a2a6973a488e" testName="CursorPhobia.Tests.ProximityConfigurationTests.ProximityConfiguration_WithMixedSettings_ValidatesCorrectly" computerName="BOX" duration="00:00:00.0001901" startTime="2025-08-08T00:25:00.9342090+10:00" endTime="2025-08-08T00:25:00.9342090+10:00" testType="13cdc9d9-ddb5-4fa4-a97d-d965ccfc6d4b" outcome="Passed" testListId="8c84fa94-04c1-424b-9868-57a2d4851a1d" relativeResultsDirectory="55def587-df0b-4838-b109-d8f814a7f25b" />
    <UnitTestResult executionId="18a7f012-cd84-4144-8e46-3a49566ab257" testId="f0f2f3b9-1e5b-6283-0c88-05a283060796" testName="CursorPhobia.Tests.UI.SettingsViewModelTests.SettingsViewModel_ApplyPreset_Performance_UpdatesConfiguration" computerName="BOX" duration="00:00:00.0002556" startTime="2025-08-08T00:25:00.9319835+10:00" endTime="2025-08-08T00:25:00.9319836+10:00" testType="13cdc9d9-ddb5-4fa4-a97d-d965ccfc6d4b" outcome="Passed" testListId="8c84fa94-04c1-424b-9868-57a2d4851a1d" relativeResultsDirectory="18a7f012-cd84-4144-8e46-3a49566ab257" />
    <UnitTestResult executionId="ee6f56f0-2587-4175-8f17-e350d711a79b" testId="8f84e6b1-ff2a-88cc-b78b-8f9ed5178958" testName="CursorPhobia.Tests.ConfigurationBackupServiceTests.RestoreFromBackupAsync_EmptyFile_ReturnsNull" computerName="BOX" duration="00:00:00.0032612" startTime="2025-08-08T00:25:01.1218430+10:00" endTime="2025-08-08T00:25:01.1218431+10:00" testType="13cdc9d9-ddb5-4fa4-a97d-d965ccfc6d4b" outcome="Passed" testListId="8c84fa94-04c1-424b-9868-57a2d4851a1d" relativeResultsDirectory="ee6f56f0-2587-4175-8f17-e350d711a79b" />
    <UnitTestResult executionId="e02c3450-d100-4b0b-9908-717f98cd05bc" testId="54964d70-def8-5ded-90af-0d7d6fa7de38" testName="CursorPhobia.Tests.UI.SettingsViewModelTests.SettingsViewModel_ValidateConfiguration_ReturnsConfigurationErrors" computerName="BOX" duration="00:00:00.0005764" startTime="2025-08-08T00:25:00.9310057+10:00" endTime="2025-08-08T00:25:00.9310057+10:00" testType="13cdc9d9-ddb5-4fa4-a97d-d965ccfc6d4b" outcome="Passed" testListId="8c84fa94-04c1-424b-9868-57a2d4851a1d" relativeResultsDirectory="e02c3450-d100-4b0b-9908-717f98cd05bc" />
    <UnitTestResult executionId="e2479343-30d5-46cc-a33e-f2093a3aaee2" testId="9d22dbbd-3ada-e39e-faa0-ba6258e5c0b0" testName="CursorPhobia.Tests.MultiMonitorConfigurationTests.Validate_InvalidPerMonitorSettings_ShouldReturnErrors" computerName="BOX" duration="00:00:00.0004233" startTime="2025-08-08T00:25:00.9348592+10:00" endTime="2025-08-08T00:25:00.9348593+10:00" testType="13cdc9d9-ddb5-4fa4-a97d-d965ccfc6d4b" outcome="Passed" testListId="8c84fa94-04c1-424b-9868-57a2d4851a1d" relativeResultsDirectory="e2479343-30d5-46cc-a33e-f2093a3aaee2" />
    <UnitTestResult executionId="d9c906ff-1c6a-46b7-8f4d-61e87d65c0e6" testId="300b7740-3d80-09cf-17f0-fae3df9a6622" testName="CursorPhobia.Tests.CursorPhobiaConfigurationTests.Validate_WithInvalidProximityThreshold_ReturnsError(threshold: 0, expectedError: &quot;ProximityThreshold must be greater than 0&quot;)" computerName="BOX" duration="00:00:00.0002012" startTime="2025-08-08T00:25:00.9316027+10:00" endTime="2025-08-08T00:25:00.9316028+10:00" testType="13cdc9d9-ddb5-4fa4-a97d-d965ccfc6d4b" outcome="Passed" testListId="8c84fa94-04c1-424b-9868-57a2d4851a1d" relativeResultsDirectory="d9c906ff-1c6a-46b7-8f4d-61e87d65c0e6" />
    <UnitTestResult executionId="794a5b9b-398a-4aed-afc3-ce4222602ffa" testId="0946945d-02c3-28fb-bb59-43ff1eb8d41c" testName="CursorPhobia.Tests.MonitorConfigurationWatcherTests.MonitorChangeEventArgs_GetRemovedMonitors_ReturnsCorrectMonitors" computerName="BOX" duration="00:00:00.0022209" startTime="2025-08-08T00:25:00.9912186+10:00" endTime="2025-08-08T00:25:00.9912188+10:00" testType="13cdc9d9-ddb5-4fa4-a97d-d965ccfc6d4b" outcome="Passed" testListId="8c84fa94-04c1-424b-9868-57a2d4851a1d" relativeResultsDirectory="794a5b9b-398a-4aed-afc3-ce4222602ffa" />
    <UnitTestResult executionId="d2968d76-0a19-45ab-b020-fa99531f5f36" testId="9a5d2353-a841-e7f2-bbca-08684828bede" testName="CursorPhobia.Tests.CursorPhobiaConfigurationTests.Validate_WithInvalidProximityThreshold_ReturnsError(threshold: -1, expectedError: &quot;ProximityThreshold must be greater than 0&quot;)" computerName="BOX" duration="00:00:00.0000082" startTime="2025-08-08T00:25:00.9316624+10:00" endTime="2025-08-08T00:25:00.9316624+10:00" testType="13cdc9d9-ddb5-4fa4-a97d-d965ccfc6d4b" outcome="Passed" testListId="8c84fa94-04c1-424b-9868-57a2d4851a1d" relativeResultsDirectory="d2968d76-0a19-45ab-b020-fa99531f5f36" />
    <UnitTestResult executionId="f20d793f-c57b-4136-836d-02dd6e5367a8" testId="26ca5a5e-bfea-549d-b199-bef3d3ea8682" testName="CursorPhobia.Tests.CursorPhobiaConfigurationTests.Validate_WithInvalidMaxUpdateInterval_ReturnsError(maxInterval: 1500, expectedError: &quot;MaxUpdateIntervalMs should not exceed 1000ms for r&quot;...)" computerName="BOX" duration="00:00:00.0001506" startTime="2025-08-08T00:25:00.9320364+10:00" endTime="2025-08-08T00:25:00.9320365+10:00" testType="13cdc9d9-ddb5-4fa4-a97d-d965ccfc6d4b" outcome="Passed" testListId="8c84fa94-04c1-424b-9868-57a2d4851a1d" relativeResultsDirectory="f20d793f-c57b-4136-836d-02dd6e5367a8" />
    <UnitTestResult executionId="969f86e2-4098-4ad1-a9eb-f385ddf0464d" testId="e900138f-14c1-8131-972a-e77de560b844" testName="CursorPhobia.Tests.ProximityConfigurationTests.Algorithm_PropertySetter_UpdatesCorrectly(algorithm: EuclideanDistance)" computerName="BOX" duration="00:00:00.0001668" startTime="2025-08-08T00:25:00.9335036+10:00" endTime="2025-08-08T00:25:00.9335038+10:00" testType="13cdc9d9-ddb5-4fa4-a97d-d965ccfc6d4b" outcome="Passed" testListId="8c84fa94-04c1-424b-9868-57a2d4851a1d" relativeResultsDirectory="969f86e2-4098-4ad1-a9eb-f385ddf0464d" />
    <UnitTestResult executionId="f7d1991e-8255-4dd8-b54c-f37dba3658d5" testId="de9aa3d0-a330-b315-499e-b13b695373d1" testName="CursorPhobia.Tests.MonitorConfigurationWatcherTests.CheckForChanges_WithPrimaryMonitorChanged_ReturnsTrueAndRaisesEvent" computerName="BOX" duration="00:00:00.0611027" startTime="2025-08-08T00:25:01.0571211+10:00" endTime="2025-08-08T00:25:01.0571218+10:00" testType="13cdc9d9-ddb5-4fa4-a97d-d965ccfc6d4b" outcome="Passed" testListId="8c84fa94-04c1-424b-9868-57a2d4851a1d" relativeResultsDirectory="f7d1991e-8255-4dd8-b54c-f37dba3658d5" />
    <UnitTestResult executionId="52b1812c-56b5-490d-9b35-740fbd89d5e2" testId="6dafc859-b879-9fed-5624-52307877e054" testName="CursorPhobia.Tests.ConfigurationBackupServiceTests.CleanupOldBackupsAsync_EmptyDirectory_ThrowsArgumentException" computerName="BOX" duration="00:00:00.0017627" startTime="2025-08-08T00:25:01.1886077+10:00" endTime="2025-08-08T00:25:01.1886087+10:00" testType="13cdc9d9-ddb5-4fa4-a97d-d965ccfc6d4b" outcome="Passed" testListId="8c84fa94-04c1-424b-9868-57a2d4851a1d" relativeResultsDirectory="52b1812c-56b5-490d-9b35-740fbd89d5e2" />
    <UnitTestResult executionId="f544182b-3762-4f8b-a486-b11ffb674512" testId="69de4300-40df-8dd4-2eb1-d3f7c563f9c5" testName="CursorPhobia.Tests.ConfigurationWatcherTests.ConfigurationChange_WithValidationErrors_LoadsDefaultConfiguration" computerName="BOX" duration="00:00:00.5079610" startTime="2025-08-08T00:25:08.2816255+10:00" endTime="2025-08-08T00:25:08.2816259+10:00" testType="13cdc9d9-ddb5-4fa4-a97d-d965ccfc6d4b" outcome="Passed" testListId="8c84fa94-04c1-424b-9868-57a2d4851a1d" relativeResultsDirectory="f544182b-3762-4f8b-a486-b11ffb674512" />
    <UnitTestResult executionId="d271532a-f6b3-4c53-a1e2-b4a8a5159019" testId="6bc0232e-b7ff-b83c-f693-f2def0031eb2" testName="CursorPhobia.Tests.ConfigurationWatcherTests.StartWatchingAsync_ValidPath_StartsSuccessfully" computerName="BOX" duration="00:00:00.0017431" startTime="2025-08-08T00:25:01.6511678+10:00" endTime="2025-08-08T00:25:01.6511682+10:00" testType="13cdc9d9-ddb5-4fa4-a97d-d965ccfc6d4b" outcome="Passed" testListId="8c84fa94-04c1-424b-9868-57a2d4851a1d" relativeResultsDirectory="d271532a-f6b3-4c53-a1e2-b4a8a5159019" />
    <UnitTestResult executionId="787f1839-c5c8-4080-a650-b88278954fa8" testId="20388fd7-ccec-eba4-4ac5-a6da2125026e" testName="CursorPhobia.Tests.ConfigurationBackupServiceTests.CleanupOldBackupsAsync_MoreBackupsThanLimit_RemovesOldest" computerName="BOX" duration="00:00:00.0852467" startTime="2025-08-08T00:25:01.1161970+10:00" endTime="2025-08-08T00:25:01.1161974+10:00" testType="13cdc9d9-ddb5-4fa4-a97d-d965ccfc6d4b" outcome="Passed" testListId="8c84fa94-04c1-424b-9868-57a2d4851a1d" relativeResultsDirectory="787f1839-c5c8-4080-a650-b88278954fa8" />
    <UnitTestResult executionId="b4ffc67b-ab75-494d-8e62-3d56a475723f" testId="db4266eb-f797-fdd2-620e-499e0940d865" testName="CursorPhobia.Tests.ConfigurationServiceTests.SaveConfigurationAsync_AtomicWrite_TempFileIsUsed" computerName="BOX" duration="00:00:00.0627800" startTime="2025-08-08T00:25:00.9659327+10:00" endTime="2025-08-08T00:25:00.9659330+10:00" testType="13cdc9d9-ddb5-4fa4-a97d-d965ccfc6d4b" outcome="Passed" testListId="8c84fa94-04c1-424b-9868-57a2d4851a1d" relativeResultsDirectory="b4ffc67b-ab75-494d-8e62-3d56a475723f" />
    <UnitTestResult executionId="c1ac6a75-ffad-4e05-a8f3-f6627dcca73f" testId="2a919625-9c36-8929-0c45-69c4ad8958c5" testName="CursorPhobia.Tests.ConfigurationBackupServiceTests.CreateBackupAsync_EmptyBackupDirectory_ThrowsArgumentException" computerName="BOX" duration="00:00:00.0013904" startTime="2025-08-08T00:25:01.3132505+10:00" endTime="2025-08-08T00:25:01.3132508+10:00" testType="13cdc9d9-ddb5-4fa4-a97d-d965ccfc6d4b" outcome="Passed" testListId="8c84fa94-04c1-424b-9868-57a2d4851a1d" relativeResultsDirectory="c1ac6a75-ffad-4e05-a8f3-f6627dcca73f" />
    <UnitTestResult executionId="5866f181-a011-44ee-9ec0-5515d5d8f3b5" testId="4b4d2fdd-f675-bc1d-bb30-ab99a551cb87" testName="CursorPhobia.Tests.ConfigurationServiceTests.GetDefaultConfigurationPathAsync_ReturnsValidPath" computerName="BOX" duration="00:00:00.0013283" startTime="2025-08-08T00:25:01.0377253+10:00" endTime="2025-08-08T00:25:01.0377263+10:00" testType="13cdc9d9-ddb5-4fa4-a97d-d965ccfc6d4b" outcome="Passed" testListId="8c84fa94-04c1-424b-9868-57a2d4851a1d" relativeResultsDirectory="5866f181-a011-44ee-9ec0-5515d5d8f3b5" />
    <UnitTestResult executionId="c04135df-e6ef-44b3-b083-4f9dfad13453" testId="aa49de14-5a22-2d35-3da8-8ef4622affb1" testName="CursorPhobia.Tests.ConfigurationBackupServiceTests.GetAvailableBackupsAsync_NullDirectory_ThrowsArgumentException" computerName="BOX" duration="00:00:00.0014962" startTime="2025-08-08T00:25:01.1923189+10:00" endTime="2025-08-08T00:25:01.1923191+10:00" testType="13cdc9d9-ddb5-4fa4-a97d-d965ccfc6d4b" outcome="Passed" testListId="8c84fa94-04c1-424b-9868-57a2d4851a1d" relativeResultsDirectory="c04135df-e6ef-44b3-b083-4f9dfad13453" />
    <UnitTestResult executionId="3b22321d-0d79-4d83-9dde-31ae476c1286" testId="3df1aac0-ba92-2961-79e2-8542119510de" testName="CursorPhobia.Tests.ConfigurationHotSwapTests.UpdateConfigurationAsync_WithNoChanges_ReturnsSuccessWithNoChanges" computerName="BOX" duration="00:00:00.0028895" startTime="2025-08-08T00:25:00.9724344+10:00" endTime="2025-08-08T00:25:00.9724345+10:00" testType="13cdc9d9-ddb5-4fa4-a97d-d965ccfc6d4b" outcome="Passed" testListId="8c84fa94-04c1-424b-9868-57a2d4851a1d" relativeResultsDirectory="3b22321d-0d79-4d83-9dde-31ae476c1286" />
    <UnitTestResult executionId="e080e785-8e32-44fc-b1e8-b9ade6d22a00" testId="e4cb2b8b-0019-8a0f-11c5-16ba13f70504" testName="CursorPhobia.Tests.ProximityConfigurationTests.Constructor_DefaultValues_SetsCorrectDefaults" computerName="BOX" duration="00:00:00.0024112" startTime="2025-08-08T00:25:00.9326123+10:00" endTime="2025-08-08T00:25:00.9326123+10:00" testType="13cdc9d9-ddb5-4fa4-a97d-d965ccfc6d4b" outcome="Passed" testListId="8c84fa94-04c1-424b-9868-57a2d4851a1d" relativeResultsDirectory="e080e785-8e32-44fc-b1e8-b9ade6d22a00" />
    <UnitTestResult executionId="0ce07054-df1c-49d3-8e78-4e9b26cbcd55" testId="06aa1c94-3bec-351d-e8a6-efc3eedac94a" testName="CursorPhobia.Tests.ConfigurationServiceTests.SaveConfigurationAsync_WithValidConfig_SavesFile" computerName="BOX" duration="00:00:00.0041692" startTime="2025-08-08T00:25:00.9984822+10:00" endTime="2025-08-08T00:25:00.9984824+10:00" testType="13cdc9d9-ddb5-4fa4-a97d-d965ccfc6d4b" outcome="Passed" testListId="8c84fa94-04c1-424b-9868-57a2d4851a1d" relativeResultsDirectory="0ce07054-df1c-49d3-8e78-4e9b26cbcd55" />
    <UnitTestResult executionId="caa3cd14-1467-408f-ae46-e5670fd96ee1" testId="2844146e-41ec-3a13-3474-27631f951298" testName="CursorPhobia.Tests.ConfigurationHotSwapTests.ConfigurationChangeAnalysis_IdentifiesRestartRequiredChanges" computerName="BOX" duration="00:00:00.0003880" startTime="2025-08-08T00:25:00.9920039+10:00" endTime="2025-08-08T00:25:00.9920040+10:00" testType="13cdc9d9-ddb5-4fa4-a97d-d965ccfc6d4b" outcome="Passed" testListId="8c84fa94-04c1-424b-9868-57a2d4851a1d" relativeResultsDirectory="caa3cd14-1467-408f-ae46-e5670fd96ee1" />
    <UnitTestResult executionId="210977d9-cc8c-4afb-985e-91240f9cee2c" testId="468e083a-0004-a00d-f542-266636b3c5e6" testName="CursorPhobia.Tests.CursorPhobiaConfigurationTests.Constructor_DefaultValues_SetsCorrectDefaults" computerName="BOX" duration="00:00:00.0002020" startTime="2025-08-08T00:25:00.9343509+10:00" endTime="2025-08-08T00:25:00.9343510+10:00" testType="13cdc9d9-ddb5-4fa4-a97d-d965ccfc6d4b" outcome="Passed" testListId="8c84fa94-04c1-424b-9868-57a2d4851a1d" relativeResultsDirectory="210977d9-cc8c-4afb-985e-91240f9cee2c" />
    <UnitTestResult executionId="0ed067f1-01f2-488f-a9bd-6f3ebaffa44e" testId="58897852-6a39-7733-7815-c6808d914707" testName="CursorPhobia.Tests.ConfigurationWatcherTests.StartWatchingAsync_InvalidPath_ReturnsFalse" computerName="BOX" duration="00:00:00.0024709" startTime="2025-08-08T00:25:07.2621974+10:00" endTime="2025-08-08T00:25:07.2621978+10:00" testType="13cdc9d9-ddb5-4fa4-a97d-d965ccfc6d4b" outcome="Passed" testListId="8c84fa94-04c1-424b-9868-57a2d4851a1d" relativeResultsDirectory="0ed067f1-01f2-488f-a9bd-6f3ebaffa44e" />
    <UnitTestResult executionId="f9b28a6a-b40b-4faf-af98-0ab1597324e9" testId="4d35bc6a-c77f-5375-8093-15ebf22817f6" testName="CursorPhobia.Tests.MonitorConfigurationWatcherTests.Constructor_WithNullLogger_ThrowsArgumentNullException" computerName="BOX" duration="00:00:00.0002098" startTime="2025-08-08T00:25:00.9958572+10:00" endTime="2025-08-08T00:25:00.9958572+10:00" testType="13cdc9d9-ddb5-4fa4-a97d-d965ccfc6d4b" outcome="Passed" testListId="8c84fa94-04c1-424b-9868-57a2d4851a1d" relativeResultsDirectory="f9b28a6a-b40b-4faf-af98-0ab1597324e9" />
    <UnitTestResult executionId="baa37c42-533e-4ebf-9de6-a157e592abec" testId="28b09fac-be3a-a9e3-0bde-14c347aeec1e" testName="CursorPhobia.Tests.UI.SettingsFormTests.SettingsForm_ResetToDefaults_ResetsConfiguration" computerName="BOX" duration="00:00:00.0038995" startTime="2025-08-08T00:25:00.9926140+10:00" endTime="2025-08-08T00:25:00.9926142+10:00" testType="13cdc9d9-ddb5-4fa4-a97d-d965ccfc6d4b" outcome="Passed" testListId="8c84fa94-04c1-424b-9868-57a2d4851a1d" relativeResultsDirectory="baa37c42-533e-4ebf-9de6-a157e592abec" />
    <UnitTestResult executionId="495e134b-6d4f-4cc2-855d-53ef064b0d71" testId="6f346944-d3ea-3ae5-d294-bb2d8a7934c5" testName="CursorPhobia.Tests.CursorPhobiaConfigurationTests.Validate_WithInvalidPushDistance_ReturnsError(distance: 0, expectedError: &quot;PushDistance must be greater than 0&quot;)" computerName="BOX" duration="00:00:00.0002041" startTime="2025-08-08T00:25:00.9308880+10:00" endTime="2025-08-08T00:25:00.9308880+10:00" testType="13cdc9d9-ddb5-4fa4-a97d-d965ccfc6d4b" outcome="Passed" testListId="8c84fa94-04c1-424b-9868-57a2d4851a1d" relativeResultsDirectory="495e134b-6d4f-4cc2-855d-53ef064b0d71" />
    <UnitTestResult executionId="acf956d2-3fcc-45bd-bcab-a025b193f6f4" testId="bd8724a1-d22e-61d4-85e0-30b551b10852" testName="CursorPhobia.Tests.ConfigurationWatcherTests.ConfigurationChange_InvalidJson_LoadsDefaultConfiguration" computerName="BOX" duration="00:00:00.5087885" startTime="2025-08-08T00:25:07.7712199+10:00" endTime="2025-08-08T00:25:07.7712204+10:00" testType="13cdc9d9-ddb5-4fa4-a97d-d965ccfc6d4b" outcome="Passed" testListId="8c84fa94-04c1-424b-9868-57a2d4851a1d" relativeResultsDirectory="acf956d2-3fcc-45bd-bcab-a025b193f6f4" />
    <UnitTestResult executionId="3adfe9c5-be0a-43a6-9fe5-4c20dcc73206" testId="99faf843-9156-5207-41c3-023bf165434b" testName="CursorPhobia.Tests.ConfigurationBackupServiceTests.RestoreFromBackupAsync_ValidBackup_ReturnsConfiguration" computerName="BOX" duration="00:00:00.0031285" startTime="2025-08-08T00:25:01.2980295+10:00" endTime="2025-08-08T00:25:01.2980299+10:00" testType="13cdc9d9-ddb5-4fa4-a97d-d965ccfc6d4b" outcome="Passed" testListId="8c84fa94-04c1-424b-9868-57a2d4851a1d" relativeResultsDirectory="3adfe9c5-be0a-43a6-9fe5-4c20dcc73206" />
    <UnitTestResult executionId="de8bc06d-c2ae-4d2e-95e8-0a03751a9893" testId="e249115d-67a8-97b6-5991-fca21dc7b582" testName="CursorPhobia.Tests.MultiMonitorConfigurationTests.Validate_EmptyMonitorKey_ShouldReturnError" computerName="BOX" duration="00:00:00.0005330" startTime="2025-08-08T00:25:00.9327090+10:00" endTime="2025-08-08T00:25:00.9327090+10:00" testType="13cdc9d9-ddb5-4fa4-a97d-d965ccfc6d4b" outcome="Passed" testListId="8c84fa94-04c1-424b-9868-57a2d4851a1d" relativeResultsDirectory="de8bc06d-c2ae-4d2e-95e8-0a03751a9893" />
    <UnitTestResult executionId="d44cee38-68cd-48a0-ac76-741f3ab3668a" testId="321de7f8-2868-a12b-f7ed-73987e12b8c4" testName="CursorPhobia.Tests.ProximityConfigurationTests.Validate_WithInvalidVerticalSensitivity_ReturnsError(multiplier: 0, expectedError: &quot;VerticalSensitivityMultiplier must be greater than&quot;...)" computerName="BOX" duration="00:00:00.0000056" startTime="2025-08-08T00:25:00.9331642+10:00" endTime="2025-08-08T00:25:00.9331643+10:00" testType="13cdc9d9-ddb5-4fa4-a97d-d965ccfc6d4b" outcome="Passed" testListId="8c84fa94-04c1-424b-9868-57a2d4851a1d" relativeResultsDirectory="d44cee38-68cd-48a0-ac76-741f3ab3668a" />
    <UnitTestResult executionId="429c851a-ed7c-4417-92d4-6b9cf94e9686" testId="2f4bbf69-fc81-af2d-91c4-568adebd2fc9" testName="CursorPhobia.Tests.CursorPhobiaConfigurationTests.Validate_WithInvalidUpdateInterval_ReturnsError(interval: 0, expectedError: &quot;UpdateIntervalMs must be at least 1ms&quot;)" computerName="BOX" duration="00:00:00.0002299" startTime="2025-08-08T00:25:00.9325367+10:00" endTime="2025-08-08T00:25:00.9325368+10:00" testType="13cdc9d9-ddb5-4fa4-a97d-d965ccfc6d4b" outcome="Passed" testListId="8c84fa94-04c1-424b-9868-57a2d4851a1d" relativeResultsDirectory="429c851a-ed7c-4417-92d4-6b9cf94e9686" />
    <UnitTestResult executionId="9dcd7074-3a67-411d-9b59-18dde3dd3928" testId="b67e1a64-88d2-536a-6825-ea302d280746" testName="CursorPhobia.Tests.ConfigurationBackupServiceTests.CleanupOldBackupsAsync_NullDirectory_ThrowsArgumentException" computerName="BOX" duration="00:00:00.0008529" startTime="2025-08-08T00:25:01.2875661+10:00" endTime="2025-08-08T00:25:01.2875663+10:00" testType="13cdc9d9-ddb5-4fa4-a97d-d965ccfc6d4b" outcome="Passed" testListId="8c84fa94-04c1-424b-9868-57a2d4851a1d" relativeResultsDirectory="9dcd7074-3a67-411d-9b59-18dde3dd3928" />
    <UnitTestResult executionId="92802954-ac25-4a98-86db-0d46dd3720a1" testId="53b7a4ad-53ec-c301-050d-48435e24d82e" testName="CursorPhobia.Tests.ProximityConfigurationTests.Validate_WithInvalidHorizontalSensitivity_ReturnsError(multiplier: 0, expectedError: &quot;HorizontalSensitivityMultiplier must be greater th&quot;...)" computerName="BOX" duration="00:00:00.0000991" startTime="2025-08-08T00:25:00.9336535+10:00" endTime="2025-08-08T00:25:00.9336536+10:00" testType="13cdc9d9-ddb5-4fa4-a97d-d965ccfc6d4b" outcome="Passed" testListId="8c84fa94-04c1-424b-9868-57a2d4851a1d" relativeResultsDirectory="92802954-ac25-4a98-86db-0d46dd3720a1" />
    <UnitTestResult executionId="059d9537-628e-4652-b3e3-ca0a4e30779f" testId="045abe84-e2e2-bbb3-2b70-b37eebff26d2" testName="CursorPhobia.Tests.CursorPhobiaConfigurationTests.Validate_WithInvalidMaxUpdateInterval_ReturnsError(maxInterval: 5, expectedError: &quot;MaxUpdateIntervalMs must be at least 10ms to preve&quot;...)" computerName="BOX" duration="00:00:00.0000769" startTime="2025-08-08T00:25:00.9320008+10:00" endTime="2025-08-08T00:25:00.9320009+10:00" testType="13cdc9d9-ddb5-4fa4-a97d-d965ccfc6d4b" outcome="Passed" testListId="8c84fa94-04c1-424b-9868-57a2d4851a1d" relativeResultsDirectory="059d9537-628e-4652-b3e3-ca0a4e30779f" />
    <UnitTestResult executionId="53861030-1cbb-480d-abca-004500edce65" testId="356b86d5-7c15-7ae0-19bd-b1f8b234302d" testName="CursorPhobia.Tests.ConfigurationServiceTests.LoadConfigurationAsync_WithEmptyFile_ReturnsDefaultConfiguration" computerName="BOX" duration="00:00:00.0019136" startTime="2025-08-08T00:25:01.0155687+10:00" endTime="2025-08-08T00:25:01.0155692+10:00" testType="13cdc9d9-ddb5-4fa4-a97d-d965ccfc6d4b" outcome="Passed" testListId="8c84fa94-04c1-424b-9868-57a2d4851a1d" relativeResultsDirectory="53861030-1cbb-480d-abca-004500edce65" />
    <UnitTestResult executionId="ae185c36-c880-40d6-9129-64e437c3fe21" testId="d2ddadc9-894a-254f-32d9-0bf13d36a537" testName="CursorPhobia.Tests.UI.SettingsViewModelTests.SettingsViewModel_ApplyPreset_Default_UpdatesConfiguration" computerName="BOX" duration="00:00:00.0002933" startTime="2025-08-08T00:25:00.9315712+10:00" endTime="2025-08-08T00:25:00.9315712+10:00" testType="13cdc9d9-ddb5-4fa4-a97d-d965ccfc6d4b" outcome="Passed" testListId="8c84fa94-04c1-424b-9868-57a2d4851a1d" relativeResultsDirectory="ae185c36-c880-40d6-9129-64e437c3fe21" />
    <UnitTestResult executionId="4ca1b973-b264-43d0-886e-baad44d655ec" testId="f645d735-faa7-1588-4d34-7fb3c6aae82d" testName="CursorPhobia.Tests.ConfigurationBackupServiceTests.GetBackupFileName_ZeroBackupNumber_ThrowsArgumentException" computerName="BOX" duration="00:00:00.0015575" startTime="2025-08-08T00:25:01.0297264+10:00" endTime="2025-08-08T00:25:01.0297267+10:00" testType="13cdc9d9-ddb5-4fa4-a97d-d965ccfc6d4b" outcome="Passed" testListId="8c84fa94-04c1-424b-9868-57a2d4851a1d" relativeResultsDirectory="4ca1b973-b264-43d0-886e-baad44d655ec" />
    <UnitTestResult executionId="eea83c1a-67be-4e7b-8eb8-4a57f127db43" testId="87b80af4-85b6-1f4f-3de4-a20f2bb40264" testName="CursorPhobia.Tests.ConfigurationServiceTests.ConfigurationService_RoundTrip_PreservesAllProperties" computerName="BOX" duration="00:00:00.0165733" startTime="2025-08-08T00:25:00.9927981+10:00" endTime="2025-08-08T00:25:00.9927982+10:00" testType="13cdc9d9-ddb5-4fa4-a97d-d965ccfc6d4b" outcome="Passed" testListId="8c84fa94-04c1-424b-9868-57a2d4851a1d" relativeResultsDirectory="eea83c1a-67be-4e7b-8eb8-4a57f127db43" />
    <UnitTestResult executionId="a2e3b126-f489-4efb-842d-1782e9378aaf" testId="8fef8b0b-3db5-174e-0222-d0e9175d1cf8" testName="CursorPhobia.Tests.MonitorConfigurationWatcherTests.Dispose_CalledMultipleTimes_DoesNotThrow" computerName="BOX" duration="00:00:00.0000926" startTime="2025-08-08T00:25:00.9349701+10:00" endTime="2025-08-08T00:25:00.9349702+10:00" testType="13cdc9d9-ddb5-4fa4-a97d-d965ccfc6d4b" outcome="Passed" testListId="8c84fa94-04c1-424b-9868-57a2d4851a1d" relativeResultsDirectory="a2e3b126-f489-4efb-842d-1782e9378aaf" />
    <UnitTestResult executionId="29cfd927-cea7-4aa0-8fa8-6f3cf6fc109a" testId="a1ebfcdb-999f-c792-a21f-87667d924b1d" testName="CursorPhobia.Tests.ConfigurationHotSwapTests.UpdateConfigurationAsync_DisablingHoverTimeout_ResetsWindowHoverStates" computerName="BOX" duration="00:00:00.0060270" startTime="2025-08-08T00:25:00.9792952+10:00" endTime="2025-08-08T00:25:00.9792955+10:00" testType="13cdc9d9-ddb5-4fa4-a97d-d965ccfc6d4b" outcome="Passed" testListId="8c84fa94-04c1-424b-9868-57a2d4851a1d" relativeResultsDirectory="29cfd927-cea7-4aa0-8fa8-6f3cf6fc109a" />
    <UnitTestResult executionId="64f96f2e-817a-48a6-ab09-3455e449a90a" testId="20e4b5b0-e93f-d260-e460-142f84207476" testName="CursorPhobia.Tests.ConfigurationBackupServiceTests.RestoreFromBackupAsync_NonExistentFile_ReturnsNull" computerName="BOX" duration="00:00:00.0009469" startTime="2025-08-08T00:25:01.3158311+10:00" endTime="2025-08-08T00:25:01.3158313+10:00" testType="13cdc9d9-ddb5-4fa4-a97d-d965ccfc6d4b" outcome="Passed" testListId="8c84fa94-04c1-424b-9868-57a2d4851a1d" relativeResultsDirectory="64f96f2e-817a-48a6-ab09-3455e449a90a" />
    <UnitTestResult executionId="fc8908b1-1c83-4fd6-b838-d8476d40055f" testId="71b80078-4df4-e83d-b169-2d0215d94e5a" testName="CursorPhobia.Tests.ConfigurationServiceTests.SaveConfigurationAsync_WithPathTraversalAttempt_ThrowsArgumentException" computerName="BOX" duration="00:00:00.0011835" startTime="2025-08-08T00:25:01.0135697+10:00" endTime="2025-08-08T00:25:01.0135700+10:00" testType="13cdc9d9-ddb5-4fa4-a97d-d965ccfc6d4b" outcome="Passed" testListId="8c84fa94-04c1-424b-9868-57a2d4851a1d" relativeResultsDirectory="fc8908b1-1c83-4fd6-b838-d8476d40055f" />
    <UnitTestResult executionId="70b88018-45ee-4726-a132-d97dd4358e99" testId="9ae5777b-d6ec-54c0-8296-5664d4e0e692" testName="CursorPhobia.Tests.ConfigurationBackupServiceTests.RestoreFromBackupAsync_InvalidJson_ReturnsNull" computerName="BOX" duration="00:00:00.0032307" startTime="2025-08-08T00:25:01.3090647+10:00" endTime="2025-08-08T00:25:01.3090651+10:00" testType="13cdc9d9-ddb5-4fa4-a97d-d965ccfc6d4b" outcome="Passed" testListId="8c84fa94-04c1-424b-9868-57a2d4851a1d" relativeResultsDirectory="70b88018-45ee-4726-a132-d97dd4358e99" />
    <UnitTestResult executionId="0b32b0e2-6ae1-43e3-bc07-20d4f0345ceb" testId="a4a05324-eabc-8453-4e8a-0a6ecd29ae61" testName="CursorPhobia.Tests.ConfigurationServiceTests.SaveConfigurationAsync_WithSystemDirectoryPath_ThrowsArgumentException" computerName="BOX" duration="00:00:00.0013769" startTime="2025-08-08T00:25:01.0363034+10:00" endTime="2025-08-08T00:25:01.0363037+10:00" testType="13cdc9d9-ddb5-4fa4-a97d-d965ccfc6d4b" outcome="Passed" testListId="8c84fa94-04c1-424b-9868-57a2d4851a1d" relativeResultsDirectory="0b32b0e2-6ae1-43e3-bc07-20d4f0345ceb" />
    <UnitTestResult executionId="2e20b23c-505d-4afd-b74c-118b446dd115" testId="40a4edc7-f183-97bc-9226-9f8b023cfa1b" testName="CursorPhobia.Tests.ConfigurationServiceTests.Constructor_WithValidLogger_CreatesInstance" computerName="BOX" duration="00:00:00.0006812" startTime="2025-08-08T00:25:00.9992666+10:00" endTime="2025-08-08T00:25:00.9992668+10:00" testType="13cdc9d9-ddb5-4fa4-a97d-d965ccfc6d4b" outcome="Passed" testListId="8c84fa94-04c1-424b-9868-57a2d4851a1d" relativeResultsDirectory="2e20b23c-505d-4afd-b74c-118b446dd115" />
    <UnitTestResult executionId="2344dc01-10eb-4c65-ac8b-64a515af98ad" testId="3f32b888-0206-2ca8-9147-2a74f1e85736" testName="CursorPhobia.Tests.ConfigurationServiceTests.LoadConfigurationAsync_WithNonExistentFile_CreatesDefaultConfigurationFile" computerName="BOX" duration="00:00:00.0035844" startTime="2025-08-08T00:25:01.0208089+10:00" endTime="2025-08-08T00:25:01.0208091+10:00" testType="13cdc9d9-ddb5-4fa4-a97d-d965ccfc6d4b" outcome="Passed" testListId="8c84fa94-04c1-424b-9868-57a2d4851a1d" relativeResultsDirectory="2344dc01-10eb-4c65-ac8b-64a515af98ad" />
    <UnitTestResult executionId="18f3db03-2942-481e-a7e4-7b1c3896e23c" testId="d1034d94-3389-21e4-b1d6-7dbb6de6bcbc" testName="CursorPhobia.Tests.ProximityConfigurationTests.Validate_WithInvalidVerticalSensitivity_ReturnsError(multiplier: 12, expectedError: &quot;VerticalSensitivityMultiplier should not exceed 10&quot;...)" computerName="BOX" duration="00:00:00.0001659" startTime="2025-08-08T00:25:00.9331376+10:00" endTime="2025-08-08T00:25:00.9331376+10:00" testType="13cdc9d9-ddb5-4fa4-a97d-d965ccfc6d4b" outcome="Passed" testListId="8c84fa94-04c1-424b-9868-57a2d4851a1d" relativeResultsDirectory="18f3db03-2942-481e-a7e4-7b1c3896e23c" />
    <UnitTestResult executionId="a1b74f39-e262-4aad-91fe-5d53837b8e51" testId="7824c651-8347-5edb-a258-9be4c5aa96c2" testName="CursorPhobia.Tests.ProximityConfigurationTests.SensitivityMultipliers_WithValidValues_UpdateCorrectly(multiplier: 2.5)" computerName="BOX" duration="00:00:00.0000024" startTime="2025-08-08T00:25:00.9330773+10:00" endTime="2025-08-08T00:25:00.9330773+10:00" testType="13cdc9d9-ddb5-4fa4-a97d-d965ccfc6d4b" outcome="Passed" testListId="8c84fa94-04c1-424b-9868-57a2d4851a1d" relativeResultsDirectory="a1b74f39-e262-4aad-91fe-5d53837b8e51" />
    <UnitTestResult executionId="8042f006-b3b5-4497-961f-4a8d5b875799" testId="6aafe46f-c504-1f80-3c5d-1369451dc79f" testName="CursorPhobia.Tests.ConfigurationWatcherTests.ConfigurationChange_NonTargetFiles_AreFiltered" computerName="BOX" duration="00:00:00.6927155" startTime="2025-08-08T00:25:01.6491463+10:00" endTime="2025-08-08T00:25:01.6491469+10:00" testType="13cdc9d9-ddb5-4fa4-a97d-d965ccfc6d4b" outcome="Passed" testListId="8c84fa94-04c1-424b-9868-57a2d4851a1d" relativeResultsDirectory="8042f006-b3b5-4497-961f-4a8d5b875799" />
    <UnitTestResult executionId="1a647c45-01b0-4947-b2e1-dac786253cac" testId="97dcc89b-32eb-301e-413f-c308975e0e8e" testName="CursorPhobia.Tests.ConfigurationHotSwapTests.ConfigurationChangeAnalysis_WithNoChanges_ReturnsNoChanges" computerName="BOX" duration="00:00:00.0002348" startTime="2025-08-08T00:25:00.9942522+10:00" endTime="2025-08-08T00:25:00.9942522+10:00" testType="13cdc9d9-ddb5-4fa4-a97d-d965ccfc6d4b" outcome="Passed" testListId="8c84fa94-04c1-424b-9868-57a2d4851a1d" relativeResultsDirectory="1a647c45-01b0-4947-b2e1-dac786253cac" />
    <UnitTestResult executionId="6f16d38d-1c26-41d6-a77e-1e4dfb8db22b" testId="05281445-3c70-40d1-a690-e71ce7ca544c" testName="CursorPhobia.Tests.ProximityConfigurationTests.SensitivityMultipliers_WithValidValues_UpdateCorrectly(multiplier: 0.10000000000000001)" computerName="BOX" duration="00:00:00.0001278" startTime="2025-08-08T00:25:00.9330381+10:00" endTime="2025-08-08T00:25:00.9330382+10:00" testType="13cdc9d9-ddb5-4fa4-a97d-d965ccfc6d4b" outcome="Passed" testListId="8c84fa94-04c1-424b-9868-57a2d4851a1d" relativeResultsDirectory="6f16d38d-1c26-41d6-a77e-1e4dfb8db22b" />
    <UnitTestResult executionId="818c4099-c4bb-46dc-aade-440295a7953a" testId="c8cba265-ab78-1e3d-2727-e4f0f70f2610" testName="CursorPhobia.Tests.MonitorConfigurationWatcherTests.MonitorChangeEventArgs_Constructor_SetsPropertiesCorrectly" computerName="BOX" duration="00:00:00.0037899" startTime="2025-08-08T00:25:00.9954525+10:00" endTime="2025-08-08T00:25:00.9954526+10:00" testType="13cdc9d9-ddb5-4fa4-a97d-d965ccfc6d4b" outcome="Passed" testListId="8c84fa94-04c1-424b-9868-57a2d4851a1d" relativeResultsDirectory="818c4099-c4bb-46dc-aade-440295a7953a" />
    <UnitTestResult executionId="a7da95f8-251b-4e8b-844e-068e95385a3e" testId="63b186ca-44a6-00b1-1a6c-c34623b9d8d9" testName="CursorPhobia.Tests.ProximityConfigurationTests.SensitivityMultipliers_WithValidValues_UpdateCorrectly(multiplier: 1)" computerName="BOX" duration="00:00:00.0000061" startTime="2025-08-08T00:25:00.9330599+10:00" endTime="2025-08-08T00:25:00.9330600+10:00" testType="13cdc9d9-ddb5-4fa4-a97d-d965ccfc6d4b" outcome="Passed" testListId="8c84fa94-04c1-424b-9868-57a2d4851a1d" relativeResultsDirectory="a7da95f8-251b-4e8b-844e-068e95385a3e" />
    <UnitTestResult executionId="d16f96ee-63a1-43b0-810a-633c2fb83c69" testId="c1a63363-1d4f-4316-db71-4ea273175a00" testName="CursorPhobia.Tests.UI.SettingsFormTests.SettingsForm_ImportConfiguration_CallsConfigService" computerName="BOX" duration="00:00:00.0024020" startTime="2025-08-08T00:25:01.0012389+10:00" endTime="2025-08-08T00:25:01.0012390+10:00" testType="13cdc9d9-ddb5-4fa4-a97d-d965ccfc6d4b" outcome="Passed" testListId="8c84fa94-04c1-424b-9868-57a2d4851a1d" relativeResultsDirectory="d16f96ee-63a1-43b0-810a-633c2fb83c69" />
    <UnitTestResult executionId="e19f98b8-c38d-461e-b887-6e9323d4ce4c" testId="21084338-68e7-b9a6-84a3-a814e686c125" testName="CursorPhobia.Tests.CursorPhobiaConfigurationTests.Validate_WithInvalidPushDistance_ReturnsError(distance: -1, expectedError: &quot;PushDistance must be greater than 0&quot;)" computerName="BOX" duration="00:00:00.0000071" startTime="2025-08-08T00:25:00.9309222+10:00" endTime="2025-08-08T00:25:00.9309223+10:00" testType="13cdc9d9-ddb5-4fa4-a97d-d965ccfc6d4b" outcome="Passed" testListId="8c84fa94-04c1-424b-9868-57a2d4851a1d" relativeResultsDirectory="e19f98b8-c38d-461e-b887-6e9323d4ce4c" />
    <UnitTestResult executionId="f4863524-f9f3-419f-9182-f9bc4f5c40c9" testId="174074b8-d4c1-e681-cb96-9f2bba112fdb" testName="CursorPhobia.Tests.MonitorConfigurationWatcherTests.StopMonitoring_WhenMonitoring_StopsSuccessfully" computerName="BOX" duration="00:00:00.0087611" startTime="2025-08-08T00:25:00.9886676+10:00" endTime="2025-08-08T00:25:00.9886676+10:00" testType="13cdc9d9-ddb5-4fa4-a97d-d965ccfc6d4b" outcome="Passed" testListId="8c84fa94-04c1-424b-9868-57a2d4851a1d" relativeResultsDirectory="f4863524-f9f3-419f-9182-f9bc4f5c40c9" />
    <UnitTestResult executionId="af85e7da-5b2f-498b-807a-2e8c8436b49e" testId="7c94411c-53c7-348f-cd02-a2c2def127ac" testName="CursorPhobia.Tests.MonitorConfigurationWatcherTests.CheckForChanges_WithComplexChanges_ReturnsComplexChangeType" computerName="BOX" duration="00:00:00.0627540" startTime="2025-08-08T00:25:01.1207380+10:00" endTime="2025-08-08T00:25:01.1207385+10:00" testType="13cdc9d9-ddb5-4fa4-a97d-d965ccfc6d4b" outcome="Passed" testListId="8c84fa94-04c1-424b-9868-57a2d4851a1d" relativeResultsDirectory="af85e7da-5b2f-498b-807a-2e8c8436b49e" />
    <UnitTestResult executionId="46ed1feb-cc51-45f3-b58a-8a35762cc087" testId="e691938e-87c1-948c-1b0c-516da99adeea" testName="CursorPhobia.Tests.ConfigurationServiceTests.LoadConfigurationAsync_WithValidFile_LoadsConfiguration" computerName="BOX" duration="00:00:00.0039550" startTime="2025-08-08T00:25:01.0348228+10:00" endTime="2025-08-08T00:25:01.0348233+10:00" testType="13cdc9d9-ddb5-4fa4-a97d-d965ccfc6d4b" outcome="Passed" testListId="8c84fa94-04c1-424b-9868-57a2d4851a1d" relativeResultsDirectory="46ed1feb-cc51-45f3-b58a-8a35762cc087" />
    <UnitTestResult executionId="0a51c046-dca9-47c1-840d-438eddff598c" testId="ce86bdbb-5b1d-7fff-567a-55c86c9ed851" testName="CursorPhobia.Tests.ConfigurationWatcherTests.StopWatchingAsync_WhenWatching_StopsSuccessfully" computerName="BOX" duration="00:00:00.0015262" startTime="2025-08-08T00:25:06.7503003+10:00" endTime="2025-08-08T00:25:06.7503004+10:00" testType="13cdc9d9-ddb5-4fa4-a97d-d965ccfc6d4b" outcome="Passed" testListId="8c84fa94-04c1-424b-9868-57a2d4851a1d" relativeResultsDirectory="0a51c046-dca9-47c1-840d-438eddff598c" />
    <UnitTestResult executionId="920310ca-a421-42c7-a648-3915be4ddac6" testId="36d0984c-5c9c-59e1-7fc0-160ac6cbd855" testName="CursorPhobia.Tests.CursorPhobiaConfigurationTests.Validate_WithInvalidPushDistance_ReturnsError(distance: 1100, expectedError: &quot;PushDistance should not exceed 1000 pixels to prev&quot;...)" computerName="BOX" duration="00:00:00.0001052" startTime="2025-08-08T00:25:00.9295867+10:00" endTime="2025-08-08T00:25:00.9295867+10:00" testType="13cdc9d9-ddb5-4fa4-a97d-d965ccfc6d4b" outcome="Passed" testListId="8c84fa94-04c1-424b-9868-57a2d4851a1d" relativeResultsDirectory="920310ca-a421-42c7-a648-3915be4ddac6" />
    <UnitTestResult executionId="48d5952c-823a-4227-8739-0d33cca4a2cd" testId="6b473983-9519-d802-b092-2852e2a2045b" testName="CursorPhobia.Tests.CursorTrackerTests.Constructor_WithInvalidConfiguration_ThrowsArgumentException" computerName="BOX" duration="00:00:00.0003059" startTime="2025-08-08T00:25:00.9316149+10:00" endTime="2025-08-08T00:25:00.9316150+10:00" testType="13cdc9d9-ddb5-4fa4-a97d-d965ccfc6d4b" outcome="Passed" testListId="8c84fa94-04c1-424b-9868-57a2d4851a1d" relativeResultsDirectory="48d5952c-823a-4227-8739-0d33cca4a2cd" />
    <UnitTestResult executionId="62112da6-c178-43d3-b4cf-14395442510d" testId="1673129b-5cfe-5d5e-8bcf-560a681ad273" testName="CursorPhobia.Tests.CursorPhobiaConfigurationTests.CreateDefault_ReturnsValidConfiguration" computerName="BOX" duration="00:00:00.0001071" startTime="2025-08-08T00:25:00.9314873+10:00" endTime="2025-08-08T00:25:00.9314874+10:00" testType="13cdc9d9-ddb5-4fa4-a97d-d965ccfc6d4b" outcome="Passed" testListId="8c84fa94-04c1-424b-9868-57a2d4851a1d" relativeResultsDirectory="62112da6-c178-43d3-b4cf-14395442510d" />
    <UnitTestResult executionId="e2ba86a6-e8fd-4c66-b500-9687cce2fbd0" testId="32c00ce1-1bbb-ff61-e4ce-6bcfad67e5bc" testName="CursorPhobia.Tests.ConfigurationWatcherTests.ConfigurationChange_LargeFile_IsProcessedCorrectly" computerName="BOX" duration="00:00:01.0089967" startTime="2025-08-08T00:25:06.7471900+10:00" endTime="2025-08-08T00:25:06.7471904+10:00" testType="13cdc9d9-ddb5-4fa4-a97d-d965ccfc6d4b" outcome="Passed" testListId="8c84fa94-04c1-424b-9868-57a2d4851a1d" relativeResultsDirectory="e2ba86a6-e8fd-4c66-b500-9687cce2fbd0" />
    <UnitTestResult executionId="db7b576d-b435-441a-84bc-01f8aff25acd" testId="6837b043-7f77-c68e-a25c-5eb4520a96e0" testName="CursorPhobia.Tests.MonitorConfigurationWatcherTests.StartMonitoring_AfterDispose_ThrowsObjectDisposedException" computerName="BOX" duration="00:00:00.0002531" startTime="2025-08-08T00:25:00.9913911+10:00" endTime="2025-08-08T00:25:00.9913912+10:00" testType="13cdc9d9-ddb5-4fa4-a97d-d965ccfc6d4b" outcome="Passed" testListId="8c84fa94-04c1-424b-9868-57a2d4851a1d" relativeResultsDirectory="db7b576d-b435-441a-84bc-01f8aff25acd" />
    <UnitTestResult executionId="743b06e6-97b6-4957-81aa-de599a5069df" testId="2884e817-c650-4306-8b04-c6d1544de07d" testName="CursorPhobia.Tests.MonitorConfigurationWatcherTests.CheckForChanges_WithMonitorRemoved_ReturnsTrueAndRaisesEvent" computerName="BOX" duration="00:00:00.0633089" startTime="2025-08-08T00:25:01.2479764+10:00" endTime="2025-08-08T00:25:01.2479771+10:00" testType="13cdc9d9-ddb5-4fa4-a97d-d965ccfc6d4b" outcome="Passed" testListId="8c84fa94-04c1-424b-9868-57a2d4851a1d" relativeResultsDirectory="743b06e6-97b6-4957-81aa-de599a5069df" />
    <UnitTestResult executionId="0d13a9dd-2480-4cd8-9a80-294256aa5640" testId="3bd223bd-33e0-5791-c662-91be901e46d7" testName="CursorPhobia.Tests.MonitorConfigurationWatcherTests.StartMonitoring_WhenNotMonitoring_StartsSuccessfully" computerName="BOX" duration="00:00:00.0000958" startTime="2025-08-08T00:25:00.9913110+10:00" endTime="2025-08-08T00:25:00.9913111+10:00" testType="13cdc9d9-ddb5-4fa4-a97d-d965ccfc6d4b" outcome="Passed" testListId="8c84fa94-04c1-424b-9868-57a2d4851a1d" relativeResultsDirectory="0d13a9dd-2480-4cd8-9a80-294256aa5640" />
    <UnitTestResult executionId="1c638006-2510-4efc-a228-7ff4127e28cf" testId="edec5079-bde6-97bf-82a6-dfa70f87a4f8" testName="CursorPhobia.Tests.ConfigurationServiceTests.LoadConfigurationAsync_JsonWithCamelCase_LoadsCorrectly" computerName="BOX" duration="00:00:00.0035639" startTime="2025-08-08T00:25:00.9760892+10:00" endTime="2025-08-08T00:25:00.9760895+10:00" testType="13cdc9d9-ddb5-4fa4-a97d-d965ccfc6d4b" outcome="Passed" testListId="8c84fa94-04c1-424b-9868-57a2d4851a1d" relativeResultsDirectory="1c638006-2510-4efc-a228-7ff4127e28cf" />
    <UnitTestResult executionId="54b30af2-64c5-45f3-89f3-c81f0629eb34" testId="737ad571-0b9f-382c-74c7-5971dee9fa9f" testName="CursorPhobia.Tests.ConfigurationServiceTests.SaveConfigurationAsync_WithValidPath_PassesValidation" computerName="BOX" duration="00:00:00.0022336" startTime="2025-08-08T00:25:01.0400662+10:00" endTime="2025-08-08T00:25:01.0400665+10:00" testType="13cdc9d9-ddb5-4fa4-a97d-d965ccfc6d4b" outcome="Passed" testListId="8c84fa94-04c1-424b-9868-57a2d4851a1d" relativeResultsDirectory="54b30af2-64c5-45f3-89f3-c81f0629eb34" />
    <UnitTestResult executionId="23623122-e8ce-4000-af8c-5e2ade851d56" testId="187c2b55-3329-79c3-891f-f5eedd7e0b60" testName="CursorPhobia.Tests.ConfigurationBackupServiceTests.CleanupOldBackupsAsync_NonExistentDirectory_LogsAndReturns" computerName="BOX" duration="00:00:00.0008900" startTime="2025-08-08T00:25:01.3148271+10:00" endTime="2025-08-08T00:25:01.3148274+10:00" testType="13cdc9d9-ddb5-4fa4-a97d-d965ccfc6d4b" outcome="Passed" testListId="8c84fa94-04c1-424b-9868-57a2d4851a1d" relativeResultsDirectory="23623122-e8ce-4000-af8c-5e2ade851d56" />
    <UnitTestResult executionId="582dcba9-6191-4c44-8905-5073e534836b" testId="e0dee75e-73de-ddf1-427a-9aa4acb8402d" testName="CursorPhobia.Tests.ConfigurationServiceTests.LoadConfigurationAsync_WithNullOrEmptyFilePath_ReturnsDefaultConfiguration" computerName="BOX" duration="00:00:00.0010357" startTime="2025-08-08T00:25:01.0219505+10:00" endTime="2025-08-08T00:25:01.0219508+10:00" testType="13cdc9d9-ddb5-4fa4-a97d-d965ccfc6d4b" outcome="Passed" testListId="8c84fa94-04c1-424b-9868-57a2d4851a1d" relativeResultsDirectory="582dcba9-6191-4c44-8905-5073e534836b" />
    <UnitTestResult executionId="558d9d05-1a39-4972-8e23-3251465b0184" testId="a5a3da78-4b51-77ac-ae2c-fd47931f2ef7" testName="CursorPhobia.Tests.ConfigurationServiceTests.SaveConfigurationAsync_WithNullConfig_ThrowsArgumentNullException" computerName="BOX" duration="00:00:00.0013296" startTime="2025-08-08T00:25:00.9942191+10:00" endTime="2025-08-08T00:25:00.9942193+10:00" testType="13cdc9d9-ddb5-4fa4-a97d-d965ccfc6d4b" outcome="Passed" testListId="8c84fa94-04c1-424b-9868-57a2d4851a1d" relativeResultsDirectory="558d9d05-1a39-4972-8e23-3251465b0184" />
    <UnitTestResult executionId="eb7f1f59-0a3a-4670-bca2-6ec53354ec30" testId="4fae6f25-a366-2b75-5fc7-f363c82a9032" testName="CursorPhobia.Tests.SafetyManagerTests.SafetyManager_WithCustomConfiguration_UsesConfigurationSettings" computerName="BOX" duration="00:00:00.0080882" startTime="2025-08-08T00:25:00.9308527+10:00" endTime="2025-08-08T00:25:00.9308530+10:00" testType="13cdc9d9-ddb5-4fa4-a97d-d965ccfc6d4b" outcome="Passed" testListId="8c84fa94-04c1-424b-9868-57a2d4851a1d" relativeResultsDirectory="eb7f1f59-0a3a-4670-bca2-6ec53354ec30" />
    <UnitTestResult executionId="52ec5faa-89f1-48cb-9fe3-641de17a321a" testId="61cbb5e7-8147-6597-4688-ea3060c4d441" testName="CursorPhobia.Tests.ConfigurationBackupServiceTests.CreateBackupAsync_NullSourcePath_ThrowsArgumentException" computerName="BOX" duration="00:00:00.0011344" startTime="2025-08-08T00:25:01.3103037+10:00" endTime="2025-08-08T00:25:01.3103038+10:00" testType="13cdc9d9-ddb5-4fa4-a97d-d965ccfc6d4b" outcome="Passed" testListId="8c84fa94-04c1-424b-9868-57a2d4851a1d" relativeResultsDirectory="52ec5faa-89f1-48cb-9fe3-641de17a321a" />
    <UnitTestResult executionId="225a49c6-0e44-48e5-ad8b-062303cabd24" testId="19572f6e-7e9c-c709-180e-8ff9acc20e97" testName="CursorPhobia.Tests.ConfigurationBackupServiceTests.RestoreFromBackupAsync_EmptyBackupPath_ThrowsArgumentException" computerName="BOX" duration="00:00:00.0008040" startTime="2025-08-08T00:25:01.3056938+10:00" endTime="2025-08-08T00:25:01.3056940+10:00" testType="13cdc9d9-ddb5-4fa4-a97d-d965ccfc6d4b" outcome="Passed" testListId="8c84fa94-04c1-424b-9868-57a2d4851a1d" relativeResultsDirectory="225a49c6-0e44-48e5-ad8b-062303cabd24" />
    <UnitTestResult executionId="49891985-e331-4f03-a3ba-81b0a1b67b91" testId="6235484e-bb08-0b90-8131-38277d5b679d" testName="CursorPhobia.Tests.CursorTrackerTests.Constructor_WithValidConfiguration_CreatesInstanceWithConfig" computerName="BOX" duration="00:00:00.0047641" startTime="2025-08-08T00:25:00.9190916+10:00" endTime="2025-08-08T00:25:00.9190918+10:00" testType="13cdc9d9-ddb5-4fa4-a97d-d965ccfc6d4b" outcome="Passed" testListId="8c84fa94-04c1-424b-9868-57a2d4851a1d" relativeResultsDirectory="49891985-e331-4f03-a3ba-81b0a1b67b91" />
    <UnitTestResult executionId="84dd2e98-593b-483b-ae05-9c21877f2d3e" testId="6edff84c-bda3-7bbc-a7b6-340cb8a554b1" testName="CursorPhobia.Tests.ConfigurationWatcherTests.GetStatistics_InitialState_ReturnsZeroedStats" computerName="BOX" duration="00:00:00.0020678" startTime="2025-08-08T00:25:07.7734399+10:00" endTime="2025-08-08T00:25:07.7734407+10:00" testType="13cdc9d9-ddb5-4fa4-a97d-d965ccfc6d4b" outcome="Passed" testListId="8c84fa94-04c1-424b-9868-57a2d4851a1d" relativeResultsDirectory="84dd2e98-593b-483b-ae05-9c21877f2d3e" />
    <UnitTestResult executionId="3c244421-3b42-4011-8198-6e4a61c4c365" testId="a4ffd349-01b2-3fbe-5c67-5193dbee55f7" testName="CursorPhobia.Tests.Log4NetLoggingTests.Configuration_HandlesInvalidConfigPath" computerName="BOX" duration="00:00:00.0555531" startTime="2025-08-08T00:25:00.9687623+10:00" endTime="2025-08-08T00:25:00.9687625+10:00" testType="13cdc9d9-ddb5-4fa4-a97d-d965ccfc6d4b" outcome="Passed" testListId="8c84fa94-04c1-424b-9868-57a2d4851a1d" relativeResultsDirectory="3c244421-3b42-4011-8198-6e4a61c4c365" />
    <UnitTestResult executionId="84394b5a-f70b-4591-8029-b6823b0c6822" testId="5e860b1d-e602-d277-b076-913dab00cc33" testName="CursorPhobia.Tests.ProximityConfigurationTests.Validate_WithValidConfiguration_ReturnsNoErrors" computerName="BOX" duration="00:00:00.0000682" startTime="2025-08-08T00:25:00.9336160+10:00" endTime="2025-08-08T00:25:00.9336161+10:00" testType="13cdc9d9-ddb5-4fa4-a97d-d965ccfc6d4b" outcome="Passed" testListId="8c84fa94-04c1-424b-9868-57a2d4851a1d" relativeResultsDirectory="84394b5a-f70b-4591-8029-b6823b0c6822" />
    <UnitTestResult executionId="b01479c6-8ad8-40d8-84c0-7b00f2bdb095" testId="bee31d98-6669-e330-bf92-decf60b19a2f" testName="CursorPhobia.Tests.CursorPhobiaEngineTests.Constructor_WithInvalidConfiguration_ThrowsArgumentException" computerName="BOX" duration="00:00:00.0656714" startTime="2025-08-08T00:25:00.9659961+10:00" endTime="2025-08-08T00:25:00.9659961+10:00" testType="13cdc9d9-ddb5-4fa4-a97d-d965ccfc6d4b" outcome="Passed" testListId="8c84fa94-04c1-424b-9868-57a2d4851a1d" relativeResultsDirectory="b01479c6-8ad8-40d8-84c0-7b00f2bdb095" />
    <UnitTestResult executionId="4a44c4b4-2668-43cd-be7f-afb6df9d990c" testId="66dfda87-118a-d857-ed9f-af4ca13ddccd" testName="CursorPhobia.Tests.UI.SettingsViewModelTests.SettingsViewModel_Configuration_SetNewConfig_TriggersPropertyChanges" computerName="BOX" duration="00:00:00.0003098" startTime="2025-08-08T00:25:00.9320932+10:00" endTime="2025-08-08T00:25:00.9320932+10:00" testType="13cdc9d9-ddb5-4fa4-a97d-d965ccfc6d4b" outcome="Passed" testListId="8c84fa94-04c1-424b-9868-57a2d4851a1d" relativeResultsDirectory="4a44c4b4-2668-43cd-be7f-afb6df9d990c" />
    <UnitTestResult executionId="688e14c9-1037-44a2-8027-44123b204911" testId="e11684cd-2ab7-76af-7a92-dd2a4784b3dd" testName="CursorPhobia.Tests.CursorPhobiaConfigurationTests.CreatePerformanceOptimized_ReturnsValidConfiguration" computerName="BOX" duration="00:00:00.0001392" startTime="2025-08-08T00:25:00.9310134+10:00" endTime="2025-08-08T00:25:00.9310135+10:00" testType="13cdc9d9-ddb5-4fa4-a97d-d965ccfc6d4b" outcome="Passed" testListId="8c84fa94-04c1-424b-9868-57a2d4851a1d" relativeResultsDirectory="688e14c9-1037-44a2-8027-44123b204911" />
    <UnitTestResult executionId="ee78f349-8f53-4888-9750-762c7e00c304" testId="a18ee0b1-76a5-8bdd-cfc0-aa839ae94bad" testName="CursorPhobia.Tests.MonitorManagerIntegrationTests.Dispose_WithConfigurationWatcher_DisposesWatcher" computerName="BOX" duration="00:00:00.0001155" startTime="2025-08-08T00:25:00.9348798+10:00" endTime="2025-08-08T00:25:00.9348798+10:00" testType="13cdc9d9-ddb5-4fa4-a97d-d965ccfc6d4b" outcome="Passed" testListId="8c84fa94-04c1-424b-9868-57a2d4851a1d" relativeResultsDirectory="ee78f349-8f53-4888-9750-762c7e00c304" />
    <UnitTestResult executionId="94fd99aa-e959-4d29-a2a8-63aa0d61199c" testId="bcf16930-cea9-5298-73b2-9fb3a3065b4f" testName="CursorPhobia.Tests.MultiMonitorConfigurationTests.DefaultConfiguration_ShouldHaveValidSettings" computerName="BOX" duration="00:00:00.0014147" startTime="2025-08-08T00:25:00.9337438+10:00" endTime="2025-08-08T00:25:00.9337439+10:00" testType="13cdc9d9-ddb5-4fa4-a97d-d965ccfc6d4b" outcome="Passed" testListId="8c84fa94-04c1-424b-9868-57a2d4851a1d" relativeResultsDirectory="94fd99aa-e959-4d29-a2a8-63aa0d61199c" />
    <UnitTestResult executionId="8c91ed10-0342-4cbe-9488-41dd01c00a63" testId="e8b9ad7c-4633-4381-c455-a7a1fa6636ef" testName="CursorPhobia.Tests.ConfigurationWatcherTests.ConfigurationChange_TemporaryFiles_AreFiltered" computerName="BOX" duration="00:00:00.8866884" startTime="2025-08-08T00:25:02.5381453+10:00" endTime="2025-08-08T00:25:02.5381458+10:00" testType="13cdc9d9-ddb5-4fa4-a97d-d965ccfc6d4b" outcome="Passed" testListId="8c84fa94-04c1-424b-9868-57a2d4851a1d" relativeResultsDirectory="8c91ed10-0342-4cbe-9488-41dd01c00a63" />
    <UnitTestResult executionId="c2acbe1b-4adf-437c-8793-c7b6dfacd8a9" testId="7baca310-2aee-8aea-5f9c-90a48a607a26" testName="CursorPhobia.Tests.MonitorConfigurationWatcherTests.CheckForChanges_AfterDispose_ReturnsFalse" computerName="BOX" duration="00:00:00.0000795" startTime="2025-08-08T00:25:00.9912703+10:00" endTime="2025-08-08T00:25:00.9912704+10:00" testType="13cdc9d9-ddb5-4fa4-a97d-d965ccfc6d4b" outcome="Passed" testListId="8c84fa94-04c1-424b-9868-57a2d4851a1d" relativeResultsDirectory="c2acbe1b-4adf-437c-8793-c7b6dfacd8a9" />
    <UnitTestResult executionId="cbbbb3ef-099d-4aed-ae85-5abacdb9b9c4" testId="8dd3ab8a-632c-3415-bc58-fd5f45a251c9" testName="CursorPhobia.Tests.ConfigurationWatcherTests.StartWatchingAsync_NonExistentDirectory_CreatesDirectoryAndSucceeds" computerName="BOX" duration="00:00:00.0025078" startTime="2025-08-08T00:25:08.2843251+10:00" endTime="2025-08-08T00:25:08.2843253+10:00" testType="13cdc9d9-ddb5-4fa4-a97d-d965ccfc6d4b" outcome="Passed" testListId="8c84fa94-04c1-424b-9868-57a2d4851a1d" relativeResultsDirectory="cbbbb3ef-099d-4aed-ae85-5abacdb9b9c4" />
    <UnitTestResult executionId="28c861ba-01dc-43f7-8bd4-3916a6a763f5" testId="50983eb3-5b04-c472-60f8-83a077f54fd3" testName="CursorPhobia.Tests.ConfigurationHotSwapTests.UpdateConfigurationAsync_OnDisposedEngine_ReturnsFailure" computerName="BOX" duration="00:00:00.0099612" startTime="2025-08-08T00:25:00.9893989+10:00" endTime="2025-08-08T00:25:00.9893992+10:00" testType="13cdc9d9-ddb5-4fa4-a97d-d965ccfc6d4b" outcome="Passed" testListId="8c84fa94-04c1-424b-9868-57a2d4851a1d" relativeResultsDirectory="28c861ba-01dc-43f7-8bd4-3916a6a763f5" />
    <UnitTestResult executionId="30063754-a14c-4672-8303-7bebab049655" testId="772c5c14-d94d-40c5-61f8-cc4698fe79ca" testName="CursorPhobia.Tests.ConfigurationServiceTests.Constructor_WithNullLogger_ThrowsArgumentNullException" computerName="BOX" duration="00:00:00.0005616" startTime="2025-08-08T00:25:01.0123167+10:00" endTime="2025-08-08T00:25:01.0123171+10:00" testType="13cdc9d9-ddb5-4fa4-a97d-d965ccfc6d4b" outcome="Passed" testListId="8c84fa94-04c1-424b-9868-57a2d4851a1d" relativeResultsDirectory="30063754-a14c-4672-8303-7bebab049655" />
    <UnitTestResult executionId="e478d7d3-6074-476c-aa30-2aa190e40d09" testId="30b7cd74-df9c-4d45-0b82-f0a74283e120" testName="CursorPhobia.Tests.ConfigurationWatcherTests.StartWatchingAsync_InvalidDebounceDelay_ThrowsException" computerName="BOX" duration="00:00:00.0558252" startTime="2025-08-08T00:25:00.9561961+10:00" endTime="2025-08-08T00:25:00.9561964+10:00" testType="13cdc9d9-ddb5-4fa4-a97d-d965ccfc6d4b" outcome="Passed" testListId="8c84fa94-04c1-424b-9868-57a2d4851a1d" relativeResultsDirectory="e478d7d3-6074-476c-aa30-2aa190e40d09" />
    <UnitTestResult executionId="f6899c25-6b85-4429-99b0-e2b5b0fe174d" testId="46f10811-7f22-d50b-6063-e95d57bb4c35" testName="CursorPhobia.Tests.ConfigurationServiceTests.SaveConfigurationAsync_WithEmptyFilePath_ThrowsArgumentException" computerName="BOX" duration="00:00:00.0014395" startTime="2025-08-08T00:25:00.9685477+10:00" endTime="2025-08-08T00:25:00.9685482+10:00" testType="13cdc9d9-ddb5-4fa4-a97d-d965ccfc6d4b" outcome="Passed" testListId="8c84fa94-04c1-424b-9868-57a2d4851a1d" relativeResultsDirectory="f6899c25-6b85-4429-99b0-e2b5b0fe174d" />
    <UnitTestResult executionId="51fc22b6-350c-421f-9ccd-2c3de2b6c084" testId="f3268933-0e9e-83a3-c1c8-3b8f745e6cf5" testName="CursorPhobia.Tests.MonitorConfigurationWatcherTests.CheckForChanges_WithNoChanges_ReturnsFalse" computerName="BOX" duration="00:00:00.0139532" startTime="2025-08-08T00:25:00.9349315+10:00" endTime="2025-08-08T00:25:00.9349316+10:00" testType="13cdc9d9-ddb5-4fa4-a97d-d965ccfc6d4b" outcome="Passed" testListId="8c84fa94-04c1-424b-9868-57a2d4851a1d" relativeResultsDirectory="51fc22b6-350c-421f-9ccd-2c3de2b6c084" />
    <UnitTestResult executionId="0417f13f-2089-466b-95fa-73cde17f28b3" testId="5bee5ea4-023c-9f55-897d-cc32b0f158e6" testName="CursorPhobia.Tests.UI.SettingsFormTests.SettingsForm_SaveConfiguration_SavesCorrectly" computerName="BOX" duration="00:00:00.0041621" startTime="2025-08-08T00:25:00.9968354+10:00" endTime="2025-08-08T00:25:00.9968355+10:00" testType="13cdc9d9-ddb5-4fa4-a97d-d965ccfc6d4b" outcome="Passed" testListId="8c84fa94-04c1-424b-9868-57a2d4851a1d" relativeResultsDirectory="0417f13f-2089-466b-95fa-73cde17f28b3" />
    <UnitTestResult executionId="33bd5d6d-37b6-479c-8a89-c966b6805f88" testId="b799b918-3c0b-9a54-e354-eea0d31a430a" testName="CursorPhobia.Tests.MonitorConfigurationWatcherTests.Dispose_WhenMonitoring_StopsMonitoring" computerName="BOX" duration="00:00:00.0001014" startTime="2025-08-08T00:25:00.9958806+10:00" endTime="2025-08-08T00:25:00.9958807+10:00" testType="13cdc9d9-ddb5-4fa4-a97d-d965ccfc6d4b" outcome="Passed" testListId="8c84fa94-04c1-424b-9868-57a2d4851a1d" relativeResultsDirectory="33bd5d6d-37b6-479c-8a89-c966b6805f88" />
    <UnitTestResult executionId="2b5d271b-7321-4626-a59d-d7dfb9a99a09" testId="4d37ef51-21f5-66ea-6079-c6653fb2bb2f" testName="CursorPhobia.Tests.MonitorConfigurationWatcherTests.CheckForChanges_WithMonitorRepositioned_ReturnsTrueAndRaisesEvent" computerName="BOX" duration="00:00:00.0537849" startTime="2025-08-08T00:25:00.9793592+10:00" endTime="2025-08-08T00:25:00.9793593+10:00" testType="13cdc9d9-ddb5-4fa4-a97d-d965ccfc6d4b" outcome="Passed" testListId="8c84fa94-04c1-424b-9868-57a2d4851a1d" relativeResultsDirectory="2b5d271b-7321-4626-a59d-d7dfb9a99a09" />
    <UnitTestResult executionId="6dacbf45-f3e0-4f7e-9739-e76e267f3619" testId="14cf6792-41c5-37dd-37a6-567526aed4a8" testName="CursorPhobia.Tests.MonitorManagerIntegrationTests.StopMonitoring_WithConfigurationWatcher_StopsSuccessfully" computerName="BOX" duration="00:00:00.0003047" startTime="2025-08-08T00:25:01.1701138+10:00" endTime="2025-08-08T00:25:01.1701139+10:00" testType="13cdc9d9-ddb5-4fa4-a97d-d965ccfc6d4b" outcome="Passed" testListId="8c84fa94-04c1-424b-9868-57a2d4851a1d" relativeResultsDirectory="6dacbf45-f3e0-4f7e-9739-e76e267f3619" />
    <UnitTestResult executionId="78e08e4e-a3e1-45d2-99f9-77c6a4c79a30" testId="5b54aabc-a821-72c9-ee14-a176a7c985c9" testName="CursorPhobia.Tests.ConfigurationBackupServiceTests.CreateBackupAsync_NonExistentBackupDirectory_CreatesDirectory" computerName="BOX" duration="00:00:00.0050314" startTime="2025-08-08T00:25:01.3032380+10:00" endTime="2025-08-08T00:25:01.3032384+10:00" testType="13cdc9d9-ddb5-4fa4-a97d-d965ccfc6d4b" outcome="Passed" testListId="8c84fa94-04c1-424b-9868-57a2d4851a1d" relativeResultsDirectory="78e08e4e-a3e1-45d2-99f9-77c6a4c79a30" />
    <UnitTestResult executionId="4ea001b5-f989-47b0-8335-50bedde7ad9a" testId="27f20e49-3468-2de2-becd-8a6ee8dc1e07" testName="CursorPhobia.Tests.MonitorConfigurationWatcherTests.StopMonitoring_WhenNotMonitoring_DoesNotThrow" computerName="BOX" duration="00:00:00.0004308" startTime="2025-08-08T00:25:01.2489295+10:00" endTime="2025-08-08T00:25:01.2489296+10:00" testType="13cdc9d9-ddb5-4fa4-a97d-d965ccfc6d4b" outcome="Passed" testListId="8c84fa94-04c1-424b-9868-57a2d4851a1d" relativeResultsDirectory="4ea001b5-f989-47b0-8335-50bedde7ad9a" />
    <UnitTestResult executionId="981681bd-3bf9-4023-91c3-ce560e47acac" testId="d1554c65-4a61-eaa6-101b-6f7a5b6a2e81" testName="CursorPhobia.Tests.MonitorManagerIntegrationTests.OnConfigurationChange_ForwardsEvent" computerName="BOX" duration="00:00:00.0021476" startTime="2025-08-08T00:25:00.9344207+10:00" endTime="2025-08-08T00:25:00.9344208+10:00" testType="13cdc9d9-ddb5-4fa4-a97d-d965ccfc6d4b" outcome="Passed" testListId="8c84fa94-04c1-424b-9868-57a2d4851a1d" relativeResultsDirectory="981681bd-3bf9-4023-91c3-ce560e47acac" />
    <UnitTestResult executionId="0e78fe51-a602-443b-a230-72dbf36d771c" testId="acd039ba-211a-6aaf-f9ca-a9a77a7c9097" testName="CursorPhobia.Tests.ConfigurationWatcherTests.ConfigurationChange_FileCreation_IsDetected" computerName="BOX" duration="00:00:00.5088287" startTime="2025-08-08T00:25:07.2594311+10:00" endTime="2025-08-08T00:25:07.2594316+10:00" testType="13cdc9d9-ddb5-4fa4-a97d-d965ccfc6d4b" outcome="Passed" testListId="8c84fa94-04c1-424b-9868-57a2d4851a1d" relativeResultsDirectory="0e78fe51-a602-443b-a230-72dbf36d771c" />
    <UnitTestResult executionId="3d6ae2e5-1861-422e-8024-cfb8c284f410" testId="bdc8610f-5474-f0f3-0740-03e782163234" testName="CursorPhobia.Tests.MultiMonitorConfigurationTests.Validate_ValidPerMonitorSettings_ShouldReturnNoErrors" computerName="BOX" duration="00:00:00.0003511" startTime="2025-08-08T00:25:00.9343856+10:00" endTime="2025-08-08T00:25:00.9343856+10:00" testType="13cdc9d9-ddb5-4fa4-a97d-d965ccfc6d4b" outcome="Passed" testListId="8c84fa94-04c1-424b-9868-57a2d4851a1d" relativeResultsDirectory="3d6ae2e5-1861-422e-8024-cfb8c284f410" />
    <UnitTestResult executionId="e195b395-bec5-42f6-aa41-712340d1fa41" testId="caf802cb-8a5b-8359-97f5-3b0d0ed69331" testName="CursorPhobia.Tests.ProximityConfigurationTests.Validate_WithMultipleErrors_ReturnsAllErrors" computerName="BOX" duration="00:00:00.0002672" startTime="2025-08-08T00:25:00.9343219+10:00" endTime="2025-08-08T00:25:00.9343220+10:00" testType="13cdc9d9-ddb5-4fa4-a97d-d965ccfc6d4b" outcome="Passed" testListId="8c84fa94-04c1-424b-9868-57a2d4851a1d" relativeResultsDirectory="e195b395-bec5-42f6-aa41-712340d1fa41" />
    <UnitTestResult executionId="e7788594-83ce-4db3-9035-fb6b8278334c" testId="114155b5-a99e-f30d-1a92-0732c2182b90" testName="CursorPhobia.Tests.CursorPhobiaConfigurationTests.Validate_WithInvalidUpdateInterval_ReturnsError(interval: 100, expectedError: &quot;UpdateIntervalMs cannot be greater than MaxUpdateI&quot;...)" computerName="BOX" duration="00:00:00.0001499" startTime="2025-08-08T00:25:00.9321764+10:00" endTime="2025-08-08T00:25:00.9321765+10:00" testType="13cdc9d9-ddb5-4fa4-a97d-d965ccfc6d4b" outcome="Passed" testListId="8c84fa94-04c1-424b-9868-57a2d4851a1d" relativeResultsDirectory="e7788594-83ce-4db3-9035-fb6b8278334c" />
    <UnitTestResult executionId="f1a847f5-e512-4409-9a43-6c72cf94aff6" testId="b7d10294-7a29-cc1a-4a10-b372eeae26a8" testName="CursorPhobia.Tests.ConfigurationServiceTests.SaveConfigurationAsync_WithInvalidPathCharacters_ThrowsArgumentException" computerName="BOX" duration="00:00:00.0014488" startTime="2025-08-08T00:25:01.0171181+10:00" endTime="2025-08-08T00:25:01.0171183+10:00" testType="13cdc9d9-ddb5-4fa4-a97d-d965ccfc6d4b" outcome="Passed" testListId="8c84fa94-04c1-424b-9868-57a2d4851a1d" relativeResultsDirectory="f1a847f5-e512-4409-9a43-6c72cf94aff6" />
    <UnitTestResult executionId="f32bb8cf-671b-423f-b8d1-8b07b93fee0a" testId="4e10fb34-811c-3d74-ab82-843f5fb0ac91" testName="CursorPhobia.Tests.ConfigurationBackupServiceTests.GetBackupFileName_ValidBackupNumber_ReturnsCorrectFormat" computerName="BOX" duration="00:00:00.0010573" startTime="2025-08-08T00:25:01.1898921+10:00" endTime="2025-08-08T00:25:01.1898922+10:00" testType="13cdc9d9-ddb5-4fa4-a97d-d965ccfc6d4b" outcome="Passed" testListId="8c84fa94-04c1-424b-9868-57a2d4851a1d" relativeResultsDirectory="f32bb8cf-671b-423f-b8d1-8b07b93fee0a" />
    <UnitTestResult executionId="b7a89c3a-2c36-48a1-a0b2-3dac4b927577" testId="bf4251d8-3d93-5471-9758-db7bcb3b4aa8" testName="CursorPhobia.Tests.ConfigurationBackupServiceTests.CleanupOldBackupsAsync_ZeroMaxBackups_ThrowsArgumentException" computerName="BOX" duration="00:00:00.0007513" startTime="2025-08-08T00:25:01.3117623+10:00" endTime="2025-08-08T00:25:01.3117624+10:00" testType="13cdc9d9-ddb5-4fa4-a97d-d965ccfc6d4b" outcome="Passed" testListId="8c84fa94-04c1-424b-9868-57a2d4851a1d" relativeResultsDirectory="b7a89c3a-2c36-48a1-a0b2-3dac4b927577" />
    <UnitTestResult executionId="6c477643-41bc-429f-9b50-0d2ec8c00c86" testId="61506c61-3119-75a1-f2da-ba83f6151b2e" testName="CursorPhobia.Tests.Log4NetLoggingTests.LoggingConfiguration_SupportsProviderSelection" computerName="BOX" duration="00:00:00.1526108" startTime="2025-08-08T00:25:01.1214781+10:00" endTime="2025-08-08T00:25:01.1214785+10:00" testType="13cdc9d9-ddb5-4fa4-a97d-d965ccfc6d4b" outcome="Passed" testListId="8c84fa94-04c1-424b-9868-57a2d4851a1d" relativeResultsDirectory="6c477643-41bc-429f-9b50-0d2ec8c00c86" />
    <UnitTestResult executionId="5a5b1f1f-6b11-466b-8bcb-49c5047ac68b" testId="250cf536-2be5-a0c4-81b9-23e79f26ac84" testName="CursorPhobia.Tests.PerMonitorIntegrationTests.PerMonitorConfigurationManager_HandlesMixedDpiScenario" computerName="BOX" duration="00:00:00.0024171" startTime="2025-08-08T00:25:00.9886457+10:00" endTime="2025-08-08T00:25:00.9886457+10:00" testType="13cdc9d9-ddb5-4fa4-a97d-d965ccfc6d4b" outcome="Passed" testListId="8c84fa94-04c1-424b-9868-57a2d4851a1d" relativeResultsDirectory="5a5b1f1f-6b11-466b-8bcb-49c5047ac68b" />
    <UnitTestResult executionId="57f6e67d-c313-4b13-90c7-cb0e2debb662" testId="a1eaf265-9012-e400-57dd-41a39d916926" testName="CursorPhobia.Tests.ConfigurationWatcherTests.Dispose_WhenWatching_StopsWatchingGracefully" computerName="BOX" duration="00:00:00.0020450" startTime="2025-08-08T00:25:02.5403831+10:00" endTime="2025-08-08T00:25:02.5403834+10:00" testType="13cdc9d9-ddb5-4fa4-a97d-d965ccfc6d4b" outcome="Passed" testListId="8c84fa94-04c1-424b-9868-57a2d4851a1d" relativeResultsDirectory="57f6e67d-c313-4b13-90c7-cb0e2debb662" />
    <UnitTestResult executionId="6d0df2d7-29ae-4fc6-be89-ae879e0b13fa" testId="dde6bd31-1b47-6865-f1dd-76532060cc5a" testName="CursorPhobia.Tests.ConfigurationBackupServiceTests.CreateBackupAsync_MultipleBackups_RotatesCorrectly" computerName="BOX" duration="00:00:00.0070297" startTime="2025-08-08T00:25:01.2947563+10:00" endTime="2025-08-08T00:25:01.2947567+10:00" testType="13cdc9d9-ddb5-4fa4-a97d-d965ccfc6d4b" outcome="Passed" testListId="8c84fa94-04c1-424b-9868-57a2d4851a1d" relativeResultsDirectory="6d0df2d7-29ae-4fc6-be89-ae879e0b13fa" />
    <UnitTestResult executionId="72bcd516-7a62-4ce1-9525-fbdcc8729aad" testId="686f6f7c-441f-7637-891a-516b82df71e7" testName="CursorPhobia.Tests.SafetyManagerTests.Constructor_WithInvalidConfiguration_ThrowsArgumentException" computerName="BOX" duration="00:00:00.0003417" startTime="2025-08-08T00:25:00.9314678+10:00" endTime="2025-08-08T00:25:00.9314680+10:00" testType="13cdc9d9-ddb5-4fa4-a97d-d965ccfc6d4b" outcome="Passed" testListId="8c84fa94-04c1-424b-9868-57a2d4851a1d" relativeResultsDirectory="72bcd516-7a62-4ce1-9525-fbdcc8729aad" />
    <UnitTestResult executionId="7f095de6-7205-406f-a759-5322104e9881" testId="24de4f03-b88d-7be2-76f6-71f030cd783e" testName="CursorPhobia.Tests.ConfigurationBackupServiceTests.CleanupOldBackupsAsync_FewerBackupsThanLimit_NoCleanup" computerName="BOX" duration="00:00:00.0029885" startTime="2025-08-08T00:25:01.3203236+10:00" endTime="2025-08-08T00:25:01.3203240+10:00" testType="13cdc9d9-ddb5-4fa4-a97d-d965ccfc6d4b" outcome="Passed" testListId="8c84fa94-04c1-424b-9868-57a2d4851a1d" relativeResultsDirectory="7f095de6-7205-406f-a759-5322104e9881" />
    <UnitTestResult executionId="e559cfad-2a3b-479c-9f98-c6ef1f00aaf4" testId="c688ca04-4597-8831-2183-16645a5b8fc6" testName="CursorPhobia.Tests.ConfigurationHotSwapTests.UpdateConfigurationAsync_WithInvalidConfiguration_ReturnsValidationFailure" computerName="BOX" duration="00:00:00.0007094" startTime="2025-08-08T00:25:00.9732002+10:00" endTime="2025-08-08T00:25:00.9732003+10:00" testType="13cdc9d9-ddb5-4fa4-a97d-d965ccfc6d4b" outcome="Passed" testListId="8c84fa94-04c1-424b-9868-57a2d4851a1d" relativeResultsDirectory="e559cfad-2a3b-479c-9f98-c6ef1f00aaf4" />
    <UnitTestResult executionId="c6acb2f4-00f7-413c-a642-97895203a5e1" testId="d9bd4c86-163d-90ae-ac92-aa43c1be9788" testName="CursorPhobia.Tests.MonitorManagerIntegrationTests.OnConfigurationChange_InvalidatesCache" computerName="BOX" duration="00:00:00.0103468" startTime="2025-08-08T00:25:00.9330948+10:00" endTime="2025-08-08T00:25:00.9330949+10:00" testType="13cdc9d9-ddb5-4fa4-a97d-d965ccfc6d4b" outcome="Passed" testListId="8c84fa94-04c1-424b-9868-57a2d4851a1d" relativeResultsDirectory="c6acb2f4-00f7-413c-a642-97895203a5e1" />
    <UnitTestResult executionId="fab3db02-3e0a-401a-b9d8-76d03eeb4a4e" testId="604c0522-1420-b03e-df26-a9fb33ed33a5" testName="CursorPhobia.Tests.CursorPhobiaConfigurationTests.PropertySetters_WithValidValues_UpdateCorrectly" computerName="BOX" duration="00:00:00.0016322" startTime="2025-08-08T00:25:00.9342833+10:00" endTime="2025-08-08T00:25:00.9342834+10:00" testType="13cdc9d9-ddb5-4fa4-a97d-d965ccfc6d4b" outcome="Passed" testListId="8c84fa94-04c1-424b-9868-57a2d4851a1d" relativeResultsDirectory="fab3db02-3e0a-401a-b9d8-76d03eeb4a4e" />
    <UnitTestResult executionId="2bbad085-8bed-4748-bb9f-17aeb78e8fb3" testId="c117cb84-39da-8b2e-f12e-3ec19e5f9baf" testName="CursorPhobia.Tests.ConfigurationBackupServiceTests.GetBackupFileName_NegativeBackupNumber_ThrowsArgumentException" computerName="BOX" duration="00:00:00.0005494" startTime="2025-08-08T00:25:01.3109545+10:00" endTime="2025-08-08T00:25:01.3109549+10:00" testType="13cdc9d9-ddb5-4fa4-a97d-d965ccfc6d4b" outcome="Passed" testListId="8c84fa94-04c1-424b-9868-57a2d4851a1d" relativeResultsDirectory="2bbad085-8bed-4748-bb9f-17aeb78e8fb3" />
    <UnitTestResult executionId="5cb67510-a54c-465c-9965-0aaf5e220d06" testId="bb3fb9dc-6064-4ac1-95a7-1454d7295a45" testName="CursorPhobia.Tests.ConfigurationServiceTests.GetDefaultConfiguration_ReturnsValidConfiguration" computerName="BOX" duration="00:00:00.0007690" startTime="2025-08-08T00:25:01.0116939+10:00" endTime="2025-08-08T00:25:01.0116942+10:00" testType="13cdc9d9-ddb5-4fa4-a97d-d965ccfc6d4b" outcome="Passed" testListId="8c84fa94-04c1-424b-9868-57a2d4851a1d" relativeResultsDirectory="5cb67510-a54c-465c-9965-0aaf5e220d06" />
    <UnitTestResult executionId="873d8e1b-27b9-47be-851d-320335cf97e9" testId="30374f3b-dd03-1b3f-3bcb-43f4efb0a811" testName="CursorPhobia.Tests.CursorPhobiaConfigurationTests.Validate_WithInvalidProximityThreshold_ReturnsError(threshold: 600, expectedError: &quot;ProximityThreshold should not exceed 500 pixels fo&quot;...)" computerName="BOX" duration="00:00:00.0000768" startTime="2025-08-08T00:25:00.9315472+10:00" endTime="2025-08-08T00:25:00.9315472+10:00" testType="13cdc9d9-ddb5-4fa4-a97d-d965ccfc6d4b" outcome="Passed" testListId="8c84fa94-04c1-424b-9868-57a2d4851a1d" relativeResultsDirectory="873d8e1b-27b9-47be-851d-320335cf97e9" />
    <UnitTestResult executionId="b7a41c24-b278-4041-b6b9-8add565f8747" testId="46c9143d-d2dd-4280-a684-5f4b848f97cf" testName="CursorPhobia.Tests.ConfigurationBackupServiceTests.Constructor_WithNullLogger_ThrowsArgumentNullException" computerName="BOX" duration="00:00:00.0005548" startTime="2025-08-08T00:25:01.3138582+10:00" endTime="2025-08-08T00:25:01.3138584+10:00" testType="13cdc9d9-ddb5-4fa4-a97d-d965ccfc6d4b" outcome="Passed" testListId="8c84fa94-04c1-424b-9868-57a2d4851a1d" relativeResultsDirectory="b7a41c24-b278-4041-b6b9-8add565f8747" />
    <UnitTestResult executionId="17d35856-4e3a-4bdc-906a-cc3ad534bdaa" testId="6118e0c7-d5c0-9e38-9303-cd96eb39880a" testName="CursorPhobia.Tests.MonitorConfigurationWatcherTests.MonitorChangeEventArgs_Constructor_WithNullPrevious_ThrowsArgumentNullException" computerName="BOX" duration="00:00:00.0006015" startTime="2025-08-08T00:25:01.0579993+10:00" endTime="2025-08-08T00:25:01.0579993+10:00" testType="13cdc9d9-ddb5-4fa4-a97d-d965ccfc6d4b" outcome="Passed" testListId="8c84fa94-04c1-424b-9868-57a2d4851a1d" relativeResultsDirectory="17d35856-4e3a-4bdc-906a-cc3ad534bdaa" />
    <UnitTestResult executionId="db2a0211-bb44-47ba-baac-42de7a74e343" testId="c671fc15-bef7-3566-db55-3dd22fdf913a" testName="CursorPhobia.Tests.MonitorManagerIntegrationTests.ConfigurationChange_ConcurrentWithGetAllMonitors_ThreadSafe" computerName="BOX" duration="00:00:00.2526266" startTime="2025-08-08T00:25:01.1689703+10:00" endTime="2025-08-08T00:25:01.1689712+10:00" testType="13cdc9d9-ddb5-4fa4-a97d-d965ccfc6d4b" outcome="Passed" testListId="8c84fa94-04c1-424b-9868-57a2d4851a1d" relativeResultsDirectory="db2a0211-bb44-47ba-baac-42de7a74e343" />
    <UnitTestResult executionId="446cb692-d7c5-4f4e-86f9-af9813f34e83" testId="2d31c52b-563d-c6de-6554-ce767e591b05" testName="CursorPhobia.Tests.ConfigurationBackupServiceTests.GetBackupFileName_MultipleBackupNumbers_ReturnsCorrectFormats" computerName="BOX" duration="00:00:00.0004720" startTime="2025-08-08T00:25:01.3163667+10:00" endTime="2025-08-08T00:25:01.3163669+10:00" testType="13cdc9d9-ddb5-4fa4-a97d-d965ccfc6d4b" outcome="Passed" testListId="8c84fa94-04c1-424b-9868-57a2d4851a1d" relativeResultsDirectory="446cb692-d7c5-4f4e-86f9-af9813f34e83" />
    <UnitTestResult executionId="370e7018-5eb7-44a6-a3cd-7002b9fb5a79" testId="f298c68e-b382-e991-fef4-a0cae70c7f9a" testName="CursorPhobia.Tests.ConfigurationWatcherTests.ConfigurationChange_DuringFileWrite_HandlesFileLocking" computerName="BOX" duration="00:00:01.2202290" startTime="2025-08-08T00:25:04.6851982+10:00" endTime="2025-08-08T00:25:04.6851986+10:00" testType="13cdc9d9-ddb5-4fa4-a97d-d965ccfc6d4b" outcome="Passed" testListId="8c84fa94-04c1-424b-9868-57a2d4851a1d" relativeResultsDirectory="370e7018-5eb7-44a6-a3cd-7002b9fb5a79" />
    <UnitTestResult executionId="2a800fd3-096b-422d-b8ce-0803ffdb4cbf" testId="505a53aa-86ae-2d2f-7463-774faaefffdc" testName="CursorPhobia.Tests.ConfigurationBackupServiceTests.GetAvailableBackupsAsync_NonExistentDirectory_ReturnsEmptyArray" computerName="BOX" duration="00:00:00.0007725" startTime="2025-08-08T00:25:01.3171842+10:00" endTime="2025-08-08T00:25:01.3171843+10:00" testType="13cdc9d9-ddb5-4fa4-a97d-d965ccfc6d4b" outcome="Passed" testListId="8c84fa94-04c1-424b-9868-57a2d4851a1d" relativeResultsDirectory="2a800fd3-096b-422d-b8ce-0803ffdb4cbf" />
    <UnitTestResult executionId="22770433-f094-4171-969d-287df216833b" testId="0fc1b323-b092-5271-cd8d-1ebca933b540" testName="CursorPhobia.Tests.PerMonitorIntegrationTests.PerMonitorSettingsMigrator_MigratesSettings_WhenMonitorConfigurationChanges" computerName="BOX" duration="00:00:00.0620710" startTime="2025-08-08T00:25:00.9624648+10:00" endTime="2025-08-08T00:25:00.9624653+10:00" testType="13cdc9d9-ddb5-4fa4-a97d-d965ccfc6d4b" outcome="Passed" testListId="8c84fa94-04c1-424b-9868-57a2d4851a1d" relativeResultsDirectory="22770433-f094-4171-969d-287df216833b" />
    <UnitTestResult executionId="54b43407-ff26-4038-ab1e-a8ec7f4cec21" testId="79a87f84-79f2-83a1-a9c5-ed616ed9fcdd" testName="CursorPhobia.Tests.MonitorConfigurationWatcherTests.Constructor_WithValidDependencies_CreatesInstance" computerName="BOX" duration="00:00:00.0049195" startTime="2025-08-08T00:25:00.9287164+10:00" endTime="2025-08-08T00:25:00.9287165+10:00" testType="13cdc9d9-ddb5-4fa4-a97d-d965ccfc6d4b" outcome="Passed" testListId="8c84fa94-04c1-424b-9868-57a2d4851a1d" relativeResultsDirectory="54b43407-ff26-4038-ab1e-a8ec7f4cec21" />
    <UnitTestResult executionId="dac65d68-8cb5-401c-b124-fa5efdc3a70c" testId="8d712c93-7839-c99e-5f89-46744158ea14" testName="CursorPhobia.Tests.ConfigurationWatcherTests.StartWatchingAsync_AfterDisposal_ReturnsFalse" computerName="BOX" duration="00:00:00.0013722" startTime="2025-08-08T00:25:06.7486929+10:00" endTime="2025-08-08T00:25:06.7486931+10:00" testType="13cdc9d9-ddb5-4fa4-a97d-d965ccfc6d4b" outcome="Passed" testListId="8c84fa94-04c1-424b-9868-57a2d4851a1d" relativeResultsDirectory="dac65d68-8cb5-401c-b124-fa5efdc3a70c" />
    <UnitTestResult executionId="f53dd061-d342-4450-b326-0578f83997b4" testId="0020fad9-706f-c089-f22f-234dd3a910d2" testName="CursorPhobia.Tests.CursorPhobiaConfigurationTests.Validate_WithInvalidAnimationDuration_ReturnsError(duration: 2500, expectedError: &quot;AnimationDurationMs should not exceed 2000ms for u&quot;...)" computerName="BOX" duration="00:00:00.0001319" startTime="2025-08-08T00:25:00.9325861+10:00" endTime="2025-08-08T00:25:00.9325861+10:00" testType="13cdc9d9-ddb5-4fa4-a97d-d965ccfc6d4b" outcome="Passed" testListId="8c84fa94-04c1-424b-9868-57a2d4851a1d" relativeResultsDirectory="f53dd061-d342-4450-b326-0578f83997b4" />
    <UnitTestResult executionId="e192abc9-bfa2-4722-a40c-5aba5fb60e0e" testId="b2cf5539-208b-2666-33c8-651e635ae308" testName="CursorPhobia.Tests.CursorTrackerTests.CursorTracker_WithDifferentConfigurations_CreatesSuccessfully" computerName="BOX" duration="00:00:00.0007394" startTime="2025-08-08T00:25:00.9315055+10:00" endTime="2025-08-08T00:25:00.9315061+10:00" testType="13cdc9d9-ddb5-4fa4-a97d-d965ccfc6d4b" outcome="Passed" testListId="8c84fa94-04c1-424b-9868-57a2d4851a1d" relativeResultsDirectory="e192abc9-bfa2-4722-a40c-5aba5fb60e0e" />
    <UnitTestResult executionId="32a602ab-19d9-43bb-8108-b33bf4bbaaad" testId="35426d41-99ca-6107-4ea2-a29fdd00a609" testName="CursorPhobia.Tests.MonitorManagerIntegrationTests.Constructor_WithConfigurationWatcher_CreatesInstance" computerName="BOX" duration="00:00:00.0001805" startTime="2025-08-08T00:25:01.1703319+10:00" endTime="2025-08-08T00:25:01.1703319+10:00" testType="13cdc9d9-ddb5-4fa4-a97d-d965ccfc6d4b" outcome="Passed" testListId="8c84fa94-04c1-424b-9868-57a2d4851a1d" relativeResultsDirectory="32a602ab-19d9-43bb-8108-b33bf4bbaaad" />
    <UnitTestResult executionId="8b25e730-818b-4cfd-ba31-6f25dc2c1b42" testId="e4c4a38e-011b-8578-a237-5132b7f3698e" testName="CursorPhobia.Tests.ConfigurationBackupServiceTests.CreateBackupAsync_EmptySourcePath_ThrowsArgumentException" computerName="BOX" duration="00:00:00.0009628" startTime="2025-08-08T00:25:01.0307892+10:00" endTime="2025-08-08T00:25:01.0307893+10:00" testType="13cdc9d9-ddb5-4fa4-a97d-d965ccfc6d4b" outcome="Passed" testListId="8c84fa94-04c1-424b-9868-57a2d4851a1d" relativeResultsDirectory="8b25e730-818b-4cfd-ba31-6f25dc2c1b42" />
    <UnitTestResult executionId="fb34c01d-5062-4a28-b9e7-9cbe20440124" testId="888e9330-1dfa-63fd-ae9b-5702d43db98b" testName="CursorPhobia.Tests.ProximityConfigurationTests.Algorithm_PropertySetter_UpdatesCorrectly(algorithm: NearestEdgeDistance)" computerName="BOX" duration="00:00:00.0001350" startTime="2025-08-08T00:25:00.9335465+10:00" endTime="2025-08-08T00:25:00.9335466+10:00" testType="13cdc9d9-ddb5-4fa4-a97d-d965ccfc6d4b" outcome="Passed" testListId="8c84fa94-04c1-424b-9868-57a2d4851a1d" relativeResultsDirectory="fb34c01d-5062-4a28-b9e7-9cbe20440124" />
    <UnitTestResult executionId="cfe2dc88-1d6e-4929-9c17-84a105c39a32" testId="6fa88b53-98a8-4774-5326-23c4bc75afbd" testName="CursorPhobia.Tests.ConfigurationHotSwapTests.ConfigurationUpdateResult_ValidationFailure_CreatesValidationFailedResult" computerName="BOX" duration="00:00:00.0003019" startTime="2025-08-08T00:25:00.9913509+10:00" endTime="2025-08-08T00:25:00.9913509+10:00" testType="13cdc9d9-ddb5-4fa4-a97d-d965ccfc6d4b" outcome="Passed" testListId="8c84fa94-04c1-424b-9868-57a2d4851a1d" relativeResultsDirectory="cfe2dc88-1d6e-4929-9c17-84a105c39a32" />
    <UnitTestResult executionId="dd837203-8ae8-4b7f-981e-fc505b1a93a0" testId="a4b22db4-580f-0559-ad52-86bf6b3437d6" testName="CursorPhobia.Tests.ConfigurationBackupServiceTests.RestoreFromBackupAsync_NullBackupPath_ThrowsArgumentException" computerName="BOX" duration="00:00:00.0010297" startTime="2025-08-08T00:25:01.2025408+10:00" endTime="2025-08-08T00:25:01.2025410+10:00" testType="13cdc9d9-ddb5-4fa4-a97d-d965ccfc6d4b" outcome="Passed" testListId="8c84fa94-04c1-424b-9868-57a2d4851a1d" relativeResultsDirectory="dd837203-8ae8-4b7f-981e-fc505b1a93a0" />
    <UnitTestResult executionId="ac277099-7436-448a-b2c1-9ad0f0b98f01" testId="22047f6d-2c54-e941-b6de-4f01f24b11fd" testName="CursorPhobia.Tests.ConfigurationHotSwapTests.UpdateConfigurationAsync_WithHotSwappableChanges_AppliesChangesImmediately" computerName="BOX" duration="00:00:00.0008750" startTime="2025-08-08T00:25:00.9929278+10:00" endTime="2025-08-08T00:25:00.9929279+10:00" testType="13cdc9d9-ddb5-4fa4-a97d-d965ccfc6d4b" outcome="Passed" testListId="8c84fa94-04c1-424b-9868-57a2d4851a1d" relativeResultsDirectory="ac277099-7436-448a-b2c1-9ad0f0b98f01" />
  </Results>
  <TestDefinitions>
    <UnitTest name="CursorPhobia.Tests.ConfigurationWatcherTests.ConfigurationChange_LargeFile_IsProcessedCorrectly" storage="x:\coding\cursorphobia\tests\bin\debug\net8.0-windows\cursorphobia.tests.dll" id="32c00ce1-1bbb-ff61-e4ce-6bcfad67e5bc">
      <Execution id="e2ba86a6-e8fd-4c66-b500-9687cce2fbd0" />
      <TestMethod codeBase="X:\coding\CursorPhobia\tests\bin\Debug\net8.0-windows\CursorPhobia.Tests.dll" adapterTypeName="executor://xunit/VsTestRunner2/netcoreapp" className="CursorPhobia.Tests.ConfigurationWatcherTests" name="ConfigurationChange_LargeFile_IsProcessedCorrectly" />
    </UnitTest>
    <UnitTest name="CursorPhobia.Tests.CursorPhobiaEngineTests.Constructor_WithInvalidConfiguration_ThrowsArgumentException" storage="x:\coding\cursorphobia\tests\bin\debug\net8.0-windows\cursorphobia.tests.dll" id="bee31d98-6669-e330-bf92-decf60b19a2f">
      <Execution id="b01479c6-8ad8-40d8-84c0-7b00f2bdb095" />
      <TestMethod codeBase="X:\coding\CursorPhobia\tests\bin\Debug\net8.0-windows\CursorPhobia.Tests.dll" adapterTypeName="executor://xunit/VsTestRunner2/netcoreapp" className="CursorPhobia.Tests.CursorPhobiaEngineTests" name="Constructor_WithInvalidConfiguration_ThrowsArgumentException" />
    </UnitTest>
    <UnitTest name="CursorPhobia.Tests.ConfigurationServiceTests.Constructor_WithNullLogger_ThrowsArgumentNullException" storage="x:\coding\cursorphobia\tests\bin\debug\net8.0-windows\cursorphobia.tests.dll" id="772c5c14-d94d-40c5-61f8-cc4698fe79ca">
      <Execution id="30063754-a14c-4672-8303-7bebab049655" />
      <TestMethod codeBase="X:\coding\CursorPhobia\tests\bin\Debug\net8.0-windows\CursorPhobia.Tests.dll" adapterTypeName="executor://xunit/VsTestRunner2/netcoreapp" className="CursorPhobia.Tests.ConfigurationServiceTests" name="Constructor_WithNullLogger_ThrowsArgumentNullException" />
    </UnitTest>
    <UnitTest name="CursorPhobia.Tests.MonitorConfigurationWatcherTests.CheckForChanges_WithMonitorAdded_ReturnsTrueAndRaisesEvent" storage="x:\coding\cursorphobia\tests\bin\debug\net8.0-windows\cursorphobia.tests.dll" id="6906eeb4-a6a3-e4a8-693e-36a9d482e4de">
      <Execution id="55878033-c795-44ac-92d8-f3db5f2860f1" />
      <TestMethod codeBase="X:\coding\CursorPhobia\tests\bin\Debug\net8.0-windows\CursorPhobia.Tests.dll" adapterTypeName="executor://xunit/VsTestRunner2/netcoreapp" className="CursorPhobia.Tests.MonitorConfigurationWatcherTests" name="CheckForChanges_WithMonitorAdded_ReturnsTrueAndRaisesEvent" />
    </UnitTest>
    <UnitTest name="CursorPhobia.Tests.ConfigurationBackupServiceTests.GetAvailableBackupsAsync_NullDirectory_ThrowsArgumentException" storage="x:\coding\cursorphobia\tests\bin\debug\net8.0-windows\cursorphobia.tests.dll" id="aa49de14-5a22-2d35-3da8-8ef4622affb1">
      <Execution id="c04135df-e6ef-44b3-b083-4f9dfad13453" />
      <TestMethod codeBase="X:\coding\CursorPhobia\tests\bin\Debug\net8.0-windows\CursorPhobia.Tests.dll" adapterTypeName="executor://xunit/VsTestRunner2/netcoreapp" className="CursorPhobia.Tests.ConfigurationBackupServiceTests" name="GetAvailableBackupsAsync_NullDirectory_ThrowsArgumentException" />
    </UnitTest>
    <UnitTest name="CursorPhobia.Tests.MonitorConfigurationWatcherTests.Constructor_WithValidDependencies_CreatesInstance" storage="x:\coding\cursorphobia\tests\bin\debug\net8.0-windows\cursorphobia.tests.dll" id="79a87f84-79f2-83a1-a9c5-ed616ed9fcdd">
      <Execution id="54b43407-ff26-4038-ab1e-a8ec7f4cec21" />
      <TestMethod codeBase="X:\coding\CursorPhobia\tests\bin\Debug\net8.0-windows\CursorPhobia.Tests.dll" adapterTypeName="executor://xunit/VsTestRunner2/netcoreapp" className="CursorPhobia.Tests.MonitorConfigurationWatcherTests" name="Constructor_WithValidDependencies_CreatesInstance" />
    </UnitTest>
    <UnitTest name="CursorPhobia.Tests.ConfigurationBackupServiceTests.Constructor_WithNullLogger_ThrowsArgumentNullException" storage="x:\coding\cursorphobia\tests\bin\debug\net8.0-windows\cursorphobia.tests.dll" id="46c9143d-d2dd-4280-a684-5f4b848f97cf">
      <Execution id="b7a41c24-b278-4041-b6b9-8add565f8747" />
      <TestMethod codeBase="X:\coding\CursorPhobia\tests\bin\Debug\net8.0-windows\CursorPhobia.Tests.dll" adapterTypeName="executor://xunit/VsTestRunner2/netcoreapp" className="CursorPhobia.Tests.ConfigurationBackupServiceTests" name="Constructor_WithNullLogger_ThrowsArgumentNullException" />
    </UnitTest>
    <UnitTest name="CursorPhobia.Tests.ConfigurationWatcherTests.ConfigurationChange_NonTargetFiles_AreFiltered" storage="x:\coding\cursorphobia\tests\bin\debug\net8.0-windows\cursorphobia.tests.dll" id="6aafe46f-c504-1f80-3c5d-1369451dc79f">
      <Execution id="8042f006-b3b5-4497-961f-4a8d5b875799" />
      <TestMethod codeBase="X:\coding\CursorPhobia\tests\bin\Debug\net8.0-windows\CursorPhobia.Tests.dll" adapterTypeName="executor://xunit/VsTestRunner2/netcoreapp" className="CursorPhobia.Tests.ConfigurationWatcherTests" name="ConfigurationChange_NonTargetFiles_AreFiltered" />
    </UnitTest>
    <UnitTest name="CursorPhobia.Tests.CursorTrackerTests.Constructor_WithValidConfiguration_CreatesInstanceWithConfig" storage="x:\coding\cursorphobia\tests\bin\debug\net8.0-windows\cursorphobia.tests.dll" id="6235484e-bb08-0b90-8131-38277d5b679d">
      <Execution id="49891985-e331-4f03-a3ba-81b0a1b67b91" />
      <TestMethod codeBase="X:\coding\CursorPhobia\tests\bin\Debug\net8.0-windows\CursorPhobia.Tests.dll" adapterTypeName="executor://xunit/VsTestRunner2/netcoreapp" className="CursorPhobia.Tests.CursorTrackerTests" name="Constructor_WithValidConfiguration_CreatesInstanceWithConfig" />
    </UnitTest>
    <UnitTest name="CursorPhobia.Tests.MonitorConfigurationWatcherTests.MonitorChangeEventArgs_GetModifiedMonitors_ReturnsCorrectMonitors" storage="x:\coding\cursorphobia\tests\bin\debug\net8.0-windows\cursorphobia.tests.dll" id="4c985c21-b63d-d6e0-04fb-c5513f13ac8d">
      <Execution id="6d042dd3-2e09-47a3-a8b9-6504cee01124" />
      <TestMethod codeBase="X:\coding\CursorPhobia\tests\bin\Debug\net8.0-windows\CursorPhobia.Tests.dll" adapterTypeName="executor://xunit/VsTestRunner2/netcoreapp" className="CursorPhobia.Tests.MonitorConfigurationWatcherTests" name="MonitorChangeEventArgs_GetModifiedMonitors_ReturnsCorrectMonitors" />
    </UnitTest>
    <UnitTest name="CursorPhobia.Tests.CursorPhobiaConfigurationTests.Validate_WithInvalidProximityThreshold_ReturnsError(threshold: -1, expectedError: &quot;ProximityThreshold must be greater than 0&quot;)" storage="x:\coding\cursorphobia\tests\bin\debug\net8.0-windows\cursorphobia.tests.dll" id="9a5d2353-a841-e7f2-bbca-08684828bede">
      <Execution id="d2968d76-0a19-45ab-b020-fa99531f5f36" />
      <TestMethod codeBase="X:\coding\CursorPhobia\tests\bin\Debug\net8.0-windows\CursorPhobia.Tests.dll" adapterTypeName="executor://xunit/VsTestRunner2/netcoreapp" className="CursorPhobia.Tests.CursorPhobiaConfigurationTests" name="Validate_WithInvalidProximityThreshold_ReturnsError" />
    </UnitTest>
    <UnitTest name="CursorPhobia.Tests.UI.SettingsViewModelTests.SettingsViewModel_ValidateConfiguration_ReturnsConfigurationErrors" storage="x:\coding\cursorphobia\tests\bin\debug\net8.0-windows\cursorphobia.tests.dll" id="54964d70-def8-5ded-90af-0d7d6fa7de38">
      <Execution id="e02c3450-d100-4b0b-9908-717f98cd05bc" />
      <TestMethod codeBase="X:\coding\CursorPhobia\tests\bin\Debug\net8.0-windows\CursorPhobia.Tests.dll" adapterTypeName="executor://xunit/VsTestRunner2/netcoreapp" className="CursorPhobia.Tests.UI.SettingsViewModelTests" name="SettingsViewModel_ValidateConfiguration_ReturnsConfigurationErrors" />
    </UnitTest>
    <UnitTest name="CursorPhobia.Tests.MonitorConfigurationWatcherTests.MonitorChangeEventArgs_Constructor_WithNullPrevious_ThrowsArgumentNullException" storage="x:\coding\cursorphobia\tests\bin\debug\net8.0-windows\cursorphobia.tests.dll" id="6118e0c7-d5c0-9e38-9303-cd96eb39880a">
      <Execution id="17d35856-4e3a-4bdc-906a-cc3ad534bdaa" />
      <TestMethod codeBase="X:\coding\CursorPhobia\tests\bin\Debug\net8.0-windows\CursorPhobia.Tests.dll" adapterTypeName="executor://xunit/VsTestRunner2/netcoreapp" className="CursorPhobia.Tests.MonitorConfigurationWatcherTests" name="MonitorChangeEventArgs_Constructor_WithNullPrevious_ThrowsArgumentNullException" />
    </UnitTest>
    <UnitTest name="CursorPhobia.Tests.ConfigurationBackupServiceTests.FullBackupWorkflow_CreateRestoreCleanup_WorksCorrectly" storage="x:\coding\cursorphobia\tests\bin\debug\net8.0-windows\cursorphobia.tests.dll" id="a5c5d749-3947-175e-65b2-a35fb271cbfc">
      <Execution id="f725fb50-f5e6-4632-8032-5ba87e2ddf27" />
      <TestMethod codeBase="X:\coding\CursorPhobia\tests\bin\Debug\net8.0-windows\CursorPhobia.Tests.dll" adapterTypeName="executor://xunit/VsTestRunner2/netcoreapp" className="CursorPhobia.Tests.ConfigurationBackupServiceTests" name="FullBackupWorkflow_CreateRestoreCleanup_WorksCorrectly" />
    </UnitTest>
    <UnitTest name="CursorPhobia.Tests.ConfigurationWatcherTests.StartWatchingAsync_InvalidDebounceDelay_ThrowsException" storage="x:\coding\cursorphobia\tests\bin\debug\net8.0-windows\cursorphobia.tests.dll" id="30b7cd74-df9c-4d45-0b82-f0a74283e120">
      <Execution id="e478d7d3-6074-476c-aa30-2aa190e40d09" />
      <TestMethod codeBase="X:\coding\CursorPhobia\tests\bin\Debug\net8.0-windows\CursorPhobia.Tests.dll" adapterTypeName="executor://xunit/VsTestRunner2/netcoreapp" className="CursorPhobia.Tests.ConfigurationWatcherTests" name="StartWatchingAsync_InvalidDebounceDelay_ThrowsException" />
    </UnitTest>
    <UnitTest name="CursorPhobia.Tests.ConfigurationBackupServiceTests.CleanupOldBackupsAsync_CustomMaxBackups_RespectsLimit" storage="x:\coding\cursorphobia\tests\bin\debug\net8.0-windows\cursorphobia.tests.dll" id="d1bb6537-a16a-5163-8b2a-fb7fe6511b7c">
      <Execution id="33930cb7-b63e-4aca-9d3d-123fb5df6f77" />
      <TestMethod codeBase="X:\coding\CursorPhobia\tests\bin\Debug\net8.0-windows\CursorPhobia.Tests.dll" adapterTypeName="executor://xunit/VsTestRunner2/netcoreapp" className="CursorPhobia.Tests.ConfigurationBackupServiceTests" name="CleanupOldBackupsAsync_CustomMaxBackups_RespectsLimit" />
    </UnitTest>
    <UnitTest name="CursorPhobia.Tests.ConfigurationWatcherTests.ConfigurationChange_FileCreation_IsDetected" storage="x:\coding\cursorphobia\tests\bin\debug\net8.0-windows\cursorphobia.tests.dll" id="acd039ba-211a-6aaf-f9ca-a9a77a7c9097">
      <Execution id="0e78fe51-a602-443b-a230-72dbf36d771c" />
      <TestMethod codeBase="X:\coding\CursorPhobia\tests\bin\Debug\net8.0-windows\CursorPhobia.Tests.dll" adapterTypeName="executor://xunit/VsTestRunner2/netcoreapp" className="CursorPhobia.Tests.ConfigurationWatcherTests" name="ConfigurationChange_FileCreation_IsDetected" />
    </UnitTest>
    <UnitTest name="CursorPhobia.Tests.ConfigurationServiceTests.Constructor_WithValidLogger_CreatesInstance" storage="x:\coding\cursorphobia\tests\bin\debug\net8.0-windows\cursorphobia.tests.dll" id="40a4edc7-f183-97bc-9226-9f8b023cfa1b">
      <Execution id="2e20b23c-505d-4afd-b74c-118b446dd115" />
      <TestMethod codeBase="X:\coding\CursorPhobia\tests\bin\Debug\net8.0-windows\CursorPhobia.Tests.dll" adapterTypeName="executor://xunit/VsTestRunner2/netcoreapp" className="CursorPhobia.Tests.ConfigurationServiceTests" name="Constructor_WithValidLogger_CreatesInstance" />
    </UnitTest>
    <UnitTest name="CursorPhobia.Tests.MonitorManagerIntegrationTests.ConfigurationChange_ConcurrentWithGetAllMonitors_ThreadSafe" storage="x:\coding\cursorphobia\tests\bin\debug\net8.0-windows\cursorphobia.tests.dll" id="c671fc15-bef7-3566-db55-3dd22fdf913a">
      <Execution id="db2a0211-bb44-47ba-baac-42de7a74e343" />
      <TestMethod codeBase="X:\coding\CursorPhobia\tests\bin\Debug\net8.0-windows\CursorPhobia.Tests.dll" adapterTypeName="executor://xunit/VsTestRunner2/netcoreapp" className="CursorPhobia.Tests.MonitorManagerIntegrationTests" name="ConfigurationChange_ConcurrentWithGetAllMonitors_ThreadSafe" />
    </UnitTest>
    <UnitTest name="CursorPhobia.Tests.CursorPhobiaConfigurationTests.Validate_WithInvalidProximityThreshold_ReturnsError(threshold: 600, expectedError: &quot;ProximityThreshold should not exceed 500 pixels fo&quot;...)" storage="x:\coding\cursorphobia\tests\bin\debug\net8.0-windows\cursorphobia.tests.dll" id="30374f3b-dd03-1b3f-3bcb-43f4efb0a811">
      <Execution id="873d8e1b-27b9-47be-851d-320335cf97e9" />
      <TestMethod codeBase="X:\coding\CursorPhobia\tests\bin\Debug\net8.0-windows\CursorPhobia.Tests.dll" adapterTypeName="executor://xunit/VsTestRunner2/netcoreapp" className="CursorPhobia.Tests.CursorPhobiaConfigurationTests" name="Validate_WithInvalidProximityThreshold_ReturnsError" />
    </UnitTest>
    <UnitTest name="CursorPhobia.Tests.ConfigurationBackupServiceTests.CleanupOldBackupsAsync_NegativeMaxBackups_ThrowsArgumentException" storage="x:\coding\cursorphobia\tests\bin\debug\net8.0-windows\cursorphobia.tests.dll" id="c359e81f-7b16-cc8b-662f-1f3cb99e492b">
      <Execution id="83dc7836-3d22-4ddb-becd-edffe964b62b" />
      <TestMethod codeBase="X:\coding\CursorPhobia\tests\bin\Debug\net8.0-windows\CursorPhobia.Tests.dll" adapterTypeName="executor://xunit/VsTestRunner2/netcoreapp" className="CursorPhobia.Tests.ConfigurationBackupServiceTests" name="CleanupOldBackupsAsync_NegativeMaxBackups_ThrowsArgumentException" />
    </UnitTest>
    <UnitTest name="CursorPhobia.Tests.ConfigurationBackupServiceTests.RestoreFromBackupAsync_EmptyFile_ReturnsNull" storage="x:\coding\cursorphobia\tests\bin\debug\net8.0-windows\cursorphobia.tests.dll" id="8f84e6b1-ff2a-88cc-b78b-8f9ed5178958">
      <Execution id="ee6f56f0-2587-4175-8f17-e350d711a79b" />
      <TestMethod codeBase="X:\coding\CursorPhobia\tests\bin\Debug\net8.0-windows\CursorPhobia.Tests.dll" adapterTypeName="executor://xunit/VsTestRunner2/netcoreapp" className="CursorPhobia.Tests.ConfigurationBackupServiceTests" name="RestoreFromBackupAsync_EmptyFile_ReturnsNull" />
    </UnitTest>
    <UnitTest name="CursorPhobia.Tests.ConfigurationHotSwapTests.ConfigurationUpdateResult_ValidationFailure_CreatesValidationFailedResult" storage="x:\coding\cursorphobia\tests\bin\debug\net8.0-windows\cursorphobia.tests.dll" id="6fa88b53-98a8-4774-5326-23c4bc75afbd">
      <Execution id="cfe2dc88-1d6e-4929-9c17-84a105c39a32" />
      <TestMethod codeBase="X:\coding\CursorPhobia\tests\bin\Debug\net8.0-windows\CursorPhobia.Tests.dll" adapterTypeName="executor://xunit/VsTestRunner2/netcoreapp" className="CursorPhobia.Tests.ConfigurationHotSwapTests" name="ConfigurationUpdateResult_ValidationFailure_CreatesValidationFailedResult" />
    </UnitTest>
    <UnitTest name="CursorPhobia.Tests.CursorPhobiaConfigurationTests.PropertySetters_WithValidValues_UpdateCorrectly" storage="x:\coding\cursorphobia\tests\bin\debug\net8.0-windows\cursorphobia.tests.dll" id="604c0522-1420-b03e-df26-a9fb33ed33a5">
      <Execution id="fab3db02-3e0a-401a-b9d8-76d03eeb4a4e" />
      <TestMethod codeBase="X:\coding\CursorPhobia\tests\bin\Debug\net8.0-windows\CursorPhobia.Tests.dll" adapterTypeName="executor://xunit/VsTestRunner2/netcoreapp" className="CursorPhobia.Tests.CursorPhobiaConfigurationTests" name="PropertySetters_WithValidValues_UpdateCorrectly" />
    </UnitTest>
    <UnitTest name="CursorPhobia.Tests.ConfigurationBackupServiceTests.GetAvailableBackupsAsync_NonExistentDirectory_ReturnsEmptyArray" storage="x:\coding\cursorphobia\tests\bin\debug\net8.0-windows\cursorphobia.tests.dll" id="505a53aa-86ae-2d2f-7463-774faaefffdc">
      <Execution id="2a800fd3-096b-422d-b8ce-0803ffdb4cbf" />
      <TestMethod codeBase="X:\coding\CursorPhobia\tests\bin\Debug\net8.0-windows\CursorPhobia.Tests.dll" adapterTypeName="executor://xunit/VsTestRunner2/netcoreapp" className="CursorPhobia.Tests.ConfigurationBackupServiceTests" name="GetAvailableBackupsAsync_NonExistentDirectory_ReturnsEmptyArray" />
    </UnitTest>
    <UnitTest name="CursorPhobia.Tests.UI.SettingsViewModelTests.SettingsViewModel_ApplyPreset_Responsive_UpdatesConfiguration" storage="x:\coding\cursorphobia\tests\bin\debug\net8.0-windows\cursorphobia.tests.dll" id="51b5a75a-9087-d58e-d1ea-9b2a11bbf69c">
      <Execution id="a5818b54-fa46-48d8-a661-aa0be0298ee2" />
      <TestMethod codeBase="X:\coding\CursorPhobia\tests\bin\Debug\net8.0-windows\CursorPhobia.Tests.dll" adapterTypeName="executor://xunit/VsTestRunner2/netcoreapp" className="CursorPhobia.Tests.UI.SettingsViewModelTests" name="SettingsViewModel_ApplyPreset_Responsive_UpdatesConfiguration" />
    </UnitTest>
    <UnitTest name="CursorPhobia.Tests.ConfigurationHotSwapTests.UpdateConfigurationAsync_OnDisposedEngine_ReturnsFailure" storage="x:\coding\cursorphobia\tests\bin\debug\net8.0-windows\cursorphobia.tests.dll" id="50983eb3-5b04-c472-60f8-83a077f54fd3">
      <Execution id="28c861ba-01dc-43f7-8bd4-3916a6a763f5" />
      <TestMethod codeBase="X:\coding\CursorPhobia\tests\bin\Debug\net8.0-windows\CursorPhobia.Tests.dll" adapterTypeName="executor://xunit/VsTestRunner2/netcoreapp" className="CursorPhobia.Tests.ConfigurationHotSwapTests" name="UpdateConfigurationAsync_OnDisposedEngine_ReturnsFailure" />
    </UnitTest>
    <UnitTest name="CursorPhobia.Tests.MonitorConfigurationWatcherTests.CheckForChanges_WithMonitorRepositioned_ReturnsTrueAndRaisesEvent" storage="x:\coding\cursorphobia\tests\bin\debug\net8.0-windows\cursorphobia.tests.dll" id="4d37ef51-21f5-66ea-6079-c6653fb2bb2f">
      <Execution id="2b5d271b-7321-4626-a59d-d7dfb9a99a09" />
      <TestMethod codeBase="X:\coding\CursorPhobia\tests\bin\Debug\net8.0-windows\CursorPhobia.Tests.dll" adapterTypeName="executor://xunit/VsTestRunner2/netcoreapp" className="CursorPhobia.Tests.MonitorConfigurationWatcherTests" name="CheckForChanges_WithMonitorRepositioned_ReturnsTrueAndRaisesEvent" />
    </UnitTest>
    <UnitTest name="CursorPhobia.Tests.CursorPhobiaConfigurationTests.Validate_WithInvalidProximityThreshold_ReturnsError(threshold: 0, expectedError: &quot;ProximityThreshold must be greater than 0&quot;)" storage="x:\coding\cursorphobia\tests\bin\debug\net8.0-windows\cursorphobia.tests.dll" id="300b7740-3d80-09cf-17f0-fae3df9a6622">
      <Execution id="d9c906ff-1c6a-46b7-8f4d-61e87d65c0e6" />
      <TestMethod codeBase="X:\coding\CursorPhobia\tests\bin\Debug\net8.0-windows\CursorPhobia.Tests.dll" adapterTypeName="executor://xunit/VsTestRunner2/netcoreapp" className="CursorPhobia.Tests.CursorPhobiaConfigurationTests" name="Validate_WithInvalidProximityThreshold_ReturnsError" />
    </UnitTest>
    <UnitTest name="CursorPhobia.Tests.ConfigurationServiceTests.GetDefaultConfiguration_ReturnsValidConfiguration" storage="x:\coding\cursorphobia\tests\bin\debug\net8.0-windows\cursorphobia.tests.dll" id="bb3fb9dc-6064-4ac1-95a7-1454d7295a45">
      <Execution id="5cb67510-a54c-465c-9965-0aaf5e220d06" />
      <TestMethod codeBase="X:\coding\CursorPhobia\tests\bin\Debug\net8.0-windows\CursorPhobia.Tests.dll" adapterTypeName="executor://xunit/VsTestRunner2/netcoreapp" className="CursorPhobia.Tests.ConfigurationServiceTests" name="GetDefaultConfiguration_ReturnsValidConfiguration" />
    </UnitTest>
    <UnitTest name="CursorPhobia.Tests.ConfigurationHotSwapTests.UpdateConfigurationAsync_WithInvalidConfiguration_ReturnsValidationFailure" storage="x:\coding\cursorphobia\tests\bin\debug\net8.0-windows\cursorphobia.tests.dll" id="c688ca04-4597-8831-2183-16645a5b8fc6">
      <Execution id="e559cfad-2a3b-479c-9f98-c6ef1f00aaf4" />
      <TestMethod codeBase="X:\coding\CursorPhobia\tests\bin\Debug\net8.0-windows\CursorPhobia.Tests.dll" adapterTypeName="executor://xunit/VsTestRunner2/netcoreapp" className="CursorPhobia.Tests.ConfigurationHotSwapTests" name="UpdateConfigurationAsync_WithInvalidConfiguration_ReturnsValidationFailure" />
    </UnitTest>
    <UnitTest name="CursorPhobia.Tests.ConfigurationHotSwapTests.ConfigurationChangeAnalysis_IdentifiesRestartRequiredChanges" storage="x:\coding\cursorphobia\tests\bin\debug\net8.0-windows\cursorphobia.tests.dll" id="2844146e-41ec-3a13-3474-27631f951298">
      <Execution id="caa3cd14-1467-408f-ae46-e5670fd96ee1" />
      <TestMethod codeBase="X:\coding\CursorPhobia\tests\bin\Debug\net8.0-windows\CursorPhobia.Tests.dll" adapterTypeName="executor://xunit/VsTestRunner2/netcoreapp" className="CursorPhobia.Tests.ConfigurationHotSwapTests" name="ConfigurationChangeAnalysis_IdentifiesRestartRequiredChanges" />
    </UnitTest>
    <UnitTest name="CursorPhobia.Tests.CursorPhobiaConfigurationTests.Validate_WithInvalidScreenEdgeBuffer_ReturnsError(buffer: -1, expectedError: &quot;ScreenEdgeBuffer cannot be negative&quot;)" storage="x:\coding\cursorphobia\tests\bin\debug\net8.0-windows\cursorphobia.tests.dll" id="a144bf42-f09d-6f92-d68b-eecd543066d0">
      <Execution id="245c1336-f85c-4ae4-b720-429459be0ba4" />
      <TestMethod codeBase="X:\coding\CursorPhobia\tests\bin\Debug\net8.0-windows\CursorPhobia.Tests.dll" adapterTypeName="executor://xunit/VsTestRunner2/netcoreapp" className="CursorPhobia.Tests.CursorPhobiaConfigurationTests" name="Validate_WithInvalidScreenEdgeBuffer_ReturnsError" />
    </UnitTest>
    <UnitTest name="CursorPhobia.Tests.ProximityConfigurationTests.Constructor_DefaultValues_SetsCorrectDefaults" storage="x:\coding\cursorphobia\tests\bin\debug\net8.0-windows\cursorphobia.tests.dll" id="e4cb2b8b-0019-8a0f-11c5-16ba13f70504">
      <Execution id="e080e785-8e32-44fc-b1e8-b9ade6d22a00" />
      <TestMethod codeBase="X:\coding\CursorPhobia\tests\bin\Debug\net8.0-windows\CursorPhobia.Tests.dll" adapterTypeName="executor://xunit/VsTestRunner2/netcoreapp" className="CursorPhobia.Tests.ProximityConfigurationTests" name="Constructor_DefaultValues_SetsCorrectDefaults" />
    </UnitTest>
    <UnitTest name="CursorPhobia.Tests.MultiMonitorConfigurationTests.Validate_EmptyMonitorKey_ShouldReturnError" storage="x:\coding\cursorphobia\tests\bin\debug\net8.0-windows\cursorphobia.tests.dll" id="e249115d-67a8-97b6-5991-fca21dc7b582">
      <Execution id="de8bc06d-c2ae-4d2e-95e8-0a03751a9893" />
      <TestMethod codeBase="X:\coding\CursorPhobia\tests\bin\Debug\net8.0-windows\CursorPhobia.Tests.dll" adapterTypeName="executor://xunit/VsTestRunner2/netcoreapp" className="CursorPhobia.Tests.MultiMonitorConfigurationTests" name="Validate_EmptyMonitorKey_ShouldReturnError" />
    </UnitTest>
    <UnitTest name="CursorPhobia.Tests.Log4NetLoggingTests.Configuration_HandlesInvalidConfigPath" storage="x:\coding\cursorphobia\tests\bin\debug\net8.0-windows\cursorphobia.tests.dll" id="a4ffd349-01b2-3fbe-5c67-5193dbee55f7">
      <Execution id="3c244421-3b42-4011-8198-6e4a61c4c365" />
      <TestMethod codeBase="X:\coding\CursorPhobia\tests\bin\Debug\net8.0-windows\CursorPhobia.Tests.dll" adapterTypeName="executor://xunit/VsTestRunner2/netcoreapp" className="CursorPhobia.Tests.Log4NetLoggingTests" name="Configuration_HandlesInvalidConfigPath" />
    </UnitTest>
    <UnitTest name="CursorPhobia.Tests.MonitorManagerIntegrationTests.Constructor_WithConfigurationWatcher_CreatesInstance" storage="x:\coding\cursorphobia\tests\bin\debug\net8.0-windows\cursorphobia.tests.dll" id="35426d41-99ca-6107-4ea2-a29fdd00a609">
      <Execution id="32a602ab-19d9-43bb-8108-b33bf4bbaaad" />
      <TestMethod codeBase="X:\coding\CursorPhobia\tests\bin\Debug\net8.0-windows\CursorPhobia.Tests.dll" adapterTypeName="executor://xunit/VsTestRunner2/netcoreapp" className="CursorPhobia.Tests.MonitorManagerIntegrationTests" name="Constructor_WithConfigurationWatcher_CreatesInstance" />
    </UnitTest>
    <UnitTest name="CursorPhobia.Tests.MultiMonitorConfigurationTests.Validate_ValidPerMonitorSettings_ShouldReturnNoErrors" storage="x:\coding\cursorphobia\tests\bin\debug\net8.0-windows\cursorphobia.tests.dll" id="bdc8610f-5474-f0f3-0740-03e782163234">
      <Execution id="3d6ae2e5-1861-422e-8024-cfb8c284f410" />
      <TestMethod codeBase="X:\coding\CursorPhobia\tests\bin\Debug\net8.0-windows\CursorPhobia.Tests.dll" adapterTypeName="executor://xunit/VsTestRunner2/netcoreapp" className="CursorPhobia.Tests.MultiMonitorConfigurationTests" name="Validate_ValidPerMonitorSettings_ShouldReturnNoErrors" />
    </UnitTest>
    <UnitTest name="CursorPhobia.Tests.ConfigurationBackupServiceTests.CleanupOldBackupsAsync_ZeroMaxBackups_ThrowsArgumentException" storage="x:\coding\cursorphobia\tests\bin\debug\net8.0-windows\cursorphobia.tests.dll" id="bf4251d8-3d93-5471-9758-db7bcb3b4aa8">
      <Execution id="b7a89c3a-2c36-48a1-a0b2-3dac4b927577" />
      <TestMethod codeBase="X:\coding\CursorPhobia\tests\bin\Debug\net8.0-windows\CursorPhobia.Tests.dll" adapterTypeName="executor://xunit/VsTestRunner2/netcoreapp" className="CursorPhobia.Tests.ConfigurationBackupServiceTests" name="CleanupOldBackupsAsync_ZeroMaxBackups_ThrowsArgumentException" />
    </UnitTest>
    <UnitTest name="CursorPhobia.Tests.ProximityConfigurationTests.UseNearestEdge_PropertySetter_UpdatesCorrectly(useNearestEdge: True)" storage="x:\coding\cursorphobia\tests\bin\debug\net8.0-windows\cursorphobia.tests.dll" id="1847a744-ee46-94d4-a6b3-b39ef5e80223">
      <Execution id="3506ab93-4c48-44b8-8dbd-5624d99adc92" />
      <TestMethod codeBase="X:\coding\CursorPhobia\tests\bin\Debug\net8.0-windows\CursorPhobia.Tests.dll" adapterTypeName="executor://xunit/VsTestRunner2/netcoreapp" className="CursorPhobia.Tests.ProximityConfigurationTests" name="UseNearestEdge_PropertySetter_UpdatesCorrectly" />
    </UnitTest>
    <UnitTest name="CursorPhobia.Tests.ConfigurationBackupServiceTests.GetAvailableBackupsAsync_EmptyDirectory_ThrowsArgumentException" storage="x:\coding\cursorphobia\tests\bin\debug\net8.0-windows\cursorphobia.tests.dll" id="921be138-fee8-fdd4-9bac-5fbc0a8bf283">
      <Execution id="da5ebb21-8c26-42b7-a5db-9397c37efd05" />
      <TestMethod codeBase="X:\coding\CursorPhobia\tests\bin\Debug\net8.0-windows\CursorPhobia.Tests.dll" adapterTypeName="executor://xunit/VsTestRunner2/netcoreapp" className="CursorPhobia.Tests.ConfigurationBackupServiceTests" name="GetAvailableBackupsAsync_EmptyDirectory_ThrowsArgumentException" />
    </UnitTest>
    <UnitTest name="CursorPhobia.Tests.ConfigurationBackupServiceTests.CreateBackupAsync_ValidSourceFile_CreatesBackup" storage="x:\coding\cursorphobia\tests\bin\debug\net8.0-windows\cursorphobia.tests.dll" id="2f9f1408-e562-c8a6-9140-7a08170161d3">
      <Execution id="45085c0f-0264-4fea-b9a9-de2a48878413" />
      <TestMethod codeBase="X:\coding\CursorPhobia\tests\bin\Debug\net8.0-windows\CursorPhobia.Tests.dll" adapterTypeName="executor://xunit/VsTestRunner2/netcoreapp" className="CursorPhobia.Tests.ConfigurationBackupServiceTests" name="CreateBackupAsync_ValidSourceFile_CreatesBackup" />
    </UnitTest>
    <UnitTest name="CursorPhobia.Tests.ConfigurationBackupServiceTests.GetBackupFileName_ZeroBackupNumber_ThrowsArgumentException" storage="x:\coding\cursorphobia\tests\bin\debug\net8.0-windows\cursorphobia.tests.dll" id="f645d735-faa7-1588-4d34-7fb3c6aae82d">
      <Execution id="4ca1b973-b264-43d0-886e-baad44d655ec" />
      <TestMethod codeBase="X:\coding\CursorPhobia\tests\bin\Debug\net8.0-windows\CursorPhobia.Tests.dll" adapterTypeName="executor://xunit/VsTestRunner2/netcoreapp" className="CursorPhobia.Tests.ConfigurationBackupServiceTests" name="GetBackupFileName_ZeroBackupNumber_ThrowsArgumentException" />
    </UnitTest>
    <UnitTest name="CursorPhobia.Tests.CursorPhobiaConfigurationTests.Validate_WithInvalidAnimationDuration_ReturnsError(duration: 2500, expectedError: &quot;AnimationDurationMs should not exceed 2000ms for u&quot;...)" storage="x:\coding\cursorphobia\tests\bin\debug\net8.0-windows\cursorphobia.tests.dll" id="0020fad9-706f-c089-f22f-234dd3a910d2">
      <Execution id="f53dd061-d342-4450-b326-0578f83997b4" />
      <TestMethod codeBase="X:\coding\CursorPhobia\tests\bin\Debug\net8.0-windows\CursorPhobia.Tests.dll" adapterTypeName="executor://xunit/VsTestRunner2/netcoreapp" className="CursorPhobia.Tests.CursorPhobiaConfigurationTests" name="Validate_WithInvalidAnimationDuration_ReturnsError" />
    </UnitTest>
    <UnitTest name="CursorPhobia.Tests.ConfigurationHotSwapTests.UpdateConfigurationAsync_WithNoChanges_ReturnsSuccessWithNoChanges" storage="x:\coding\cursorphobia\tests\bin\debug\net8.0-windows\cursorphobia.tests.dll" id="3df1aac0-ba92-2961-79e2-8542119510de">
      <Execution id="3b22321d-0d79-4d83-9dde-31ae476c1286" />
      <TestMethod codeBase="X:\coding\CursorPhobia\tests\bin\Debug\net8.0-windows\CursorPhobia.Tests.dll" adapterTypeName="executor://xunit/VsTestRunner2/netcoreapp" className="CursorPhobia.Tests.ConfigurationHotSwapTests" name="UpdateConfigurationAsync_WithNoChanges_ReturnsSuccessWithNoChanges" />
    </UnitTest>
    <UnitTest name="CursorPhobia.Tests.ConfigurationServiceTests.SaveConfigurationAsync_WithEmptyFilePath_ThrowsArgumentException" storage="x:\coding\cursorphobia\tests\bin\debug\net8.0-windows\cursorphobia.tests.dll" id="46f10811-7f22-d50b-6063-e95d57bb4c35">
      <Execution id="f6899c25-6b85-4429-99b0-e2b5b0fe174d" />
      <TestMethod codeBase="X:\coding\CursorPhobia\tests\bin\Debug\net8.0-windows\CursorPhobia.Tests.dll" adapterTypeName="executor://xunit/VsTestRunner2/netcoreapp" className="CursorPhobia.Tests.ConfigurationServiceTests" name="SaveConfigurationAsync_WithEmptyFilePath_ThrowsArgumentException" />
    </UnitTest>
    <UnitTest name="CursorPhobia.Tests.ConfigurationBackupServiceTests.CreateBackupAsync_NullBackupDirectory_ThrowsArgumentException" storage="x:\coding\cursorphobia\tests\bin\debug\net8.0-windows\cursorphobia.tests.dll" id="6b2f2862-79b0-ebac-88ce-7548880b44c8">
      <Execution id="aadb28b2-dbb4-4493-9af0-86df870227c8" />
      <TestMethod codeBase="X:\coding\CursorPhobia\tests\bin\Debug\net8.0-windows\CursorPhobia.Tests.dll" adapterTypeName="executor://xunit/VsTestRunner2/netcoreapp" className="CursorPhobia.Tests.ConfigurationBackupServiceTests" name="CreateBackupAsync_NullBackupDirectory_ThrowsArgumentException" />
    </UnitTest>
    <UnitTest name="CursorPhobia.Tests.MonitorManagerIntegrationTests.StartMonitoring_WithConfigurationWatcher_StartsSuccessfully" storage="x:\coding\cursorphobia\tests\bin\debug\net8.0-windows\cursorphobia.tests.dll" id="8010a295-be7a-9083-8951-23360b9efaf0">
      <Execution id="fd149dd7-02d4-4de9-80f5-a3b64ee6d530" />
      <TestMethod codeBase="X:\coding\CursorPhobia\tests\bin\Debug\net8.0-windows\CursorPhobia.Tests.dll" adapterTypeName="executor://xunit/VsTestRunner2/netcoreapp" className="CursorPhobia.Tests.MonitorManagerIntegrationTests" name="StartMonitoring_WithConfigurationWatcher_StartsSuccessfully" />
    </UnitTest>
    <UnitTest name="CursorPhobia.Tests.MonitorManagerIntegrationTests.OnConfigurationChange_InvalidatesCache" storage="x:\coding\cursorphobia\tests\bin\debug\net8.0-windows\cursorphobia.tests.dll" id="d9bd4c86-163d-90ae-ac92-aa43c1be9788">
      <Execution id="c6acb2f4-00f7-413c-a642-97895203a5e1" />
      <TestMethod codeBase="X:\coding\CursorPhobia\tests\bin\Debug\net8.0-windows\CursorPhobia.Tests.dll" adapterTypeName="executor://xunit/VsTestRunner2/netcoreapp" className="CursorPhobia.Tests.MonitorManagerIntegrationTests" name="OnConfigurationChange_InvalidatesCache" />
    </UnitTest>
    <UnitTest name="CursorPhobia.Tests.MonitorManagerIntegrationTests.StopMonitoring_WithConfigurationWatcher_StopsSuccessfully" storage="x:\coding\cursorphobia\tests\bin\debug\net8.0-windows\cursorphobia.tests.dll" id="14cf6792-41c5-37dd-37a6-567526aed4a8">
      <Execution id="6dacbf45-f3e0-4f7e-9739-e76e267f3619" />
      <TestMethod codeBase="X:\coding\CursorPhobia\tests\bin\Debug\net8.0-windows\CursorPhobia.Tests.dll" adapterTypeName="executor://xunit/VsTestRunner2/netcoreapp" className="CursorPhobia.Tests.MonitorManagerIntegrationTests" name="StopMonitoring_WithConfigurationWatcher_StopsSuccessfully" />
    </UnitTest>
    <UnitTest name="CursorPhobia.Tests.CursorPhobiaConfigurationTests.Validate_WithInvalidUpdateInterval_ReturnsError(interval: 0, expectedError: &quot;UpdateIntervalMs must be at least 1ms&quot;)" storage="x:\coding\cursorphobia\tests\bin\debug\net8.0-windows\cursorphobia.tests.dll" id="2f4bbf69-fc81-af2d-91c4-568adebd2fc9">
      <Execution id="429c851a-ed7c-4417-92d4-6b9cf94e9686" />
      <TestMethod codeBase="X:\coding\CursorPhobia\tests\bin\Debug\net8.0-windows\CursorPhobia.Tests.dll" adapterTypeName="executor://xunit/VsTestRunner2/netcoreapp" className="CursorPhobia.Tests.CursorPhobiaConfigurationTests" name="Validate_WithInvalidUpdateInterval_ReturnsError" />
    </UnitTest>
    <UnitTest name="CursorPhobia.Tests.CursorPhobiaConfigurationTests.Validate_WithInvalidUpdateInterval_ReturnsError(interval: 100, expectedError: &quot;UpdateIntervalMs cannot be greater than MaxUpdateI&quot;...)" storage="x:\coding\cursorphobia\tests\bin\debug\net8.0-windows\cursorphobia.tests.dll" id="114155b5-a99e-f30d-1a92-0732c2182b90">
      <Execution id="e7788594-83ce-4db3-9035-fb6b8278334c" />
      <TestMethod codeBase="X:\coding\CursorPhobia\tests\bin\Debug\net8.0-windows\CursorPhobia.Tests.dll" adapterTypeName="executor://xunit/VsTestRunner2/netcoreapp" className="CursorPhobia.Tests.CursorPhobiaConfigurationTests" name="Validate_WithInvalidUpdateInterval_ReturnsError" />
    </UnitTest>
    <UnitTest name="CursorPhobia.Tests.ConfigurationWatcherTests.StartWatchingAsync_AfterDisposal_ReturnsFalse" storage="x:\coding\cursorphobia\tests\bin\debug\net8.0-windows\cursorphobia.tests.dll" id="8d712c93-7839-c99e-5f89-46744158ea14">
      <Execution id="dac65d68-8cb5-401c-b124-fa5efdc3a70c" />
      <TestMethod codeBase="X:\coding\CursorPhobia\tests\bin\Debug\net8.0-windows\CursorPhobia.Tests.dll" adapterTypeName="executor://xunit/VsTestRunner2/netcoreapp" className="CursorPhobia.Tests.ConfigurationWatcherTests" name="StartWatchingAsync_AfterDisposal_ReturnsFalse" />
    </UnitTest>
    <UnitTest name="CursorPhobia.Tests.ConfigurationWatcherTests.StopWatchingAsync_WhenWatching_StopsSuccessfully" storage="x:\coding\cursorphobia\tests\bin\debug\net8.0-windows\cursorphobia.tests.dll" id="ce86bdbb-5b1d-7fff-567a-55c86c9ed851">
      <Execution id="0a51c046-dca9-47c1-840d-438eddff598c" />
      <TestMethod codeBase="X:\coding\CursorPhobia\tests\bin\Debug\net8.0-windows\CursorPhobia.Tests.dll" adapterTypeName="executor://xunit/VsTestRunner2/netcoreapp" className="CursorPhobia.Tests.ConfigurationWatcherTests" name="StopWatchingAsync_WhenWatching_StopsSuccessfully" />
    </UnitTest>
    <UnitTest name="CursorPhobia.Tests.ConfigurationServiceTests.SaveConfigurationAsync_WithSystemDirectoryPath_ThrowsArgumentException" storage="x:\coding\cursorphobia\tests\bin\debug\net8.0-windows\cursorphobia.tests.dll" id="a4a05324-eabc-8453-4e8a-0a6ecd29ae61">
      <Execution id="0b32b0e2-6ae1-43e3-bc07-20d4f0345ceb" />
      <TestMethod codeBase="X:\coding\CursorPhobia\tests\bin\Debug\net8.0-windows\CursorPhobia.Tests.dll" adapterTypeName="executor://xunit/VsTestRunner2/netcoreapp" className="CursorPhobia.Tests.ConfigurationServiceTests" name="SaveConfigurationAsync_WithSystemDirectoryPath_ThrowsArgumentException" />
    </UnitTest>
    <UnitTest name="CursorPhobia.Tests.PerMonitorIntegrationTests.PerMonitorSettingsMigrator_MigratesSettings_WhenMonitorConfigurationChanges" storage="x:\coding\cursorphobia\tests\bin\debug\net8.0-windows\cursorphobia.tests.dll" id="0fc1b323-b092-5271-cd8d-1ebca933b540">
      <Execution id="22770433-f094-4171-969d-287df216833b" />
      <TestMethod codeBase="X:\coding\CursorPhobia\tests\bin\Debug\net8.0-windows\CursorPhobia.Tests.dll" adapterTypeName="executor://xunit/VsTestRunner2/netcoreapp" className="CursorPhobia.Tests.PerMonitorIntegrationTests" name="PerMonitorSettingsMigrator_MigratesSettings_WhenMonitorConfigurationChanges" />
    </UnitTest>
    <UnitTest name="CursorPhobia.Tests.CursorPhobiaEngineTests.Engine_WithConfigurationChanges_RespectsNewSettings" storage="x:\coding\cursorphobia\tests\bin\debug\net8.0-windows\cursorphobia.tests.dll" id="4c04167b-f9db-6653-4432-d5eb93c8c51f">
      <Execution id="06ee2723-7422-4219-9159-7d616b221c49" />
      <TestMethod codeBase="X:\coding\CursorPhobia\tests\bin\Debug\net8.0-windows\CursorPhobia.Tests.dll" adapterTypeName="executor://xunit/VsTestRunner2/netcoreapp" className="CursorPhobia.Tests.CursorPhobiaEngineTests" name="Engine_WithConfigurationChanges_RespectsNewSettings" />
    </UnitTest>
    <UnitTest name="CursorPhobia.Tests.ConfigurationServiceTests.SaveConfigurationAsync_OverwriteExistingFile_Succeeds" storage="x:\coding\cursorphobia\tests\bin\debug\net8.0-windows\cursorphobia.tests.dll" id="e0422003-75da-a680-d582-90ce81fca7fd">
      <Execution id="8ee1e817-c7d8-4d76-948f-715a2cddadb4" />
      <TestMethod codeBase="X:\coding\CursorPhobia\tests\bin\Debug\net8.0-windows\CursorPhobia.Tests.dll" adapterTypeName="executor://xunit/VsTestRunner2/netcoreapp" className="CursorPhobia.Tests.ConfigurationServiceTests" name="SaveConfigurationAsync_OverwriteExistingFile_Succeeds" />
    </UnitTest>
    <UnitTest name="CursorPhobia.Tests.UI.SettingsFormTests.SettingsForm_ImportConfiguration_CallsConfigService" storage="x:\coding\cursorphobia\tests\bin\debug\net8.0-windows\cursorphobia.tests.dll" id="c1a63363-1d4f-4316-db71-4ea273175a00">
      <Execution id="d16f96ee-63a1-43b0-810a-633c2fb83c69" />
      <TestMethod codeBase="X:\coding\CursorPhobia\tests\bin\Debug\net8.0-windows\CursorPhobia.Tests.dll" adapterTypeName="executor://xunit/VsTestRunner2/netcoreapp" className="CursorPhobia.Tests.UI.SettingsFormTests" name="SettingsForm_ImportConfiguration_CallsConfigService" />
    </UnitTest>
    <UnitTest name="CursorPhobia.Tests.ProximityConfigurationTests.UseNearestEdge_PropertySetter_UpdatesCorrectly(useNearestEdge: False)" storage="x:\coding\cursorphobia\tests\bin\debug\net8.0-windows\cursorphobia.tests.dll" id="829edb0e-a1ea-f663-22f5-912ff9407b74">
      <Execution id="5ec0b2ff-a861-4e9f-be19-27905b4d8d3f" />
      <TestMethod codeBase="X:\coding\CursorPhobia\tests\bin\Debug\net8.0-windows\CursorPhobia.Tests.dll" adapterTypeName="executor://xunit/VsTestRunner2/netcoreapp" className="CursorPhobia.Tests.ProximityConfigurationTests" name="UseNearestEdge_PropertySetter_UpdatesCorrectly" />
    </UnitTest>
    <UnitTest name="CursorPhobia.Tests.ConfigurationWatcherTests.ConfigurationChange_MultipleRapidChanges_DebouncesProperly" storage="x:\coding\cursorphobia\tests\bin\debug\net8.0-windows\cursorphobia.tests.dll" id="69ac7e7c-d111-f180-2a97-7f878b91d353">
      <Execution id="26d04960-937d-4b58-a4ee-470f866f7ad9" />
      <TestMethod codeBase="X:\coding\CursorPhobia\tests\bin\Debug\net8.0-windows\CursorPhobia.Tests.dll" adapterTypeName="executor://xunit/VsTestRunner2/netcoreapp" className="CursorPhobia.Tests.ConfigurationWatcherTests" name="ConfigurationChange_MultipleRapidChanges_DebouncesProperly" />
    </UnitTest>
    <UnitTest name="CursorPhobia.Tests.ProximityConfigurationTests.ProximityConfiguration_WithMixedSettings_ValidatesCorrectly" storage="x:\coding\cursorphobia\tests\bin\debug\net8.0-windows\cursorphobia.tests.dll" id="42d2e31f-e2a1-53f8-9569-a2a6973a488e">
      <Execution id="55def587-df0b-4838-b109-d8f814a7f25b" />
      <TestMethod codeBase="X:\coding\CursorPhobia\tests\bin\Debug\net8.0-windows\CursorPhobia.Tests.dll" adapterTypeName="executor://xunit/VsTestRunner2/netcoreapp" className="CursorPhobia.Tests.ProximityConfigurationTests" name="ProximityConfiguration_WithMixedSettings_ValidatesCorrectly" />
    </UnitTest>
    <UnitTest name="CursorPhobia.Tests.ConfigurationWatcherTests.GetStatistics_AfterActivity_ReturnsAccurateStats" storage="x:\coding\cursorphobia\tests\bin\debug\net8.0-windows\cursorphobia.tests.dll" id="4ed39e23-8a4e-dfd4-33a1-a7cbbd7c1c9a">
      <Execution id="89da4ae6-f5a1-4012-af79-a3ca259944f1" />
      <TestMethod codeBase="X:\coding\CursorPhobia\tests\bin\Debug\net8.0-windows\CursorPhobia.Tests.dll" adapterTypeName="executor://xunit/VsTestRunner2/netcoreapp" className="CursorPhobia.Tests.ConfigurationWatcherTests" name="GetStatistics_AfterActivity_ReturnsAccurateStats" />
    </UnitTest>
    <UnitTest name="CursorPhobia.Tests.MonitorManagerDpiTests.MockMonitorManager_GetMonitorDpi_WithoutConfiguration_ReturnsDefaultDpi" storage="x:\coding\cursorphobia\tests\bin\debug\net8.0-windows\cursorphobia.tests.dll" id="da33fa40-73a7-c9ab-9b62-7cde46612cd1">
      <Execution id="600ec6e4-0a20-43c3-9996-1dca160aba23" />
      <TestMethod codeBase="X:\coding\CursorPhobia\tests\bin\Debug\net8.0-windows\CursorPhobia.Tests.dll" adapterTypeName="executor://xunit/VsTestRunner2/netcoreapp" className="CursorPhobia.Tests.MonitorManagerDpiTests" name="MockMonitorManager_GetMonitorDpi_WithoutConfiguration_ReturnsDefaultDpi" />
    </UnitTest>
    <UnitTest name="CursorPhobia.Tests.ConfigurationBackupServiceTests.CleanupOldBackupsAsync_NullDirectory_ThrowsArgumentException" storage="x:\coding\cursorphobia\tests\bin\debug\net8.0-windows\cursorphobia.tests.dll" id="b67e1a64-88d2-536a-6825-ea302d280746">
      <Execution id="9dcd7074-3a67-411d-9b59-18dde3dd3928" />
      <TestMethod codeBase="X:\coding\CursorPhobia\tests\bin\Debug\net8.0-windows\CursorPhobia.Tests.dll" adapterTypeName="executor://xunit/VsTestRunner2/netcoreapp" className="CursorPhobia.Tests.ConfigurationBackupServiceTests" name="CleanupOldBackupsAsync_NullDirectory_ThrowsArgumentException" />
    </UnitTest>
    <UnitTest name="CursorPhobia.Tests.ConfigurationBackupServiceTests.GetAvailableBackupsAsync_EmptyDirectory_ReturnsEmptyArray" storage="x:\coding\cursorphobia\tests\bin\debug\net8.0-windows\cursorphobia.tests.dll" id="15ccbdc7-6244-47d4-b6e4-4ed2b09cb39c">
      <Execution id="a9cf07a2-6aec-4bc6-ac17-0991513520ac" />
      <TestMethod codeBase="X:\coding\CursorPhobia\tests\bin\Debug\net8.0-windows\CursorPhobia.Tests.dll" adapterTypeName="executor://xunit/VsTestRunner2/netcoreapp" className="CursorPhobia.Tests.ConfigurationBackupServiceTests" name="GetAvailableBackupsAsync_EmptyDirectory_ReturnsEmptyArray" />
    </UnitTest>
    <UnitTest name="CursorPhobia.Tests.MonitorConfigurationWatcherTests.CheckForChanges_WithNoChanges_ReturnsFalse" storage="x:\coding\cursorphobia\tests\bin\debug\net8.0-windows\cursorphobia.tests.dll" id="f3268933-0e9e-83a3-c1c8-3b8f745e6cf5">
      <Execution id="51fc22b6-350c-421f-9ccd-2c3de2b6c084" />
      <TestMethod codeBase="X:\coding\CursorPhobia\tests\bin\Debug\net8.0-windows\CursorPhobia.Tests.dll" adapterTypeName="executor://xunit/VsTestRunner2/netcoreapp" className="CursorPhobia.Tests.MonitorConfigurationWatcherTests" name="CheckForChanges_WithNoChanges_ReturnsFalse" />
    </UnitTest>
    <UnitTest name="CursorPhobia.Tests.CursorPhobiaConfigurationTests.Validate_WithValidConfiguration_ReturnsNoErrors" storage="x:\coding\cursorphobia\tests\bin\debug\net8.0-windows\cursorphobia.tests.dll" id="3715d5b7-6296-3fff-7c82-9f70d8fa87d7">
      <Execution id="ef58a615-ea7e-4dfa-a76a-3d98a4dff56d" />
      <TestMethod codeBase="X:\coding\CursorPhobia\tests\bin\Debug\net8.0-windows\CursorPhobia.Tests.dll" adapterTypeName="executor://xunit/VsTestRunner2/netcoreapp" className="CursorPhobia.Tests.CursorPhobiaConfigurationTests" name="Validate_WithValidConfiguration_ReturnsNoErrors" />
    </UnitTest>
    <UnitTest name="CursorPhobia.Tests.ConfigurationWatcherTests.ConfigurationChange_TemporaryFiles_AreFiltered" storage="x:\coding\cursorphobia\tests\bin\debug\net8.0-windows\cursorphobia.tests.dll" id="e8b9ad7c-4633-4381-c455-a7a1fa6636ef">
      <Execution id="8c91ed10-0342-4cbe-9488-41dd01c00a63" />
      <TestMethod codeBase="X:\coding\CursorPhobia\tests\bin\Debug\net8.0-windows\CursorPhobia.Tests.dll" adapterTypeName="executor://xunit/VsTestRunner2/netcoreapp" className="CursorPhobia.Tests.ConfigurationWatcherTests" name="ConfigurationChange_TemporaryFiles_AreFiltered" />
    </UnitTest>
    <UnitTest name="CursorPhobia.Tests.ConfigurationServiceTests.LoadConfigurationAsync_WithEmptyFile_ReturnsDefaultConfiguration" storage="x:\coding\cursorphobia\tests\bin\debug\net8.0-windows\cursorphobia.tests.dll" id="356b86d5-7c15-7ae0-19bd-b1f8b234302d">
      <Execution id="53861030-1cbb-480d-abca-004500edce65" />
      <TestMethod codeBase="X:\coding\CursorPhobia\tests\bin\Debug\net8.0-windows\CursorPhobia.Tests.dll" adapterTypeName="executor://xunit/VsTestRunner2/netcoreapp" className="CursorPhobia.Tests.ConfigurationServiceTests" name="LoadConfigurationAsync_WithEmptyFile_ReturnsDefaultConfiguration" />
    </UnitTest>
    <UnitTest name="CursorPhobia.Tests.ConfigurationWatcherTests.ConfigurationChange_InvalidJson_LoadsDefaultConfiguration" storage="x:\coding\cursorphobia\tests\bin\debug\net8.0-windows\cursorphobia.tests.dll" id="bd8724a1-d22e-61d4-85e0-30b551b10852">
      <Execution id="acf956d2-3fcc-45bd-bcab-a025b193f6f4" />
      <TestMethod codeBase="X:\coding\CursorPhobia\tests\bin\Debug\net8.0-windows\CursorPhobia.Tests.dll" adapterTypeName="executor://xunit/VsTestRunner2/netcoreapp" className="CursorPhobia.Tests.ConfigurationWatcherTests" name="ConfigurationChange_InvalidJson_LoadsDefaultConfiguration" />
    </UnitTest>
    <UnitTest name="CursorPhobia.Tests.MonitorConfigurationWatcherTests.StartMonitoring_AfterDispose_ThrowsObjectDisposedException" storage="x:\coding\cursorphobia\tests\bin\debug\net8.0-windows\cursorphobia.tests.dll" id="6837b043-7f77-c68e-a25c-5eb4520a96e0">
      <Execution id="db7b576d-b435-441a-84bc-01f8aff25acd" />
      <TestMethod codeBase="X:\coding\CursorPhobia\tests\bin\Debug\net8.0-windows\CursorPhobia.Tests.dll" adapterTypeName="executor://xunit/VsTestRunner2/netcoreapp" className="CursorPhobia.Tests.MonitorConfigurationWatcherTests" name="StartMonitoring_AfterDispose_ThrowsObjectDisposedException" />
    </UnitTest>
    <UnitTest name="CursorPhobia.Tests.ConfigurationServiceTests.SaveConfigurationAsync_WithPathTraversalAttempt_ThrowsArgumentException" storage="x:\coding\cursorphobia\tests\bin\debug\net8.0-windows\cursorphobia.tests.dll" id="71b80078-4df4-e83d-b169-2d0215d94e5a">
      <Execution id="fc8908b1-1c83-4fd6-b838-d8476d40055f" />
      <TestMethod codeBase="X:\coding\CursorPhobia\tests\bin\Debug\net8.0-windows\CursorPhobia.Tests.dll" adapterTypeName="executor://xunit/VsTestRunner2/netcoreapp" className="CursorPhobia.Tests.ConfigurationServiceTests" name="SaveConfigurationAsync_WithPathTraversalAttempt_ThrowsArgumentException" />
    </UnitTest>
    <UnitTest name="CursorPhobia.Tests.CursorPhobiaConfigurationTests.Validate_WithMultipleErrors_ReturnsAllErrors" storage="x:\coding\cursorphobia\tests\bin\debug\net8.0-windows\cursorphobia.tests.dll" id="6d445861-6651-d4ab-f9e7-d87fa6a50ade">
      <Execution id="bd02798e-1452-46e8-b375-f40ee2cb659d" />
      <TestMethod codeBase="X:\coding\CursorPhobia\tests\bin\Debug\net8.0-windows\CursorPhobia.Tests.dll" adapterTypeName="executor://xunit/VsTestRunner2/netcoreapp" className="CursorPhobia.Tests.CursorPhobiaConfigurationTests" name="Validate_WithMultipleErrors_ReturnsAllErrors" />
    </UnitTest>
    <UnitTest name="CursorPhobia.Tests.MonitorConfigurationWatcherTests.StopMonitoring_WhenNotMonitoring_DoesNotThrow" storage="x:\coding\cursorphobia\tests\bin\debug\net8.0-windows\cursorphobia.tests.dll" id="27f20e49-3468-2de2-becd-8a6ee8dc1e07">
      <Execution id="4ea001b5-f989-47b0-8335-50bedde7ad9a" />
      <TestMethod codeBase="X:\coding\CursorPhobia\tests\bin\Debug\net8.0-windows\CursorPhobia.Tests.dll" adapterTypeName="executor://xunit/VsTestRunner2/netcoreapp" className="CursorPhobia.Tests.MonitorConfigurationWatcherTests" name="StopMonitoring_WhenNotMonitoring_DoesNotThrow" />
    </UnitTest>
    <UnitTest name="CursorPhobia.Tests.ProximityConfigurationTests.SensitivityMultipliers_WithValidValues_UpdateCorrectly(multiplier: 2.5)" storage="x:\coding\cursorphobia\tests\bin\debug\net8.0-windows\cursorphobia.tests.dll" id="7824c651-8347-5edb-a258-9be4c5aa96c2">
      <Execution id="a1b74f39-e262-4aad-91fe-5d53837b8e51" />
      <TestMethod codeBase="X:\coding\CursorPhobia\tests\bin\Debug\net8.0-windows\CursorPhobia.Tests.dll" adapterTypeName="executor://xunit/VsTestRunner2/netcoreapp" className="CursorPhobia.Tests.ProximityConfigurationTests" name="SensitivityMultipliers_WithValidValues_UpdateCorrectly" />
    </UnitTest>
    <UnitTest name="CursorPhobia.Tests.ConfigurationHotSwapTests.UpdateConfigurationAsync_WithHotSwappableChanges_AppliesChangesImmediately" storage="x:\coding\cursorphobia\tests\bin\debug\net8.0-windows\cursorphobia.tests.dll" id="22047f6d-2c54-e941-b6de-4f01f24b11fd">
      <Execution id="ac277099-7436-448a-b2c1-9ad0f0b98f01" />
      <TestMethod codeBase="X:\coding\CursorPhobia\tests\bin\Debug\net8.0-windows\CursorPhobia.Tests.dll" adapterTypeName="executor://xunit/VsTestRunner2/netcoreapp" className="CursorPhobia.Tests.ConfigurationHotSwapTests" name="UpdateConfigurationAsync_WithHotSwappableChanges_AppliesChangesImmediately" />
    </UnitTest>
    <UnitTest name="CursorPhobia.Tests.CursorTrackerTests.Constructor_WithInvalidConfiguration_ThrowsArgumentException" storage="x:\coding\cursorphobia\tests\bin\debug\net8.0-windows\cursorphobia.tests.dll" id="6b473983-9519-d802-b092-2852e2a2045b">
      <Execution id="48d5952c-823a-4227-8739-0d33cca4a2cd" />
      <TestMethod codeBase="X:\coding\CursorPhobia\tests\bin\Debug\net8.0-windows\CursorPhobia.Tests.dll" adapterTypeName="executor://xunit/VsTestRunner2/netcoreapp" className="CursorPhobia.Tests.CursorTrackerTests" name="Constructor_WithInvalidConfiguration_ThrowsArgumentException" />
    </UnitTest>
    <UnitTest name="CursorPhobia.Tests.MonitorConfigurationWatcherTests.CheckForChanges_WithMonitorRemoved_ReturnsTrueAndRaisesEvent" storage="x:\coding\cursorphobia\tests\bin\debug\net8.0-windows\cursorphobia.tests.dll" id="2884e817-c650-4306-8b04-c6d1544de07d">
      <Execution id="743b06e6-97b6-4957-81aa-de599a5069df" />
      <TestMethod codeBase="X:\coding\CursorPhobia\tests\bin\Debug\net8.0-windows\CursorPhobia.Tests.dll" adapterTypeName="executor://xunit/VsTestRunner2/netcoreapp" className="CursorPhobia.Tests.MonitorConfigurationWatcherTests" name="CheckForChanges_WithMonitorRemoved_ReturnsTrueAndRaisesEvent" />
    </UnitTest>
    <UnitTest name="CursorPhobia.Tests.MonitorConfigurationWatcherTests.Dispose_WhenMonitoring_StopsMonitoring" storage="x:\coding\cursorphobia\tests\bin\debug\net8.0-windows\cursorphobia.tests.dll" id="b799b918-3c0b-9a54-e354-eea0d31a430a">
      <Execution id="33bd5d6d-37b6-479c-8a89-c966b6805f88" />
      <TestMethod codeBase="X:\coding\CursorPhobia\tests\bin\Debug\net8.0-windows\CursorPhobia.Tests.dll" adapterTypeName="executor://xunit/VsTestRunner2/netcoreapp" className="CursorPhobia.Tests.MonitorConfigurationWatcherTests" name="Dispose_WhenMonitoring_StopsMonitoring" />
    </UnitTest>
    <UnitTest name="CursorPhobia.Tests.CursorPhobiaConfigurationTests.Validate_WithInvalidAnimationDuration_ReturnsError(duration: -1, expectedError: &quot;AnimationDurationMs cannot be negative&quot;)" storage="x:\coding\cursorphobia\tests\bin\debug\net8.0-windows\cursorphobia.tests.dll" id="fa51c00a-dd82-fd5e-08e4-85d17929792c">
      <Execution id="1473a1cc-a0b0-4f43-b875-a1e8a4459c98" />
      <TestMethod codeBase="X:\coding\CursorPhobia\tests\bin\Debug\net8.0-windows\CursorPhobia.Tests.dll" adapterTypeName="executor://xunit/VsTestRunner2/netcoreapp" className="CursorPhobia.Tests.CursorPhobiaConfigurationTests" name="Validate_WithInvalidAnimationDuration_ReturnsError" />
    </UnitTest>
    <UnitTest name="CursorPhobia.Tests.ConfigurationServiceTests.LoadConfigurationAsync_WithValidFile_LoadsConfiguration" storage="x:\coding\cursorphobia\tests\bin\debug\net8.0-windows\cursorphobia.tests.dll" id="e691938e-87c1-948c-1b0c-516da99adeea">
      <Execution id="46ed1feb-cc51-45f3-b58a-8a35762cc087" />
      <TestMethod codeBase="X:\coding\CursorPhobia\tests\bin\Debug\net8.0-windows\CursorPhobia.Tests.dll" adapterTypeName="executor://xunit/VsTestRunner2/netcoreapp" className="CursorPhobia.Tests.ConfigurationServiceTests" name="LoadConfigurationAsync_WithValidFile_LoadsConfiguration" />
    </UnitTest>
    <UnitTest name="CursorPhobia.Tests.ProximityConfigurationTests.SensitivityMultipliers_WithValidValues_UpdateCorrectly(multiplier: 0.10000000000000001)" storage="x:\coding\cursorphobia\tests\bin\debug\net8.0-windows\cursorphobia.tests.dll" id="05281445-3c70-40d1-a690-e71ce7ca544c">
      <Execution id="6f16d38d-1c26-41d6-a77e-1e4dfb8db22b" />
      <TestMethod codeBase="X:\coding\CursorPhobia\tests\bin\Debug\net8.0-windows\CursorPhobia.Tests.dll" adapterTypeName="executor://xunit/VsTestRunner2/netcoreapp" className="CursorPhobia.Tests.ProximityConfigurationTests" name="SensitivityMultipliers_WithValidValues_UpdateCorrectly" />
    </UnitTest>
    <UnitTest name="CursorPhobia.Tests.ConfigurationServiceTests.SaveConfigurationAsync_WithValidPath_PassesValidation" storage="x:\coding\cursorphobia\tests\bin\debug\net8.0-windows\cursorphobia.tests.dll" id="737ad571-0b9f-382c-74c7-5971dee9fa9f">
      <Execution id="54b30af2-64c5-45f3-89f3-c81f0629eb34" />
      <TestMethod codeBase="X:\coding\CursorPhobia\tests\bin\Debug\net8.0-windows\CursorPhobia.Tests.dll" adapterTypeName="executor://xunit/VsTestRunner2/netcoreapp" className="CursorPhobia.Tests.ConfigurationServiceTests" name="SaveConfigurationAsync_WithValidPath_PassesValidation" />
    </UnitTest>
    <UnitTest name="CursorPhobia.Tests.CursorPhobiaConfigurationTests.Validate_WithInvalidMaxUpdateInterval_ReturnsError(maxInterval: 5, expectedError: &quot;MaxUpdateIntervalMs must be at least 10ms to preve&quot;...)" storage="x:\coding\cursorphobia\tests\bin\debug\net8.0-windows\cursorphobia.tests.dll" id="045abe84-e2e2-bbb3-2b70-b37eebff26d2">
      <Execution id="059d9537-628e-4652-b3e3-ca0a4e30779f" />
      <TestMethod codeBase="X:\coding\CursorPhobia\tests\bin\Debug\net8.0-windows\CursorPhobia.Tests.dll" adapterTypeName="executor://xunit/VsTestRunner2/netcoreapp" className="CursorPhobia.Tests.CursorPhobiaConfigurationTests" name="Validate_WithInvalidMaxUpdateInterval_ReturnsError" />
    </UnitTest>
    <UnitTest name="CursorPhobia.Tests.ConfigurationBackupServiceTests.CleanupOldBackupsAsync_EmptyDirectory_ThrowsArgumentException" storage="x:\coding\cursorphobia\tests\bin\debug\net8.0-windows\cursorphobia.tests.dll" id="6dafc859-b879-9fed-5624-52307877e054">
      <Execution id="52b1812c-56b5-490d-9b35-740fbd89d5e2" />
      <TestMethod codeBase="X:\coding\CursorPhobia\tests\bin\Debug\net8.0-windows\CursorPhobia.Tests.dll" adapterTypeName="executor://xunit/VsTestRunner2/netcoreapp" className="CursorPhobia.Tests.ConfigurationBackupServiceTests" name="CleanupOldBackupsAsync_EmptyDirectory_ThrowsArgumentException" />
    </UnitTest>
    <UnitTest name="CursorPhobia.Tests.MultiMonitorConfigurationTests.Validate_DefaultConfiguration_ShouldReturnNoErrors" storage="x:\coding\cursorphobia\tests\bin\debug\net8.0-windows\cursorphobia.tests.dll" id="eda2f8eb-95ab-3662-8984-f42e393fab4d">
      <Execution id="f204200c-d5be-4989-85c7-eb1f73270501" />
      <TestMethod codeBase="X:\coding\CursorPhobia\tests\bin\Debug\net8.0-windows\CursorPhobia.Tests.dll" adapterTypeName="executor://xunit/VsTestRunner2/netcoreapp" className="CursorPhobia.Tests.MultiMonitorConfigurationTests" name="Validate_DefaultConfiguration_ShouldReturnNoErrors" />
    </UnitTest>
    <UnitTest name="CursorPhobia.Tests.ProximityConfigurationTests.Validate_WithInvalidVerticalSensitivity_ReturnsError(multiplier: 0, expectedError: &quot;VerticalSensitivityMultiplier must be greater than&quot;...)" storage="x:\coding\cursorphobia\tests\bin\debug\net8.0-windows\cursorphobia.tests.dll" id="321de7f8-2868-a12b-f7ed-73987e12b8c4">
      <Execution id="d44cee38-68cd-48a0-ac76-741f3ab3668a" />
      <TestMethod codeBase="X:\coding\CursorPhobia\tests\bin\Debug\net8.0-windows\CursorPhobia.Tests.dll" adapterTypeName="executor://xunit/VsTestRunner2/netcoreapp" className="CursorPhobia.Tests.ProximityConfigurationTests" name="Validate_WithInvalidVerticalSensitivity_ReturnsError" />
    </UnitTest>
    <UnitTest name="CursorPhobia.Tests.CursorPhobiaConfigurationTests.Validate_WithInvalidScreenEdgeBuffer_ReturnsError(buffer: 150, expectedError: &quot;ScreenEdgeBuffer should not exceed 100 pixels for &quot;...)" storage="x:\coding\cursorphobia\tests\bin\debug\net8.0-windows\cursorphobia.tests.dll" id="a1af10a1-9cfc-edd2-6cb6-4bfaf1de793c">
      <Execution id="0aa15858-b737-4f54-a7ba-9c862d6000df" />
      <TestMethod codeBase="X:\coding\CursorPhobia\tests\bin\Debug\net8.0-windows\CursorPhobia.Tests.dll" adapterTypeName="executor://xunit/VsTestRunner2/netcoreapp" className="CursorPhobia.Tests.CursorPhobiaConfigurationTests" name="Validate_WithInvalidScreenEdgeBuffer_ReturnsError" />
    </UnitTest>
    <UnitTest name="CursorPhobia.Tests.CursorPhobiaConfigurationTests.CreateResponsivenessOptimized_ReturnsValidConfiguration" storage="x:\coding\cursorphobia\tests\bin\debug\net8.0-windows\cursorphobia.tests.dll" id="f7fb9653-775c-ff34-67fa-413614a583e4">
      <Execution id="64abca42-f1f7-44cc-ba30-5606f76d4ccd" />
      <TestMethod codeBase="X:\coding\CursorPhobia\tests\bin\Debug\net8.0-windows\CursorPhobia.Tests.dll" adapterTypeName="executor://xunit/VsTestRunner2/netcoreapp" className="CursorPhobia.Tests.CursorPhobiaConfigurationTests" name="CreateResponsivenessOptimized_ReturnsValidConfiguration" />
    </UnitTest>
    <UnitTest name="CursorPhobia.Tests.ConfigurationWatcherTests.StartWatchingAsync_ValidPath_StartsSuccessfully" storage="x:\coding\cursorphobia\tests\bin\debug\net8.0-windows\cursorphobia.tests.dll" id="6bc0232e-b7ff-b83c-f693-f2def0031eb2">
      <Execution id="d271532a-f6b3-4c53-a1e2-b4a8a5159019" />
      <TestMethod codeBase="X:\coding\CursorPhobia\tests\bin\Debug\net8.0-windows\CursorPhobia.Tests.dll" adapterTypeName="executor://xunit/VsTestRunner2/netcoreapp" className="CursorPhobia.Tests.ConfigurationWatcherTests" name="StartWatchingAsync_ValidPath_StartsSuccessfully" />
    </UnitTest>
    <UnitTest name="CursorPhobia.Tests.ConfigurationServiceTests.ConfigurationService_RoundTrip_PreservesAllProperties" storage="x:\coding\cursorphobia\tests\bin\debug\net8.0-windows\cursorphobia.tests.dll" id="87b80af4-85b6-1f4f-3de4-a20f2bb40264">
      <Execution id="eea83c1a-67be-4e7b-8eb8-4a57f127db43" />
      <TestMethod codeBase="X:\coding\CursorPhobia\tests\bin\Debug\net8.0-windows\CursorPhobia.Tests.dll" adapterTypeName="executor://xunit/VsTestRunner2/netcoreapp" className="CursorPhobia.Tests.ConfigurationServiceTests" name="ConfigurationService_RoundTrip_PreservesAllProperties" />
    </UnitTest>
    <UnitTest name="CursorPhobia.Tests.ConfigurationHotSwapTests.UpdateConfigurationAsync_WithRestartRequiredChanges_QueuesChangesForRestart" storage="x:\coding\cursorphobia\tests\bin\debug\net8.0-windows\cursorphobia.tests.dll" id="9256f665-dd73-5db1-87e7-adca2fbbac44">
      <Execution id="077ea915-d4a5-4fc7-b69f-ed60543ce811" />
      <TestMethod codeBase="X:\coding\CursorPhobia\tests\bin\Debug\net8.0-windows\CursorPhobia.Tests.dll" adapterTypeName="executor://xunit/VsTestRunner2/netcoreapp" className="CursorPhobia.Tests.ConfigurationHotSwapTests" name="UpdateConfigurationAsync_WithRestartRequiredChanges_QueuesChangesForRestart" />
    </UnitTest>
    <UnitTest name="CursorPhobia.Tests.MonitorConfigurationWatcherTests.CheckForChanges_AfterDispose_ReturnsFalse" storage="x:\coding\cursorphobia\tests\bin\debug\net8.0-windows\cursorphobia.tests.dll" id="7baca310-2aee-8aea-5f9c-90a48a607a26">
      <Execution id="c2acbe1b-4adf-437c-8793-c7b6dfacd8a9" />
      <TestMethod codeBase="X:\coding\CursorPhobia\tests\bin\Debug\net8.0-windows\CursorPhobia.Tests.dll" adapterTypeName="executor://xunit/VsTestRunner2/netcoreapp" className="CursorPhobia.Tests.MonitorConfigurationWatcherTests" name="CheckForChanges_AfterDispose_ReturnsFalse" />
    </UnitTest>
    <UnitTest name="CursorPhobia.Tests.ConfigurationBackupServiceTests.RestoreFromBackupAsync_NonExistentFile_ReturnsNull" storage="x:\coding\cursorphobia\tests\bin\debug\net8.0-windows\cursorphobia.tests.dll" id="20e4b5b0-e93f-d260-e460-142f84207476">
      <Execution id="64f96f2e-817a-48a6-ab09-3455e449a90a" />
      <TestMethod codeBase="X:\coding\CursorPhobia\tests\bin\Debug\net8.0-windows\CursorPhobia.Tests.dll" adapterTypeName="executor://xunit/VsTestRunner2/netcoreapp" className="CursorPhobia.Tests.ConfigurationBackupServiceTests" name="RestoreFromBackupAsync_NonExistentFile_ReturnsNull" />
    </UnitTest>
    <UnitTest name="CursorPhobia.Tests.CursorTrackerTests.CursorTracker_WithDifferentConfigurations_CreatesSuccessfully" storage="x:\coding\cursorphobia\tests\bin\debug\net8.0-windows\cursorphobia.tests.dll" id="b2cf5539-208b-2666-33c8-651e635ae308">
      <Execution id="e192abc9-bfa2-4722-a40c-5aba5fb60e0e" />
      <TestMethod codeBase="X:\coding\CursorPhobia\tests\bin\Debug\net8.0-windows\CursorPhobia.Tests.dll" adapterTypeName="executor://xunit/VsTestRunner2/netcoreapp" className="CursorPhobia.Tests.CursorTrackerTests" name="CursorTracker_WithDifferentConfigurations_CreatesSuccessfully" />
    </UnitTest>
    <UnitTest name="CursorPhobia.Tests.ConfigurationBackupServiceTests.RestoreFromBackupAsync_ValidBackup_ReturnsConfiguration" storage="x:\coding\cursorphobia\tests\bin\debug\net8.0-windows\cursorphobia.tests.dll" id="99faf843-9156-5207-41c3-023bf165434b">
      <Execution id="3adfe9c5-be0a-43a6-9fe5-4c20dcc73206" />
      <TestMethod codeBase="X:\coding\CursorPhobia\tests\bin\Debug\net8.0-windows\CursorPhobia.Tests.dll" adapterTypeName="executor://xunit/VsTestRunner2/netcoreapp" className="CursorPhobia.Tests.ConfigurationBackupServiceTests" name="RestoreFromBackupAsync_ValidBackup_ReturnsConfiguration" />
    </UnitTest>
    <UnitTest name="CursorPhobia.Tests.ConfigurationBackupServiceTests.CreateBackupAsync_NonExistentBackupDirectory_CreatesDirectory" storage="x:\coding\cursorphobia\tests\bin\debug\net8.0-windows\cursorphobia.tests.dll" id="5b54aabc-a821-72c9-ee14-a176a7c985c9">
      <Execution id="78e08e4e-a3e1-45d2-99f9-77c6a4c79a30" />
      <TestMethod codeBase="X:\coding\CursorPhobia\tests\bin\Debug\net8.0-windows\CursorPhobia.Tests.dll" adapterTypeName="executor://xunit/VsTestRunner2/netcoreapp" className="CursorPhobia.Tests.ConfigurationBackupServiceTests" name="CreateBackupAsync_NonExistentBackupDirectory_CreatesDirectory" />
    </UnitTest>
    <UnitTest name="CursorPhobia.Tests.ConfigurationServiceTests.SaveConfigurationAsync_WithNullConfig_ThrowsArgumentNullException" storage="x:\coding\cursorphobia\tests\bin\debug\net8.0-windows\cursorphobia.tests.dll" id="a5a3da78-4b51-77ac-ae2c-fd47931f2ef7">
      <Execution id="558d9d05-1a39-4972-8e23-3251465b0184" />
      <TestMethod codeBase="X:\coding\CursorPhobia\tests\bin\Debug\net8.0-windows\CursorPhobia.Tests.dll" adapterTypeName="executor://xunit/VsTestRunner2/netcoreapp" className="CursorPhobia.Tests.ConfigurationServiceTests" name="SaveConfigurationAsync_WithNullConfig_ThrowsArgumentNullException" />
    </UnitTest>
    <UnitTest name="CursorPhobia.Tests.MonitorManagerIntegrationTests.Dispose_WithConfigurationWatcher_DisposesWatcher" storage="x:\coding\cursorphobia\tests\bin\debug\net8.0-windows\cursorphobia.tests.dll" id="a18ee0b1-76a5-8bdd-cfc0-aa839ae94bad">
      <Execution id="ee78f349-8f53-4888-9750-762c7e00c304" />
      <TestMethod codeBase="X:\coding\CursorPhobia\tests\bin\Debug\net8.0-windows\CursorPhobia.Tests.dll" adapterTypeName="executor://xunit/VsTestRunner2/netcoreapp" className="CursorPhobia.Tests.MonitorManagerIntegrationTests" name="Dispose_WithConfigurationWatcher_DisposesWatcher" />
    </UnitTest>
    <UnitTest name="CursorPhobia.Tests.ConfigurationBackupServiceTests.CleanupOldBackupsAsync_MoreBackupsThanLimit_RemovesOldest" storage="x:\coding\cursorphobia\tests\bin\debug\net8.0-windows\cursorphobia.tests.dll" id="20388fd7-ccec-eba4-4ac5-a6da2125026e">
      <Execution id="787f1839-c5c8-4080-a650-b88278954fa8" />
      <TestMethod codeBase="X:\coding\CursorPhobia\tests\bin\Debug\net8.0-windows\CursorPhobia.Tests.dll" adapterTypeName="executor://xunit/VsTestRunner2/netcoreapp" className="CursorPhobia.Tests.ConfigurationBackupServiceTests" name="CleanupOldBackupsAsync_MoreBackupsThanLimit_RemovesOldest" />
    </UnitTest>
    <UnitTest name="CursorPhobia.Tests.CursorPhobiaConfigurationTests.Validate_WithInvalidMaxUpdateInterval_ReturnsError(maxInterval: 1500, expectedError: &quot;MaxUpdateIntervalMs should not exceed 1000ms for r&quot;...)" storage="x:\coding\cursorphobia\tests\bin\debug\net8.0-windows\cursorphobia.tests.dll" id="26ca5a5e-bfea-549d-b199-bef3d3ea8682">
      <Execution id="f20d793f-c57b-4136-836d-02dd6e5367a8" />
      <TestMethod codeBase="X:\coding\CursorPhobia\tests\bin\Debug\net8.0-windows\CursorPhobia.Tests.dll" adapterTypeName="executor://xunit/VsTestRunner2/netcoreapp" className="CursorPhobia.Tests.CursorPhobiaConfigurationTests" name="Validate_WithInvalidMaxUpdateInterval_ReturnsError" />
    </UnitTest>
    <UnitTest name="CursorPhobia.Tests.CursorPhobiaConfigurationTests.CreateDefault_ReturnsValidConfiguration" storage="x:\coding\cursorphobia\tests\bin\debug\net8.0-windows\cursorphobia.tests.dll" id="1673129b-5cfe-5d5e-8bcf-560a681ad273">
      <Execution id="62112da6-c178-43d3-b4cf-14395442510d" />
      <TestMethod codeBase="X:\coding\CursorPhobia\tests\bin\Debug\net8.0-windows\CursorPhobia.Tests.dll" adapterTypeName="executor://xunit/VsTestRunner2/netcoreapp" className="CursorPhobia.Tests.CursorPhobiaConfigurationTests" name="CreateDefault_ReturnsValidConfiguration" />
    </UnitTest>
    <UnitTest name="CursorPhobia.Tests.SafetyManagerTests.Constructor_WithInvalidConfiguration_ThrowsArgumentException" storage="x:\coding\cursorphobia\tests\bin\debug\net8.0-windows\cursorphobia.tests.dll" id="686f6f7c-441f-7637-891a-516b82df71e7">
      <Execution id="72bcd516-7a62-4ce1-9525-fbdcc8729aad" />
      <TestMethod codeBase="X:\coding\CursorPhobia\tests\bin\Debug\net8.0-windows\CursorPhobia.Tests.dll" adapterTypeName="executor://xunit/VsTestRunner2/netcoreapp" className="CursorPhobia.Tests.SafetyManagerTests" name="Constructor_WithInvalidConfiguration_ThrowsArgumentException" />
    </UnitTest>
    <UnitTest name="CursorPhobia.Tests.ConfigurationBackupServiceTests.CreateBackupAsync_FourBackups_DeletesOldest" storage="x:\coding\cursorphobia\tests\bin\debug\net8.0-windows\cursorphobia.tests.dll" id="61df5a80-c8a8-f49c-54fa-f5ee1f5f3c50">
      <Execution id="23ef150d-5360-4f3c-ad3c-88e239190155" />
      <TestMethod codeBase="X:\coding\CursorPhobia\tests\bin\Debug\net8.0-windows\CursorPhobia.Tests.dll" adapterTypeName="executor://xunit/VsTestRunner2/netcoreapp" className="CursorPhobia.Tests.ConfigurationBackupServiceTests" name="CreateBackupAsync_FourBackups_DeletesOldest" />
    </UnitTest>
    <UnitTest name="CursorPhobia.Tests.ConfigurationServiceTests.LoadConfigurationAsync_WithNonExistentFile_CreatesDefaultConfigurationFile" storage="x:\coding\cursorphobia\tests\bin\debug\net8.0-windows\cursorphobia.tests.dll" id="3f32b888-0206-2ca8-9147-2a74f1e85736">
      <Execution id="2344dc01-10eb-4c65-ac8b-64a515af98ad" />
      <TestMethod codeBase="X:\coding\CursorPhobia\tests\bin\Debug\net8.0-windows\CursorPhobia.Tests.dll" adapterTypeName="executor://xunit/VsTestRunner2/netcoreapp" className="CursorPhobia.Tests.ConfigurationServiceTests" name="LoadConfigurationAsync_WithNonExistentFile_CreatesDefaultConfigurationFile" />
    </UnitTest>
    <UnitTest name="CursorPhobia.Tests.ConfigurationWatcherTests.Dispose_WhenWatching_StopsWatchingGracefully" storage="x:\coding\cursorphobia\tests\bin\debug\net8.0-windows\cursorphobia.tests.dll" id="a1eaf265-9012-e400-57dd-41a39d916926">
      <Execution id="57f6e67d-c313-4b13-90c7-cb0e2debb662" />
      <TestMethod codeBase="X:\coding\CursorPhobia\tests\bin\Debug\net8.0-windows\CursorPhobia.Tests.dll" adapterTypeName="executor://xunit/VsTestRunner2/netcoreapp" className="CursorPhobia.Tests.ConfigurationWatcherTests" name="Dispose_WhenWatching_StopsWatchingGracefully" />
    </UnitTest>
    <UnitTest name="CursorPhobia.Tests.UI.SettingsViewModelTests.SettingsViewModel_Configuration_SetNewConfig_TriggersPropertyChanges" storage="x:\coding\cursorphobia\tests\bin\debug\net8.0-windows\cursorphobia.tests.dll" id="66dfda87-118a-d857-ed9f-af4ca13ddccd">
      <Execution id="4a44c4b4-2668-43cd-be7f-afb6df9d990c" />
      <TestMethod codeBase="X:\coding\CursorPhobia\tests\bin\Debug\net8.0-windows\CursorPhobia.Tests.dll" adapterTypeName="executor://xunit/VsTestRunner2/netcoreapp" className="CursorPhobia.Tests.UI.SettingsViewModelTests" name="SettingsViewModel_Configuration_SetNewConfig_TriggersPropertyChanges" />
    </UnitTest>
    <UnitTest name="CursorPhobia.Tests.ConfigurationBackupServiceTests.Constructor_WithValidLogger_CreatesInstance" storage="x:\coding\cursorphobia\tests\bin\debug\net8.0-windows\cursorphobia.tests.dll" id="d9cf17c7-10c6-fe63-7d8d-2b3851e8ce99">
      <Execution id="4d3dbf2f-6350-4032-9cb6-ba9c4a77fcfd" />
      <TestMethod codeBase="X:\coding\CursorPhobia\tests\bin\Debug\net8.0-windows\CursorPhobia.Tests.dll" adapterTypeName="executor://xunit/VsTestRunner2/netcoreapp" className="CursorPhobia.Tests.ConfigurationBackupServiceTests" name="Constructor_WithValidLogger_CreatesInstance" />
    </UnitTest>
    <UnitTest name="CursorPhobia.Tests.ConfigurationBackupServiceTests.CleanupOldBackupsAsync_NonExistentDirectory_LogsAndReturns" storage="x:\coding\cursorphobia\tests\bin\debug\net8.0-windows\cursorphobia.tests.dll" id="187c2b55-3329-79c3-891f-f5eedd7e0b60">
      <Execution id="23623122-e8ce-4000-af8c-5e2ade851d56" />
      <TestMethod codeBase="X:\coding\CursorPhobia\tests\bin\Debug\net8.0-windows\CursorPhobia.Tests.dll" adapterTypeName="executor://xunit/VsTestRunner2/netcoreapp" className="CursorPhobia.Tests.ConfigurationBackupServiceTests" name="CleanupOldBackupsAsync_NonExistentDirectory_LogsAndReturns" />
    </UnitTest>
    <UnitTest name="CursorPhobia.Tests.ConfigurationBackupServiceTests.CreateBackupAsync_MultipleBackups_RotatesCorrectly" storage="x:\coding\cursorphobia\tests\bin\debug\net8.0-windows\cursorphobia.tests.dll" id="dde6bd31-1b47-6865-f1dd-76532060cc5a">
      <Execution id="6d0df2d7-29ae-4fc6-be89-ae879e0b13fa" />
      <TestMethod codeBase="X:\coding\CursorPhobia\tests\bin\Debug\net8.0-windows\CursorPhobia.Tests.dll" adapterTypeName="executor://xunit/VsTestRunner2/netcoreapp" className="CursorPhobia.Tests.ConfigurationBackupServiceTests" name="CreateBackupAsync_MultipleBackups_RotatesCorrectly" />
    </UnitTest>
    <UnitTest name="CursorPhobia.Tests.ConfigurationWatcherTests.ConfigurationChange_ValidFile_FiresChangedEvent" storage="x:\coding\cursorphobia\tests\bin\debug\net8.0-windows\cursorphobia.tests.dll" id="7f4f2416-2f2e-28e3-a55e-3bd1044ed648">
      <Execution id="44427283-88ad-44ad-86ce-8f9997a23acf" />
      <TestMethod codeBase="X:\coding\CursorPhobia\tests\bin\Debug\net8.0-windows\CursorPhobia.Tests.dll" adapterTypeName="executor://xunit/VsTestRunner2/netcoreapp" className="CursorPhobia.Tests.ConfigurationWatcherTests" name="ConfigurationChange_ValidFile_FiresChangedEvent" />
    </UnitTest>
    <UnitTest name="CursorPhobia.Tests.ConfigurationServiceTests.SaveConfigurationAsync_CreatesDirectoryIfNeeded" storage="x:\coding\cursorphobia\tests\bin\debug\net8.0-windows\cursorphobia.tests.dll" id="f8d8accb-5d4d-bb3d-1ae0-7f87f3169f1f">
      <Execution id="6a222169-3fca-4fb5-a1ae-b85c9c577a00" />
      <TestMethod codeBase="X:\coding\CursorPhobia\tests\bin\Debug\net8.0-windows\CursorPhobia.Tests.dll" adapterTypeName="executor://xunit/VsTestRunner2/netcoreapp" className="CursorPhobia.Tests.ConfigurationServiceTests" name="SaveConfigurationAsync_CreatesDirectoryIfNeeded" />
    </UnitTest>
    <UnitTest name="CursorPhobia.Tests.ConfigurationBackupServiceTests.CleanupOldBackupsAsync_FewerBackupsThanLimit_NoCleanup" storage="x:\coding\cursorphobia\tests\bin\debug\net8.0-windows\cursorphobia.tests.dll" id="24de4f03-b88d-7be2-76f6-71f030cd783e">
      <Execution id="7f095de6-7205-406f-a759-5322104e9881" />
      <TestMethod codeBase="X:\coding\CursorPhobia\tests\bin\Debug\net8.0-windows\CursorPhobia.Tests.dll" adapterTypeName="executor://xunit/VsTestRunner2/netcoreapp" className="CursorPhobia.Tests.ConfigurationBackupServiceTests" name="CleanupOldBackupsAsync_FewerBackupsThanLimit_NoCleanup" />
    </UnitTest>
    <UnitTest name="CursorPhobia.Tests.MonitorConfigurationWatcherTests.CheckForChanges_WithComplexChanges_ReturnsComplexChangeType" storage="x:\coding\cursorphobia\tests\bin\debug\net8.0-windows\cursorphobia.tests.dll" id="7c94411c-53c7-348f-cd02-a2c2def127ac">
      <Execution id="af85e7da-5b2f-498b-807a-2e8c8436b49e" />
      <TestMethod codeBase="X:\coding\CursorPhobia\tests\bin\Debug\net8.0-windows\CursorPhobia.Tests.dll" adapterTypeName="executor://xunit/VsTestRunner2/netcoreapp" className="CursorPhobia.Tests.MonitorConfigurationWatcherTests" name="CheckForChanges_WithComplexChanges_ReturnsComplexChangeType" />
    </UnitTest>
    <UnitTest name="CursorPhobia.Tests.ProximityConfigurationTests.Validate_WithInvalidHorizontalSensitivity_ReturnsError(multiplier: 0, expectedError: &quot;HorizontalSensitivityMultiplier must be greater th&quot;...)" storage="x:\coding\cursorphobia\tests\bin\debug\net8.0-windows\cursorphobia.tests.dll" id="53b7a4ad-53ec-c301-050d-48435e24d82e">
      <Execution id="92802954-ac25-4a98-86db-0d46dd3720a1" />
      <TestMethod codeBase="X:\coding\CursorPhobia\tests\bin\Debug\net8.0-windows\CursorPhobia.Tests.dll" adapterTypeName="executor://xunit/VsTestRunner2/netcoreapp" className="CursorPhobia.Tests.ProximityConfigurationTests" name="Validate_WithInvalidHorizontalSensitivity_ReturnsError" />
    </UnitTest>
    <UnitTest name="CursorPhobia.Tests.ConfigurationBackupServiceTests.CreateBackupAsync_NonExistentSourceFile_LogsWarningAndReturns" storage="x:\coding\cursorphobia\tests\bin\debug\net8.0-windows\cursorphobia.tests.dll" id="291791c2-5b8e-5ff8-9f32-f73478de3989">
      <Execution id="98dbfff9-fbd5-4d59-b48e-10a01ab8a914" />
      <TestMethod codeBase="X:\coding\CursorPhobia\tests\bin\Debug\net8.0-windows\CursorPhobia.Tests.dll" adapterTypeName="executor://xunit/VsTestRunner2/netcoreapp" className="CursorPhobia.Tests.ConfigurationBackupServiceTests" name="CreateBackupAsync_NonExistentSourceFile_LogsWarningAndReturns" />
    </UnitTest>
    <UnitTest name="CursorPhobia.Tests.UI.SettingsFormTests.SettingsForm_SaveConfiguration_SavesCorrectly" storage="x:\coding\cursorphobia\tests\bin\debug\net8.0-windows\cursorphobia.tests.dll" id="5bee5ea4-023c-9f55-897d-cc32b0f158e6">
      <Execution id="0417f13f-2089-466b-95fa-73cde17f28b3" />
      <TestMethod codeBase="X:\coding\CursorPhobia\tests\bin\Debug\net8.0-windows\CursorPhobia.Tests.dll" adapterTypeName="executor://xunit/VsTestRunner2/netcoreapp" className="CursorPhobia.Tests.UI.SettingsFormTests" name="SettingsForm_SaveConfiguration_SavesCorrectly" />
    </UnitTest>
    <UnitTest name="CursorPhobia.Tests.UI.SettingsFormTests.SettingsForm_ResetToDefaults_ResetsConfiguration" storage="x:\coding\cursorphobia\tests\bin\debug\net8.0-windows\cursorphobia.tests.dll" id="28b09fac-be3a-a9e3-0bde-14c347aeec1e">
      <Execution id="baa37c42-533e-4ebf-9de6-a157e592abec" />
      <TestMethod codeBase="X:\coding\CursorPhobia\tests\bin\Debug\net8.0-windows\CursorPhobia.Tests.dll" adapterTypeName="executor://xunit/VsTestRunner2/netcoreapp" className="CursorPhobia.Tests.UI.SettingsFormTests" name="SettingsForm_ResetToDefaults_ResetsConfiguration" />
    </UnitTest>
    <UnitTest name="CursorPhobia.Tests.ConfigurationWatcherTests.StartWatchingAsync_InvalidPath_ReturnsFalse" storage="x:\coding\cursorphobia\tests\bin\debug\net8.0-windows\cursorphobia.tests.dll" id="58897852-6a39-7733-7815-c6808d914707">
      <Execution id="0ed067f1-01f2-488f-a9bd-6f3ebaffa44e" />
      <TestMethod codeBase="X:\coding\CursorPhobia\tests\bin\Debug\net8.0-windows\CursorPhobia.Tests.dll" adapterTypeName="executor://xunit/VsTestRunner2/netcoreapp" className="CursorPhobia.Tests.ConfigurationWatcherTests" name="StartWatchingAsync_InvalidPath_ReturnsFalse" />
    </UnitTest>
    <UnitTest name="CursorPhobia.Tests.ProximityConfigurationTests.Validate_WithInvalidHorizontalSensitivity_ReturnsError(multiplier: -1, expectedError: &quot;HorizontalSensitivityMultiplier must be greater th&quot;...)" storage="x:\coding\cursorphobia\tests\bin\debug\net8.0-windows\cursorphobia.tests.dll" id="4a23c186-6e79-7508-4532-a31fd0767968">
      <Execution id="45791341-3c6a-41e1-ad17-1182880f1ad2" />
      <TestMethod codeBase="X:\coding\CursorPhobia\tests\bin\Debug\net8.0-windows\CursorPhobia.Tests.dll" adapterTypeName="executor://xunit/VsTestRunner2/netcoreapp" className="CursorPhobia.Tests.ProximityConfigurationTests" name="Validate_WithInvalidHorizontalSensitivity_ReturnsError" />
    </UnitTest>
    <UnitTest name="CursorPhobia.Tests.ConfigurationBackupServiceTests.RestoreFromBackupAsync_NullBackupPath_ThrowsArgumentException" storage="x:\coding\cursorphobia\tests\bin\debug\net8.0-windows\cursorphobia.tests.dll" id="a4b22db4-580f-0559-ad52-86bf6b3437d6">
      <Execution id="dd837203-8ae8-4b7f-981e-fc505b1a93a0" />
      <TestMethod codeBase="X:\coding\CursorPhobia\tests\bin\Debug\net8.0-windows\CursorPhobia.Tests.dll" adapterTypeName="executor://xunit/VsTestRunner2/netcoreapp" className="CursorPhobia.Tests.ConfigurationBackupServiceTests" name="RestoreFromBackupAsync_NullBackupPath_ThrowsArgumentException" />
    </UnitTest>
    <UnitTest name="CursorPhobia.Tests.ConfigurationBackupServiceTests.CreateBackupAsync_EmptySourcePath_ThrowsArgumentException" storage="x:\coding\cursorphobia\tests\bin\debug\net8.0-windows\cursorphobia.tests.dll" id="e4c4a38e-011b-8578-a237-5132b7f3698e">
      <Execution id="8b25e730-818b-4cfd-ba31-6f25dc2c1b42" />
      <TestMethod codeBase="X:\coding\CursorPhobia\tests\bin\Debug\net8.0-windows\CursorPhobia.Tests.dll" adapterTypeName="executor://xunit/VsTestRunner2/netcoreapp" className="CursorPhobia.Tests.ConfigurationBackupServiceTests" name="CreateBackupAsync_EmptySourcePath_ThrowsArgumentException" />
    </UnitTest>
    <UnitTest name="CursorPhobia.Tests.MonitorConfigurationWatcherTests.StartMonitoring_WhenAlreadyMonitoring_DoesNotThrow" storage="x:\coding\cursorphobia\tests\bin\debug\net8.0-windows\cursorphobia.tests.dll" id="cb0f7ea4-70c7-1dff-9fa7-48645400c9bc">
      <Execution id="cf7a0c84-3e2b-44d3-8e45-7397faa9c3b2" />
      <TestMethod codeBase="X:\coding\CursorPhobia\tests\bin\Debug\net8.0-windows\CursorPhobia.Tests.dll" adapterTypeName="executor://xunit/VsTestRunner2/netcoreapp" className="CursorPhobia.Tests.MonitorConfigurationWatcherTests" name="StartMonitoring_WhenAlreadyMonitoring_DoesNotThrow" />
    </UnitTest>
    <UnitTest name="CursorPhobia.Tests.ConfigurationHotSwapTests.UpdateConfigurationAsync_DisablingHoverTimeout_ResetsWindowHoverStates" storage="x:\coding\cursorphobia\tests\bin\debug\net8.0-windows\cursorphobia.tests.dll" id="a1ebfcdb-999f-c792-a21f-87667d924b1d">
      <Execution id="29cfd927-cea7-4aa0-8fa8-6f3cf6fc109a" />
      <TestMethod codeBase="X:\coding\CursorPhobia\tests\bin\Debug\net8.0-windows\CursorPhobia.Tests.dll" adapterTypeName="executor://xunit/VsTestRunner2/netcoreapp" className="CursorPhobia.Tests.ConfigurationHotSwapTests" name="UpdateConfigurationAsync_DisablingHoverTimeout_ResetsWindowHoverStates" />
    </UnitTest>
    <UnitTest name="CursorPhobia.Tests.ConfigurationServiceTests.SaveConfigurationAsync_WithInvalidConfig_ThrowsArgumentException" storage="x:\coding\cursorphobia\tests\bin\debug\net8.0-windows\cursorphobia.tests.dll" id="a240fa8e-59ce-013e-700b-43cb55869fa4">
      <Execution id="0799a758-e819-4a61-94e1-80ea1a5e9560" />
      <TestMethod codeBase="X:\coding\CursorPhobia\tests\bin\Debug\net8.0-windows\CursorPhobia.Tests.dll" adapterTypeName="executor://xunit/VsTestRunner2/netcoreapp" className="CursorPhobia.Tests.ConfigurationServiceTests" name="SaveConfigurationAsync_WithInvalidConfig_ThrowsArgumentException" />
    </UnitTest>
    <UnitTest name="CursorPhobia.Tests.ConfigurationHotSwapTests.UpdateConfigurationAsync_WithNullConfiguration_ThrowsArgumentNullException" storage="x:\coding\cursorphobia\tests\bin\debug\net8.0-windows\cursorphobia.tests.dll" id="b4c2bf34-f02f-5a3f-6ac8-763a8f18b59b">
      <Execution id="cefa28e8-fe0f-4624-ab92-6a3133faf210" />
      <TestMethod codeBase="X:\coding\CursorPhobia\tests\bin\Debug\net8.0-windows\CursorPhobia.Tests.dll" adapterTypeName="executor://xunit/VsTestRunner2/netcoreapp" className="CursorPhobia.Tests.ConfigurationHotSwapTests" name="UpdateConfigurationAsync_WithNullConfiguration_ThrowsArgumentNullException" />
    </UnitTest>
    <UnitTest name="CursorPhobia.Tests.CursorPhobiaConfigurationTests.Validate_WithInvalidPushDistance_ReturnsError(distance: 1100, expectedError: &quot;PushDistance should not exceed 1000 pixels to prev&quot;...)" storage="x:\coding\cursorphobia\tests\bin\debug\net8.0-windows\cursorphobia.tests.dll" id="36d0984c-5c9c-59e1-7fc0-160ac6cbd855">
      <Execution id="920310ca-a421-42c7-a648-3915be4ddac6" />
      <TestMethod codeBase="X:\coding\CursorPhobia\tests\bin\Debug\net8.0-windows\CursorPhobia.Tests.dll" adapterTypeName="executor://xunit/VsTestRunner2/netcoreapp" className="CursorPhobia.Tests.CursorPhobiaConfigurationTests" name="Validate_WithInvalidPushDistance_ReturnsError" />
    </UnitTest>
    <UnitTest name="CursorPhobia.Tests.ConfigurationWatcherTests.ConfigurationChange_WithValidationErrors_LoadsDefaultConfiguration" storage="x:\coding\cursorphobia\tests\bin\debug\net8.0-windows\cursorphobia.tests.dll" id="69de4300-40df-8dd4-2eb1-d3f7c563f9c5">
      <Execution id="f544182b-3762-4f8b-a486-b11ffb674512" />
      <TestMethod codeBase="X:\coding\CursorPhobia\tests\bin\Debug\net8.0-windows\CursorPhobia.Tests.dll" adapterTypeName="executor://xunit/VsTestRunner2/netcoreapp" className="CursorPhobia.Tests.ConfigurationWatcherTests" name="ConfigurationChange_WithValidationErrors_LoadsDefaultConfiguration" />
    </UnitTest>
    <UnitTest name="CursorPhobia.Tests.MonitorConfigurationWatcherTests.Constructor_WithNullMonitorManager_ThrowsArgumentNullException" storage="x:\coding\cursorphobia\tests\bin\debug\net8.0-windows\cursorphobia.tests.dll" id="456ef543-78d9-f075-1814-e48ae64d503c">
      <Execution id="86e99370-ff2e-4c6b-9fb2-4426e35ef086" />
      <TestMethod codeBase="X:\coding\CursorPhobia\tests\bin\Debug\net8.0-windows\CursorPhobia.Tests.dll" adapterTypeName="executor://xunit/VsTestRunner2/netcoreapp" className="CursorPhobia.Tests.MonitorConfigurationWatcherTests" name="Constructor_WithNullMonitorManager_ThrowsArgumentNullException" />
    </UnitTest>
    <UnitTest name="CursorPhobia.Tests.MonitorConfigurationWatcherTests.MonitorChangeEventArgs_GetRemovedMonitors_ReturnsCorrectMonitors" storage="x:\coding\cursorphobia\tests\bin\debug\net8.0-windows\cursorphobia.tests.dll" id="0946945d-02c3-28fb-bb59-43ff1eb8d41c">
      <Execution id="794a5b9b-398a-4aed-afc3-ce4222602ffa" />
      <TestMethod codeBase="X:\coding\CursorPhobia\tests\bin\Debug\net8.0-windows\CursorPhobia.Tests.dll" adapterTypeName="executor://xunit/VsTestRunner2/netcoreapp" className="CursorPhobia.Tests.MonitorConfigurationWatcherTests" name="MonitorChangeEventArgs_GetRemovedMonitors_ReturnsCorrectMonitors" />
    </UnitTest>
    <UnitTest name="CursorPhobia.Tests.ConfigurationHotSwapTests.ConfigurationUpdateResult_Failure_CreatesFailedResult" storage="x:\coding\cursorphobia\tests\bin\debug\net8.0-windows\cursorphobia.tests.dll" id="a3142369-9eab-91d1-bad6-b0a2e9515913">
      <Execution id="c62ac2a5-dedc-4921-b4c8-4e618d939e7d" />
      <TestMethod codeBase="X:\coding\CursorPhobia\tests\bin\Debug\net8.0-windows\CursorPhobia.Tests.dll" adapterTypeName="executor://xunit/VsTestRunner2/netcoreapp" className="CursorPhobia.Tests.ConfigurationHotSwapTests" name="ConfigurationUpdateResult_Failure_CreatesFailedResult" />
    </UnitTest>
    <UnitTest name="CursorPhobia.Tests.ProximityConfigurationTests.Algorithm_PropertySetter_UpdatesCorrectly(algorithm: EuclideanDistance)" storage="x:\coding\cursorphobia\tests\bin\debug\net8.0-windows\cursorphobia.tests.dll" id="e900138f-14c1-8131-972a-e77de560b844">
      <Execution id="969f86e2-4098-4ad1-a9eb-f385ddf0464d" />
      <TestMethod codeBase="X:\coding\CursorPhobia\tests\bin\Debug\net8.0-windows\CursorPhobia.Tests.dll" adapterTypeName="executor://xunit/VsTestRunner2/netcoreapp" className="CursorPhobia.Tests.ProximityConfigurationTests" name="Algorithm_PropertySetter_UpdatesCorrectly" />
    </UnitTest>
    <UnitTest name="CursorPhobia.Tests.Log4NetLoggingTests.LoggingConfiguration_SupportsProviderSelection" storage="x:\coding\cursorphobia\tests\bin\debug\net8.0-windows\cursorphobia.tests.dll" id="61506c61-3119-75a1-f2da-ba83f6151b2e">
      <Execution id="6c477643-41bc-429f-9b50-0d2ec8c00c86" />
      <TestMethod codeBase="X:\coding\CursorPhobia\tests\bin\Debug\net8.0-windows\CursorPhobia.Tests.dll" adapterTypeName="executor://xunit/VsTestRunner2/netcoreapp" className="CursorPhobia.Tests.Log4NetLoggingTests" name="LoggingConfiguration_SupportsProviderSelection" />
    </UnitTest>
    <UnitTest name="CursorPhobia.Tests.ProximityConfigurationTests.SensitivityMultipliers_WithValidValues_UpdateCorrectly(multiplier: 1)" storage="x:\coding\cursorphobia\tests\bin\debug\net8.0-windows\cursorphobia.tests.dll" id="63b186ca-44a6-00b1-1a6c-c34623b9d8d9">
      <Execution id="a7da95f8-251b-4e8b-844e-068e95385a3e" />
      <TestMethod codeBase="X:\coding\CursorPhobia\tests\bin\Debug\net8.0-windows\CursorPhobia.Tests.dll" adapterTypeName="executor://xunit/VsTestRunner2/netcoreapp" className="CursorPhobia.Tests.ProximityConfigurationTests" name="SensitivityMultipliers_WithValidValues_UpdateCorrectly" />
    </UnitTest>
    <UnitTest name="CursorPhobia.Tests.ConfigurationWatcherTests.GetStatistics_InitialState_ReturnsZeroedStats" storage="x:\coding\cursorphobia\tests\bin\debug\net8.0-windows\cursorphobia.tests.dll" id="6edff84c-bda3-7bbc-a7b6-340cb8a554b1">
      <Execution id="84dd2e98-593b-483b-ae05-9c21877f2d3e" />
      <TestMethod codeBase="X:\coding\CursorPhobia\tests\bin\Debug\net8.0-windows\CursorPhobia.Tests.dll" adapterTypeName="executor://xunit/VsTestRunner2/netcoreapp" className="CursorPhobia.Tests.ConfigurationWatcherTests" name="GetStatistics_InitialState_ReturnsZeroedStats" />
    </UnitTest>
    <UnitTest name="CursorPhobia.Tests.MultiMonitorConfigurationTests.DefaultConfiguration_ShouldHaveValidSettings" storage="x:\coding\cursorphobia\tests\bin\debug\net8.0-windows\cursorphobia.tests.dll" id="bcf16930-cea9-5298-73b2-9fb3a3065b4f">
      <Execution id="94fd99aa-e959-4d29-a2a8-63aa0d61199c" />
      <TestMethod codeBase="X:\coding\CursorPhobia\tests\bin\Debug\net8.0-windows\CursorPhobia.Tests.dll" adapterTypeName="executor://xunit/VsTestRunner2/netcoreapp" className="CursorPhobia.Tests.MultiMonitorConfigurationTests" name="DefaultConfiguration_ShouldHaveValidSettings" />
    </UnitTest>
    <UnitTest name="CursorPhobia.Tests.ConfigurationHotSwapTests.ConfigurationUpdateResult_Success_CreatesSuccessfulResult" storage="x:\coding\cursorphobia\tests\bin\debug\net8.0-windows\cursorphobia.tests.dll" id="1cf63b67-117c-b4a4-23f9-569fd3f783b9">
      <Execution id="ef640509-7621-4326-91ce-a543f31cd43d" />
      <TestMethod codeBase="X:\coding\CursorPhobia\tests\bin\Debug\net8.0-windows\CursorPhobia.Tests.dll" adapterTypeName="executor://xunit/VsTestRunner2/netcoreapp" className="CursorPhobia.Tests.ConfigurationHotSwapTests" name="ConfigurationUpdateResult_Success_CreatesSuccessfulResult" />
    </UnitTest>
    <UnitTest name="CursorPhobia.Tests.MonitorConfigurationWatcherTests.StartMonitoring_WhenNotMonitoring_StartsSuccessfully" storage="x:\coding\cursorphobia\tests\bin\debug\net8.0-windows\cursorphobia.tests.dll" id="3bd223bd-33e0-5791-c662-91be901e46d7">
      <Execution id="0d13a9dd-2480-4cd8-9a80-294256aa5640" />
      <TestMethod codeBase="X:\coding\CursorPhobia\tests\bin\Debug\net8.0-windows\CursorPhobia.Tests.dll" adapterTypeName="executor://xunit/VsTestRunner2/netcoreapp" className="CursorPhobia.Tests.MonitorConfigurationWatcherTests" name="StartMonitoring_WhenNotMonitoring_StartsSuccessfully" />
    </UnitTest>
    <UnitTest name="CursorPhobia.Tests.ConfigurationHotSwapTests.ConfigurationChangeAnalysis_WithNoChanges_ReturnsNoChanges" storage="x:\coding\cursorphobia\tests\bin\debug\net8.0-windows\cursorphobia.tests.dll" id="97dcc89b-32eb-301e-413f-c308975e0e8e">
      <Execution id="1a647c45-01b0-4947-b2e1-dac786253cac" />
      <TestMethod codeBase="X:\coding\CursorPhobia\tests\bin\Debug\net8.0-windows\CursorPhobia.Tests.dll" adapterTypeName="executor://xunit/VsTestRunner2/netcoreapp" className="CursorPhobia.Tests.ConfigurationHotSwapTests" name="ConfigurationChangeAnalysis_WithNoChanges_ReturnsNoChanges" />
    </UnitTest>
    <UnitTest name="CursorPhobia.Tests.MonitorConfigurationWatcherTests.MonitorChangeEventArgs_Constructor_WithNullCurrent_ThrowsArgumentNullException" storage="x:\coding\cursorphobia\tests\bin\debug\net8.0-windows\cursorphobia.tests.dll" id="7a11dab1-f5a0-ef8f-87ff-fd0cfa90184b">
      <Execution id="35a45542-0f67-4896-a710-d40ad9f003cc" />
      <TestMethod codeBase="X:\coding\CursorPhobia\tests\bin\Debug\net8.0-windows\CursorPhobia.Tests.dll" adapterTypeName="executor://xunit/VsTestRunner2/netcoreapp" className="CursorPhobia.Tests.MonitorConfigurationWatcherTests" name="MonitorChangeEventArgs_Constructor_WithNullCurrent_ThrowsArgumentNullException" />
    </UnitTest>
    <UnitTest name="CursorPhobia.Tests.ConfigurationHotSwapTests.UpdateConfigurationAsync_WithMixedChanges_AppliesHotSwappableAndQueuesRestartRequired" storage="x:\coding\cursorphobia\tests\bin\debug\net8.0-windows\cursorphobia.tests.dll" id="d022058b-5cd9-8c29-850f-f7b3df5e8c58">
      <Execution id="d2b81f4b-1dce-420a-b136-4b5848c1d00c" />
      <TestMethod codeBase="X:\coding\CursorPhobia\tests\bin\Debug\net8.0-windows\CursorPhobia.Tests.dll" adapterTypeName="executor://xunit/VsTestRunner2/netcoreapp" className="CursorPhobia.Tests.ConfigurationHotSwapTests" name="UpdateConfigurationAsync_WithMixedChanges_AppliesHotSwappableAndQueuesRestartRequired" />
    </UnitTest>
    <UnitTest name="CursorPhobia.Tests.CursorPhobiaConfigurationTests.Validate_WithInvalidPushDistance_ReturnsError(distance: 0, expectedError: &quot;PushDistance must be greater than 0&quot;)" storage="x:\coding\cursorphobia\tests\bin\debug\net8.0-windows\cursorphobia.tests.dll" id="6f346944-d3ea-3ae5-d294-bb2d8a7934c5">
      <Execution id="495e134b-6d4f-4cc2-855d-53ef064b0d71" />
      <TestMethod codeBase="X:\coding\CursorPhobia\tests\bin\Debug\net8.0-windows\CursorPhobia.Tests.dll" adapterTypeName="executor://xunit/VsTestRunner2/netcoreapp" className="CursorPhobia.Tests.CursorPhobiaConfigurationTests" name="Validate_WithInvalidPushDistance_ReturnsError" />
    </UnitTest>
    <UnitTest name="CursorPhobia.Tests.MonitorConfigurationWatcherTests.Constructor_WithNullLogger_ThrowsArgumentNullException" storage="x:\coding\cursorphobia\tests\bin\debug\net8.0-windows\cursorphobia.tests.dll" id="4d35bc6a-c77f-5375-8093-15ebf22817f6">
      <Execution id="f9b28a6a-b40b-4faf-af98-0ab1597324e9" />
      <TestMethod codeBase="X:\coding\CursorPhobia\tests\bin\Debug\net8.0-windows\CursorPhobia.Tests.dll" adapterTypeName="executor://xunit/VsTestRunner2/netcoreapp" className="CursorPhobia.Tests.MonitorConfigurationWatcherTests" name="Constructor_WithNullLogger_ThrowsArgumentNullException" />
    </UnitTest>
    <UnitTest name="CursorPhobia.Tests.ProximityConfigurationTests.Validate_WithInvalidHorizontalSensitivity_ReturnsError(multiplier: 15, expectedError: &quot;HorizontalSensitivityMultiplier should not exceed &quot;...)" storage="x:\coding\cursorphobia\tests\bin\debug\net8.0-windows\cursorphobia.tests.dll" id="fb55077f-9e5b-5ee1-4393-74d5a65d4cbb">
      <Execution id="36023663-4b2e-4be9-b87b-d8d80b75d735" />
      <TestMethod codeBase="X:\coding\CursorPhobia\tests\bin\Debug\net8.0-windows\CursorPhobia.Tests.dll" adapterTypeName="executor://xunit/VsTestRunner2/netcoreapp" className="CursorPhobia.Tests.ProximityConfigurationTests" name="Validate_WithInvalidHorizontalSensitivity_ReturnsError" />
    </UnitTest>
    <UnitTest name="CursorPhobia.Tests.MonitorConfigurationWatcherTests.StopMonitoring_WhenMonitoring_StopsSuccessfully" storage="x:\coding\cursorphobia\tests\bin\debug\net8.0-windows\cursorphobia.tests.dll" id="174074b8-d4c1-e681-cb96-9f2bba112fdb">
      <Execution id="f4863524-f9f3-419f-9182-f9bc4f5c40c9" />
      <TestMethod codeBase="X:\coding\CursorPhobia\tests\bin\Debug\net8.0-windows\CursorPhobia.Tests.dll" adapterTypeName="executor://xunit/VsTestRunner2/netcoreapp" className="CursorPhobia.Tests.MonitorConfigurationWatcherTests" name="StopMonitoring_WhenMonitoring_StopsSuccessfully" />
    </UnitTest>
    <UnitTest name="CursorPhobia.Tests.PerMonitorIntegrationTests.PerMonitorConfigurationManager_HandlesMixedDpiScenario" storage="x:\coding\cursorphobia\tests\bin\debug\net8.0-windows\cursorphobia.tests.dll" id="250cf536-2be5-a0c4-81b9-23e79f26ac84">
      <Execution id="5a5b1f1f-6b11-466b-8bcb-49c5047ac68b" />
      <TestMethod codeBase="X:\coding\CursorPhobia\tests\bin\Debug\net8.0-windows\CursorPhobia.Tests.dll" adapterTypeName="executor://xunit/VsTestRunner2/netcoreapp" className="CursorPhobia.Tests.PerMonitorIntegrationTests" name="PerMonitorConfigurationManager_HandlesMixedDpiScenario" />
    </UnitTest>
    <UnitTest name="CursorPhobia.Tests.ConfigurationBackupServiceTests.RestoreFromBackupAsync_InvalidJson_ReturnsNull" storage="x:\coding\cursorphobia\tests\bin\debug\net8.0-windows\cursorphobia.tests.dll" id="9ae5777b-d6ec-54c0-8296-5664d4e0e692">
      <Execution id="70b88018-45ee-4726-a132-d97dd4358e99" />
      <TestMethod codeBase="X:\coding\CursorPhobia\tests\bin\Debug\net8.0-windows\CursorPhobia.Tests.dll" adapterTypeName="executor://xunit/VsTestRunner2/netcoreapp" className="CursorPhobia.Tests.ConfigurationBackupServiceTests" name="RestoreFromBackupAsync_InvalidJson_ReturnsNull" />
    </UnitTest>
    <UnitTest name="CursorPhobia.Tests.UI.SettingsViewModelTests.SettingsViewModel_ApplyPreset_Default_UpdatesConfiguration" storage="x:\coding\cursorphobia\tests\bin\debug\net8.0-windows\cursorphobia.tests.dll" id="d2ddadc9-894a-254f-32d9-0bf13d36a537">
      <Execution id="ae185c36-c880-40d6-9129-64e437c3fe21" />
      <TestMethod codeBase="X:\coding\CursorPhobia\tests\bin\Debug\net8.0-windows\CursorPhobia.Tests.dll" adapterTypeName="executor://xunit/VsTestRunner2/netcoreapp" className="CursorPhobia.Tests.UI.SettingsViewModelTests" name="SettingsViewModel_ApplyPreset_Default_UpdatesConfiguration" />
    </UnitTest>
    <UnitTest name="CursorPhobia.Tests.ConfigurationBackupServiceTests.RestoreFromBackupAsync_EmptyBackupPath_ThrowsArgumentException" storage="x:\coding\cursorphobia\tests\bin\debug\net8.0-windows\cursorphobia.tests.dll" id="19572f6e-7e9c-c709-180e-8ff9acc20e97">
      <Execution id="225a49c6-0e44-48e5-ad8b-062303cabd24" />
      <TestMethod codeBase="X:\coding\CursorPhobia\tests\bin\Debug\net8.0-windows\CursorPhobia.Tests.dll" adapterTypeName="executor://xunit/VsTestRunner2/netcoreapp" className="CursorPhobia.Tests.ConfigurationBackupServiceTests" name="RestoreFromBackupAsync_EmptyBackupPath_ThrowsArgumentException" />
    </UnitTest>
    <UnitTest name="CursorPhobia.Tests.ConfigurationHotSwapTests.ConfigurationChangeAnalysis_IdentifiesHotSwappableChanges" storage="x:\coding\cursorphobia\tests\bin\debug\net8.0-windows\cursorphobia.tests.dll" id="c245c420-315e-2f0b-f0c4-6410b8b21356">
      <Execution id="783affab-6cdc-48dd-868f-9b21ec50a4b9" />
      <TestMethod codeBase="X:\coding\CursorPhobia\tests\bin\Debug\net8.0-windows\CursorPhobia.Tests.dll" adapterTypeName="executor://xunit/VsTestRunner2/netcoreapp" className="CursorPhobia.Tests.ConfigurationHotSwapTests" name="ConfigurationChangeAnalysis_IdentifiesHotSwappableChanges" />
    </UnitTest>
    <UnitTest name="CursorPhobia.Tests.MonitorConfigurationWatcherTests.MonitorChangeEventArgs_Constructor_SetsPropertiesCorrectly" storage="x:\coding\cursorphobia\tests\bin\debug\net8.0-windows\cursorphobia.tests.dll" id="c8cba265-ab78-1e3d-2727-e4f0f70f2610">
      <Execution id="818c4099-c4bb-46dc-aade-440295a7953a" />
      <TestMethod codeBase="X:\coding\CursorPhobia\tests\bin\Debug\net8.0-windows\CursorPhobia.Tests.dll" adapterTypeName="executor://xunit/VsTestRunner2/netcoreapp" className="CursorPhobia.Tests.MonitorConfigurationWatcherTests" name="MonitorChangeEventArgs_Constructor_SetsPropertiesCorrectly" />
    </UnitTest>
    <UnitTest name="CursorPhobia.Tests.ConfigurationBackupServiceTests.GetAvailableBackupsAsync_MixedFiles_ReturnsOnlyBackupFiles" storage="x:\coding\cursorphobia\tests\bin\debug\net8.0-windows\cursorphobia.tests.dll" id="a56fae3f-4ea1-8e84-7097-f2610fb36a35">
      <Execution id="91beaa89-560a-4011-8d3a-781ee3fd6509" />
      <TestMethod codeBase="X:\coding\CursorPhobia\tests\bin\Debug\net8.0-windows\CursorPhobia.Tests.dll" adapterTypeName="executor://xunit/VsTestRunner2/netcoreapp" className="CursorPhobia.Tests.ConfigurationBackupServiceTests" name="GetAvailableBackupsAsync_MixedFiles_ReturnsOnlyBackupFiles" />
    </UnitTest>
    <UnitTest name="CursorPhobia.Tests.MonitorManagerIntegrationTests.OnConfigurationChange_ForwardsEvent" storage="x:\coding\cursorphobia\tests\bin\debug\net8.0-windows\cursorphobia.tests.dll" id="d1554c65-4a61-eaa6-101b-6f7a5b6a2e81">
      <Execution id="981681bd-3bf9-4023-91c3-ce560e47acac" />
      <TestMethod codeBase="X:\coding\CursorPhobia\tests\bin\Debug\net8.0-windows\CursorPhobia.Tests.dll" adapterTypeName="executor://xunit/VsTestRunner2/netcoreapp" className="CursorPhobia.Tests.MonitorManagerIntegrationTests" name="OnConfigurationChange_ForwardsEvent" />
    </UnitTest>
    <UnitTest name="CursorPhobia.Tests.MultiMonitorConfigurationTests.Validate_InvalidPerMonitorSettings_ShouldReturnErrors" storage="x:\coding\cursorphobia\tests\bin\debug\net8.0-windows\cursorphobia.tests.dll" id="9d22dbbd-3ada-e39e-faa0-ba6258e5c0b0">
      <Execution id="e2479343-30d5-46cc-a33e-f2093a3aaee2" />
      <TestMethod codeBase="X:\coding\CursorPhobia\tests\bin\Debug\net8.0-windows\CursorPhobia.Tests.dll" adapterTypeName="executor://xunit/VsTestRunner2/netcoreapp" className="CursorPhobia.Tests.MultiMonitorConfigurationTests" name="Validate_InvalidPerMonitorSettings_ShouldReturnErrors" />
    </UnitTest>
    <UnitTest name="CursorPhobia.Tests.ConfigurationBackupServiceTests.GetBackupFileName_NegativeBackupNumber_ThrowsArgumentException" storage="x:\coding\cursorphobia\tests\bin\debug\net8.0-windows\cursorphobia.tests.dll" id="c117cb84-39da-8b2e-f12e-3ec19e5f9baf">
      <Execution id="2bbad085-8bed-4748-bb9f-17aeb78e8fb3" />
      <TestMethod codeBase="X:\coding\CursorPhobia\tests\bin\Debug\net8.0-windows\CursorPhobia.Tests.dll" adapterTypeName="executor://xunit/VsTestRunner2/netcoreapp" className="CursorPhobia.Tests.ConfigurationBackupServiceTests" name="GetBackupFileName_NegativeBackupNumber_ThrowsArgumentException" />
    </UnitTest>
    <UnitTest name="CursorPhobia.Tests.ConfigurationWatcherTests.StartWatchingAsync_NonExistentDirectory_CreatesDirectoryAndSucceeds" storage="x:\coding\cursorphobia\tests\bin\debug\net8.0-windows\cursorphobia.tests.dll" id="8dd3ab8a-632c-3415-bc58-fd5f45a251c9">
      <Execution id="cbbbb3ef-099d-4aed-ae85-5abacdb9b9c4" />
      <TestMethod codeBase="X:\coding\CursorPhobia\tests\bin\Debug\net8.0-windows\CursorPhobia.Tests.dll" adapterTypeName="executor://xunit/VsTestRunner2/netcoreapp" className="CursorPhobia.Tests.ConfigurationWatcherTests" name="StartWatchingAsync_NonExistentDirectory_CreatesDirectoryAndSucceeds" />
    </UnitTest>
    <UnitTest name="CursorPhobia.Tests.MonitorConfigurationWatcherTests.Dispose_CalledMultipleTimes_DoesNotThrow" storage="x:\coding\cursorphobia\tests\bin\debug\net8.0-windows\cursorphobia.tests.dll" id="8fef8b0b-3db5-174e-0222-d0e9175d1cf8">
      <Execution id="a2e3b126-f489-4efb-842d-1782e9378aaf" />
      <TestMethod codeBase="X:\coding\CursorPhobia\tests\bin\Debug\net8.0-windows\CursorPhobia.Tests.dll" adapterTypeName="executor://xunit/VsTestRunner2/netcoreapp" className="CursorPhobia.Tests.MonitorConfigurationWatcherTests" name="Dispose_CalledMultipleTimes_DoesNotThrow" />
    </UnitTest>
    <UnitTest name="CursorPhobia.Tests.UI.SettingsViewModelTests.SettingsViewModel_ApplyPreset_Performance_UpdatesConfiguration" storage="x:\coding\cursorphobia\tests\bin\debug\net8.0-windows\cursorphobia.tests.dll" id="f0f2f3b9-1e5b-6283-0c88-05a283060796">
      <Execution id="18a7f012-cd84-4144-8e46-3a49566ab257" />
      <TestMethod codeBase="X:\coding\CursorPhobia\tests\bin\Debug\net8.0-windows\CursorPhobia.Tests.dll" adapterTypeName="executor://xunit/VsTestRunner2/netcoreapp" className="CursorPhobia.Tests.UI.SettingsViewModelTests" name="SettingsViewModel_ApplyPreset_Performance_UpdatesConfiguration" />
    </UnitTest>
    <UnitTest name="CursorPhobia.Tests.ProximityConfigurationTests.Validate_WithValidConfiguration_ReturnsNoErrors" storage="x:\coding\cursorphobia\tests\bin\debug\net8.0-windows\cursorphobia.tests.dll" id="5e860b1d-e602-d277-b076-913dab00cc33">
      <Execution id="84394b5a-f70b-4591-8029-b6823b0c6822" />
      <TestMethod codeBase="X:\coding\CursorPhobia\tests\bin\Debug\net8.0-windows\CursorPhobia.Tests.dll" adapterTypeName="executor://xunit/VsTestRunner2/netcoreapp" className="CursorPhobia.Tests.ProximityConfigurationTests" name="Validate_WithValidConfiguration_ReturnsNoErrors" />
    </UnitTest>
    <UnitTest name="CursorPhobia.Tests.ConfigurationBackupServiceTests.GetAvailableBackupsAsync_WithBackups_ReturnsSortedArray" storage="x:\coding\cursorphobia\tests\bin\debug\net8.0-windows\cursorphobia.tests.dll" id="3c7761e4-6e64-7d26-1a68-a5fbc92024f0">
      <Execution id="597605eb-dc3e-4710-806f-1ead134caa0c" />
      <TestMethod codeBase="X:\coding\CursorPhobia\tests\bin\Debug\net8.0-windows\CursorPhobia.Tests.dll" adapterTypeName="executor://xunit/VsTestRunner2/netcoreapp" className="CursorPhobia.Tests.ConfigurationBackupServiceTests" name="GetAvailableBackupsAsync_WithBackups_ReturnsSortedArray" />
    </UnitTest>
    <UnitTest name="CursorPhobia.Tests.ConfigurationServiceTests.GetDefaultConfigurationPathAsync_ReturnsValidPath" storage="x:\coding\cursorphobia\tests\bin\debug\net8.0-windows\cursorphobia.tests.dll" id="4b4d2fdd-f675-bc1d-bb30-ab99a551cb87">
      <Execution id="5866f181-a011-44ee-9ec0-5515d5d8f3b5" />
      <TestMethod codeBase="X:\coding\CursorPhobia\tests\bin\Debug\net8.0-windows\CursorPhobia.Tests.dll" adapterTypeName="executor://xunit/VsTestRunner2/netcoreapp" className="CursorPhobia.Tests.ConfigurationServiceTests" name="GetDefaultConfigurationPathAsync_ReturnsValidPath" />
    </UnitTest>
    <UnitTest name="CursorPhobia.Tests.ConfigurationWatcherTests.ConfigurationChange_DuringFileWrite_HandlesFileLocking" storage="x:\coding\cursorphobia\tests\bin\debug\net8.0-windows\cursorphobia.tests.dll" id="f298c68e-b382-e991-fef4-a0cae70c7f9a">
      <Execution id="370e7018-5eb7-44a6-a3cd-7002b9fb5a79" />
      <TestMethod codeBase="X:\coding\CursorPhobia\tests\bin\Debug\net8.0-windows\CursorPhobia.Tests.dll" adapterTypeName="executor://xunit/VsTestRunner2/netcoreapp" className="CursorPhobia.Tests.ConfigurationWatcherTests" name="ConfigurationChange_DuringFileWrite_HandlesFileLocking" />
    </UnitTest>
    <UnitTest name="CursorPhobia.Tests.CursorPhobiaConfigurationTests.Constructor_DefaultValues_SetsCorrectDefaults" storage="x:\coding\cursorphobia\tests\bin\debug\net8.0-windows\cursorphobia.tests.dll" id="468e083a-0004-a00d-f542-266636b3c5e6">
      <Execution id="210977d9-cc8c-4afb-985e-91240f9cee2c" />
      <TestMethod codeBase="X:\coding\CursorPhobia\tests\bin\Debug\net8.0-windows\CursorPhobia.Tests.dll" adapterTypeName="executor://xunit/VsTestRunner2/netcoreapp" className="CursorPhobia.Tests.CursorPhobiaConfigurationTests" name="Constructor_DefaultValues_SetsCorrectDefaults" />
    </UnitTest>
    <UnitTest name="CursorPhobia.Tests.ConfigurationServiceTests.LoadConfigurationAsync_WithInvalidConfiguration_ReturnsDefaultConfiguration" storage="x:\coding\cursorphobia\tests\bin\debug\net8.0-windows\cursorphobia.tests.dll" id="efee3319-86da-ac44-bcde-b15bef04713e">
      <Execution id="c4da0a43-1fc9-4192-a759-b77a30be9c20" />
      <TestMethod codeBase="X:\coding\CursorPhobia\tests\bin\Debug\net8.0-windows\CursorPhobia.Tests.dll" adapterTypeName="executor://xunit/VsTestRunner2/netcoreapp" className="CursorPhobia.Tests.ConfigurationServiceTests" name="LoadConfigurationAsync_WithInvalidConfiguration_ReturnsDefaultConfiguration" />
    </UnitTest>
    <UnitTest name="CursorPhobia.Tests.SafetyManagerTests.SafetyManager_WithCustomConfiguration_UsesConfigurationSettings" storage="x:\coding\cursorphobia\tests\bin\debug\net8.0-windows\cursorphobia.tests.dll" id="4fae6f25-a366-2b75-5fc7-f363c82a9032">
      <Execution id="eb7f1f59-0a3a-4670-bca2-6ec53354ec30" />
      <TestMethod codeBase="X:\coding\CursorPhobia\tests\bin\Debug\net8.0-windows\CursorPhobia.Tests.dll" adapterTypeName="executor://xunit/VsTestRunner2/netcoreapp" className="CursorPhobia.Tests.SafetyManagerTests" name="SafetyManager_WithCustomConfiguration_UsesConfigurationSettings" />
    </UnitTest>
    <UnitTest name="CursorPhobia.Tests.ProximityConfigurationTests.Algorithm_PropertySetter_UpdatesCorrectly(algorithm: ManhattanDistance)" storage="x:\coding\cursorphobia\tests\bin\debug\net8.0-windows\cursorphobia.tests.dll" id="74744a16-d660-053c-af00-eefedbf67ec5">
      <Execution id="959616b5-5b35-4a8b-a801-9388a7376489" />
      <TestMethod codeBase="X:\coding\CursorPhobia\tests\bin\Debug\net8.0-windows\CursorPhobia.Tests.dll" adapterTypeName="executor://xunit/VsTestRunner2/netcoreapp" className="CursorPhobia.Tests.ProximityConfigurationTests" name="Algorithm_PropertySetter_UpdatesCorrectly" />
    </UnitTest>
    <UnitTest name="CursorPhobia.Tests.ConfigurationServiceTests.LoadConfigurationAsync_JsonWithCamelCase_LoadsCorrectly" storage="x:\coding\cursorphobia\tests\bin\debug\net8.0-windows\cursorphobia.tests.dll" id="edec5079-bde6-97bf-82a6-dfa70f87a4f8">
      <Execution id="1c638006-2510-4efc-a228-7ff4127e28cf" />
      <TestMethod codeBase="X:\coding\CursorPhobia\tests\bin\Debug\net8.0-windows\CursorPhobia.Tests.dll" adapterTypeName="executor://xunit/VsTestRunner2/netcoreapp" className="CursorPhobia.Tests.ConfigurationServiceTests" name="LoadConfigurationAsync_JsonWithCamelCase_LoadsCorrectly" />
    </UnitTest>
    <UnitTest name="CursorPhobia.Tests.ConfigurationServiceTests.LoadConfigurationAsync_WithCorruptJson_ReturnsDefaultConfiguration" storage="x:\coding\cursorphobia\tests\bin\debug\net8.0-windows\cursorphobia.tests.dll" id="0a5d7eaf-0490-bdf6-c0ad-ad403233352b">
      <Execution id="5b885bb5-4e25-4e5d-b224-c19a5ffdb7e3" />
      <TestMethod codeBase="X:\coding\CursorPhobia\tests\bin\Debug\net8.0-windows\CursorPhobia.Tests.dll" adapterTypeName="executor://xunit/VsTestRunner2/netcoreapp" className="CursorPhobia.Tests.ConfigurationServiceTests" name="LoadConfigurationAsync_WithCorruptJson_ReturnsDefaultConfiguration" />
    </UnitTest>
    <UnitTest name="CursorPhobia.Tests.ConfigurationServiceTests.SaveConfigurationAsync_WithValidConfig_SavesFile" storage="x:\coding\cursorphobia\tests\bin\debug\net8.0-windows\cursorphobia.tests.dll" id="06aa1c94-3bec-351d-e8a6-efc3eedac94a">
      <Execution id="0ce07054-df1c-49d3-8e78-4e9b26cbcd55" />
      <TestMethod codeBase="X:\coding\CursorPhobia\tests\bin\Debug\net8.0-windows\CursorPhobia.Tests.dll" adapterTypeName="executor://xunit/VsTestRunner2/netcoreapp" className="CursorPhobia.Tests.ConfigurationServiceTests" name="SaveConfigurationAsync_WithValidConfig_SavesFile" />
    </UnitTest>
    <UnitTest name="CursorPhobia.Tests.MonitorManagerIntegrationTests.StartMonitoring_WithoutConfigurationWatcher_DoesNotThrow" storage="x:\coding\cursorphobia\tests\bin\debug\net8.0-windows\cursorphobia.tests.dll" id="9e05e5ff-cd29-97ab-8d12-39e111d58bc0">
      <Execution id="4dad252e-f12b-43ee-abea-4860a13e1d41" />
      <TestMethod codeBase="X:\coding\CursorPhobia\tests\bin\Debug\net8.0-windows\CursorPhobia.Tests.dll" adapterTypeName="executor://xunit/VsTestRunner2/netcoreapp" className="CursorPhobia.Tests.MonitorManagerIntegrationTests" name="StartMonitoring_WithoutConfigurationWatcher_DoesNotThrow" />
    </UnitTest>
    <UnitTest name="CursorPhobia.Tests.ConfigurationBackupServiceTests.GetBackupFileName_MultipleBackupNumbers_ReturnsCorrectFormats" storage="x:\coding\cursorphobia\tests\bin\debug\net8.0-windows\cursorphobia.tests.dll" id="2d31c52b-563d-c6de-6554-ce767e591b05">
      <Execution id="446cb692-d7c5-4f4e-86f9-af9813f34e83" />
      <TestMethod codeBase="X:\coding\CursorPhobia\tests\bin\Debug\net8.0-windows\CursorPhobia.Tests.dll" adapterTypeName="executor://xunit/VsTestRunner2/netcoreapp" className="CursorPhobia.Tests.ConfigurationBackupServiceTests" name="GetBackupFileName_MultipleBackupNumbers_ReturnsCorrectFormats" />
    </UnitTest>
    <UnitTest name="CursorPhobia.Tests.UI.SettingsFormTests.SettingsForm_LoadConfiguration_LoadsCorrectly" storage="x:\coding\cursorphobia\tests\bin\debug\net8.0-windows\cursorphobia.tests.dll" id="a7ae4017-0bfa-b37f-e618-52c6bd647192">
      <Execution id="67167c46-c886-44b3-b9eb-30837306cbf7" />
      <TestMethod codeBase="X:\coding\CursorPhobia\tests\bin\Debug\net8.0-windows\CursorPhobia.Tests.dll" adapterTypeName="executor://xunit/VsTestRunner2/netcoreapp" className="CursorPhobia.Tests.UI.SettingsFormTests" name="SettingsForm_LoadConfiguration_LoadsCorrectly" />
    </UnitTest>
    <UnitTest name="CursorPhobia.Tests.ConfigurationBackupServiceTests.CreateBackupAsync_NullSourcePath_ThrowsArgumentException" storage="x:\coding\cursorphobia\tests\bin\debug\net8.0-windows\cursorphobia.tests.dll" id="61cbb5e7-8147-6597-4688-ea3060c4d441">
      <Execution id="52ec5faa-89f1-48cb-9fe3-641de17a321a" />
      <TestMethod codeBase="X:\coding\CursorPhobia\tests\bin\Debug\net8.0-windows\CursorPhobia.Tests.dll" adapterTypeName="executor://xunit/VsTestRunner2/netcoreapp" className="CursorPhobia.Tests.ConfigurationBackupServiceTests" name="CreateBackupAsync_NullSourcePath_ThrowsArgumentException" />
    </UnitTest>
    <UnitTest name="CursorPhobia.Tests.ConfigurationBackupServiceTests.RestoreFromBackupAsync_InvalidConfiguration_ReturnsNull" storage="x:\coding\cursorphobia\tests\bin\debug\net8.0-windows\cursorphobia.tests.dll" id="2ef7daa6-002c-5a57-000b-e8cc5d0748b1">
      <Execution id="029c4764-965e-475e-8e65-a62fa1534993" />
      <TestMethod codeBase="X:\coding\CursorPhobia\tests\bin\Debug\net8.0-windows\CursorPhobia.Tests.dll" adapterTypeName="executor://xunit/VsTestRunner2/netcoreapp" className="CursorPhobia.Tests.ConfigurationBackupServiceTests" name="RestoreFromBackupAsync_InvalidConfiguration_ReturnsNull" />
    </UnitTest>
    <UnitTest name="CursorPhobia.Tests.ConfigurationBackupServiceTests.GetBackupFileName_ValidBackupNumber_ReturnsCorrectFormat" storage="x:\coding\cursorphobia\tests\bin\debug\net8.0-windows\cursorphobia.tests.dll" id="4e10fb34-811c-3d74-ab82-843f5fb0ac91">
      <Execution id="f32bb8cf-671b-423f-b8d1-8b07b93fee0a" />
      <TestMethod codeBase="X:\coding\CursorPhobia\tests\bin\Debug\net8.0-windows\CursorPhobia.Tests.dll" adapterTypeName="executor://xunit/VsTestRunner2/netcoreapp" className="CursorPhobia.Tests.ConfigurationBackupServiceTests" name="GetBackupFileName_ValidBackupNumber_ReturnsCorrectFormat" />
    </UnitTest>
    <UnitTest name="CursorPhobia.Tests.PerMonitorIntegrationTests.PerMonitorConfigurationManager_HandlesMonitorHotplugEvent" storage="x:\coding\cursorphobia\tests\bin\debug\net8.0-windows\cursorphobia.tests.dll" id="90cb6ff0-b04e-7312-ecf4-d59a368742c8">
      <Execution id="6838abd0-cddd-4b5b-8959-6c1b0baf7547" />
      <TestMethod codeBase="X:\coding\CursorPhobia\tests\bin\Debug\net8.0-windows\CursorPhobia.Tests.dll" adapterTypeName="executor://xunit/VsTestRunner2/netcoreapp" className="CursorPhobia.Tests.PerMonitorIntegrationTests" name="PerMonitorConfigurationManager_HandlesMonitorHotplugEvent" />
    </UnitTest>
    <UnitTest name="CursorPhobia.Tests.ConfigurationServiceTests.LoadConfigurationAsync_WithNullOrEmptyFilePath_ReturnsDefaultConfiguration" storage="x:\coding\cursorphobia\tests\bin\debug\net8.0-windows\cursorphobia.tests.dll" id="e0dee75e-73de-ddf1-427a-9aa4acb8402d">
      <Execution id="582dcba9-6191-4c44-8905-5073e534836b" />
      <TestMethod codeBase="X:\coding\CursorPhobia\tests\bin\Debug\net8.0-windows\CursorPhobia.Tests.dll" adapterTypeName="executor://xunit/VsTestRunner2/netcoreapp" className="CursorPhobia.Tests.ConfigurationServiceTests" name="LoadConfigurationAsync_WithNullOrEmptyFilePath_ReturnsDefaultConfiguration" />
    </UnitTest>
    <UnitTest name="CursorPhobia.Tests.ProximityDetectorTests.Constructor_WithInvalidConfiguration_ThrowsArgumentException" storage="x:\coding\cursorphobia\tests\bin\debug\net8.0-windows\cursorphobia.tests.dll" id="eadb402d-84bc-0317-6662-fc18d00ef429">
      <Execution id="a8193dc8-d2fd-4d66-a7e4-87c4d15f4d25" />
      <TestMethod codeBase="X:\coding\CursorPhobia\tests\bin\Debug\net8.0-windows\CursorPhobia.Tests.dll" adapterTypeName="executor://xunit/VsTestRunner2/netcoreapp" className="CursorPhobia.Tests.ProximityDetectorTests" name="Constructor_WithInvalidConfiguration_ThrowsArgumentException" />
    </UnitTest>
    <UnitTest name="CursorPhobia.Tests.ProximityConfigurationTests.Algorithm_PropertySetter_UpdatesCorrectly(algorithm: NearestEdgeDistance)" storage="x:\coding\cursorphobia\tests\bin\debug\net8.0-windows\cursorphobia.tests.dll" id="888e9330-1dfa-63fd-ae9b-5702d43db98b">
      <Execution id="fb34c01d-5062-4a28-b9e7-9cbe20440124" />
      <TestMethod codeBase="X:\coding\CursorPhobia\tests\bin\Debug\net8.0-windows\CursorPhobia.Tests.dll" adapterTypeName="executor://xunit/VsTestRunner2/netcoreapp" className="CursorPhobia.Tests.ProximityConfigurationTests" name="Algorithm_PropertySetter_UpdatesCorrectly" />
    </UnitTest>
    <UnitTest name="CursorPhobia.Tests.CursorPhobiaConfigurationTests.CreatePerformanceOptimized_ReturnsValidConfiguration" storage="x:\coding\cursorphobia\tests\bin\debug\net8.0-windows\cursorphobia.tests.dll" id="e11684cd-2ab7-76af-7a92-dd2a4784b3dd">
      <Execution id="688e14c9-1037-44a2-8027-44123b204911" />
      <TestMethod codeBase="X:\coding\CursorPhobia\tests\bin\Debug\net8.0-windows\CursorPhobia.Tests.dll" adapterTypeName="executor://xunit/VsTestRunner2/netcoreapp" className="CursorPhobia.Tests.CursorPhobiaConfigurationTests" name="CreatePerformanceOptimized_ReturnsValidConfiguration" />
    </UnitTest>
    <UnitTest name="CursorPhobia.Tests.WindowPusherTests.Constructor_WithInvalidConfiguration_ThrowsArgumentException" storage="x:\coding\cursorphobia\tests\bin\debug\net8.0-windows\cursorphobia.tests.dll" id="781d273e-2ed9-e73c-d2fc-a36d8617666d">
      <Execution id="74e1f92a-c37c-4e41-8edc-0da9b01d8b30" />
      <TestMethod codeBase="X:\coding\CursorPhobia\tests\bin\Debug\net8.0-windows\CursorPhobia.Tests.dll" adapterTypeName="executor://xunit/VsTestRunner2/netcoreapp" className="CursorPhobia.Tests.WindowPusherTests" name="Constructor_WithInvalidConfiguration_ThrowsArgumentException" />
    </UnitTest>
    <UnitTest name="CursorPhobia.Tests.ProximityConfigurationTests.Validate_WithInvalidVerticalSensitivity_ReturnsError(multiplier: 12, expectedError: &quot;VerticalSensitivityMultiplier should not exceed 10&quot;...)" storage="x:\coding\cursorphobia\tests\bin\debug\net8.0-windows\cursorphobia.tests.dll" id="d1034d94-3389-21e4-b1d6-7dbb6de6bcbc">
      <Execution id="18f3db03-2942-481e-a7e4-7b1c3896e23c" />
      <TestMethod codeBase="X:\coding\CursorPhobia\tests\bin\Debug\net8.0-windows\CursorPhobia.Tests.dll" adapterTypeName="executor://xunit/VsTestRunner2/netcoreapp" className="CursorPhobia.Tests.ProximityConfigurationTests" name="Validate_WithInvalidVerticalSensitivity_ReturnsError" />
    </UnitTest>
    <UnitTest name="CursorPhobia.Tests.UI.SettingsFormTests.SettingsForm_ExportConfiguration_CallsConfigService" storage="x:\coding\cursorphobia\tests\bin\debug\net8.0-windows\cursorphobia.tests.dll" id="577c8b3e-b3af-268e-80f6-1f5f4673afd4">
      <Execution id="d08bffb8-1cc3-4da6-bc97-2d59e2487dc9" />
      <TestMethod codeBase="X:\coding\CursorPhobia\tests\bin\Debug\net8.0-windows\CursorPhobia.Tests.dll" adapterTypeName="executor://xunit/VsTestRunner2/netcoreapp" className="CursorPhobia.Tests.UI.SettingsFormTests" name="SettingsForm_ExportConfiguration_CallsConfigService" />
    </UnitTest>
    <UnitTest name="CursorPhobia.Tests.MonitorConfigurationWatcherTests.CheckForChanges_WithPrimaryMonitorChanged_ReturnsTrueAndRaisesEvent" storage="x:\coding\cursorphobia\tests\bin\debug\net8.0-windows\cursorphobia.tests.dll" id="de9aa3d0-a330-b315-499e-b13b695373d1">
      <Execution id="f7d1991e-8255-4dd8-b54c-f37dba3658d5" />
      <TestMethod codeBase="X:\coding\CursorPhobia\tests\bin\Debug\net8.0-windows\CursorPhobia.Tests.dll" adapterTypeName="executor://xunit/VsTestRunner2/netcoreapp" className="CursorPhobia.Tests.MonitorConfigurationWatcherTests" name="CheckForChanges_WithPrimaryMonitorChanged_ReturnsTrueAndRaisesEvent" />
    </UnitTest>
    <UnitTest name="CursorPhobia.Tests.ProximityConfigurationTests.Validate_WithMultipleErrors_ReturnsAllErrors" storage="x:\coding\cursorphobia\tests\bin\debug\net8.0-windows\cursorphobia.tests.dll" id="caf802cb-8a5b-8359-97f5-3b0d0ed69331">
      <Execution id="e195b395-bec5-42f6-aa41-712340d1fa41" />
      <TestMethod codeBase="X:\coding\CursorPhobia\tests\bin\Debug\net8.0-windows\CursorPhobia.Tests.dll" adapterTypeName="executor://xunit/VsTestRunner2/netcoreapp" className="CursorPhobia.Tests.ProximityConfigurationTests" name="Validate_WithMultipleErrors_ReturnsAllErrors" />
    </UnitTest>
    <UnitTest name="CursorPhobia.Tests.ProximityConfigurationTests.Validate_WithInvalidVerticalSensitivity_ReturnsError(multiplier: -1, expectedError: &quot;VerticalSensitivityMultiplier must be greater than&quot;...)" storage="x:\coding\cursorphobia\tests\bin\debug\net8.0-windows\cursorphobia.tests.dll" id="51feba50-531f-f957-cb74-0e8bc3680a39">
      <Execution id="762fc87c-3dcc-425a-a11d-daca397fd250" />
      <TestMethod codeBase="X:\coding\CursorPhobia\tests\bin\Debug\net8.0-windows\CursorPhobia.Tests.dll" adapterTypeName="executor://xunit/VsTestRunner2/netcoreapp" className="CursorPhobia.Tests.ProximityConfigurationTests" name="Validate_WithInvalidVerticalSensitivity_ReturnsError" />
    </UnitTest>
    <UnitTest name="CursorPhobia.Tests.MonitorManagerIntegrationTests.OnConfigurationChange_AfterDispose_DoesNotThrow" storage="x:\coding\cursorphobia\tests\bin\debug\net8.0-windows\cursorphobia.tests.dll" id="43714de1-7ed4-11b1-a689-03f73d0b755d">
      <Execution id="3be78fdb-4c80-4c33-b2ed-f642f519ac83" />
      <TestMethod codeBase="X:\coding\CursorPhobia\tests\bin\Debug\net8.0-windows\CursorPhobia.Tests.dll" adapterTypeName="executor://xunit/VsTestRunner2/netcoreapp" className="CursorPhobia.Tests.MonitorManagerIntegrationTests" name="OnConfigurationChange_AfterDispose_DoesNotThrow" />
    </UnitTest>
    <UnitTest name="CursorPhobia.Tests.CursorPhobiaConfigurationTests.Validate_WithInvalidPushDistance_ReturnsError(distance: -1, expectedError: &quot;PushDistance must be greater than 0&quot;)" storage="x:\coding\cursorphobia\tests\bin\debug\net8.0-windows\cursorphobia.tests.dll" id="21084338-68e7-b9a6-84a3-a814e686c125">
      <Execution id="e19f98b8-c38d-461e-b887-6e9323d4ce4c" />
      <TestMethod codeBase="X:\coding\CursorPhobia\tests\bin\Debug\net8.0-windows\CursorPhobia.Tests.dll" adapterTypeName="executor://xunit/VsTestRunner2/netcoreapp" className="CursorPhobia.Tests.CursorPhobiaConfigurationTests" name="Validate_WithInvalidPushDistance_ReturnsError" />
    </UnitTest>
    <UnitTest name="CursorPhobia.Tests.ConfigurationServiceTests.SaveConfigurationAsync_AtomicWrite_TempFileIsUsed" storage="x:\coding\cursorphobia\tests\bin\debug\net8.0-windows\cursorphobia.tests.dll" id="db4266eb-f797-fdd2-620e-499e0940d865">
      <Execution id="b4ffc67b-ab75-494d-8e62-3d56a475723f" />
      <TestMethod codeBase="X:\coding\CursorPhobia\tests\bin\Debug\net8.0-windows\CursorPhobia.Tests.dll" adapterTypeName="executor://xunit/VsTestRunner2/netcoreapp" className="CursorPhobia.Tests.ConfigurationServiceTests" name="SaveConfigurationAsync_AtomicWrite_TempFileIsUsed" />
    </UnitTest>
    <UnitTest name="CursorPhobia.Tests.ConfigurationServiceTests.SaveConfigurationAsync_WithInvalidPathCharacters_ThrowsArgumentException" storage="x:\coding\cursorphobia\tests\bin\debug\net8.0-windows\cursorphobia.tests.dll" id="b7d10294-7a29-cc1a-4a10-b372eeae26a8">
      <Execution id="f1a847f5-e512-4409-9a43-6c72cf94aff6" />
      <TestMethod codeBase="X:\coding\CursorPhobia\tests\bin\Debug\net8.0-windows\CursorPhobia.Tests.dll" adapterTypeName="executor://xunit/VsTestRunner2/netcoreapp" className="CursorPhobia.Tests.ConfigurationServiceTests" name="SaveConfigurationAsync_WithInvalidPathCharacters_ThrowsArgumentException" />
    </UnitTest>
    <UnitTest name="CursorPhobia.Tests.ConfigurationBackupServiceTests.CreateBackupAsync_EmptyBackupDirectory_ThrowsArgumentException" storage="x:\coding\cursorphobia\tests\bin\debug\net8.0-windows\cursorphobia.tests.dll" id="2a919625-9c36-8929-0c45-69c4ad8958c5">
      <Execution id="c1ac6a75-ffad-4e05-a8f3-f6627dcca73f" />
      <TestMethod codeBase="X:\coding\CursorPhobia\tests\bin\Debug\net8.0-windows\CursorPhobia.Tests.dll" adapterTypeName="executor://xunit/VsTestRunner2/netcoreapp" className="CursorPhobia.Tests.ConfigurationBackupServiceTests" name="CreateBackupAsync_EmptyBackupDirectory_ThrowsArgumentException" />
    </UnitTest>
    <UnitTest name="CursorPhobia.Tests.MonitorConfigurationWatcherTests.MonitorChangeEventArgs_GetAddedMonitors_ReturnsCorrectMonitors" storage="x:\coding\cursorphobia\tests\bin\debug\net8.0-windows\cursorphobia.tests.dll" id="04f59664-9ec7-3c15-d027-2779df787d2d">
      <Execution id="dc4b08c7-386a-47b4-b655-8a35fa41edb4" />
      <TestMethod codeBase="X:\coding\CursorPhobia\tests\bin\Debug\net8.0-windows\CursorPhobia.Tests.dll" adapterTypeName="executor://xunit/VsTestRunner2/netcoreapp" className="CursorPhobia.Tests.MonitorConfigurationWatcherTests" name="MonitorChangeEventArgs_GetAddedMonitors_ReturnsCorrectMonitors" />
    </UnitTest>
    <UnitTest name="CursorPhobia.Tests.ProximityConfigurationTests.SensitivityMultipliers_WithValidValues_UpdateCorrectly(multiplier: 10)" storage="x:\coding\cursorphobia\tests\bin\debug\net8.0-windows\cursorphobia.tests.dll" id="37d62564-0ed4-2739-a2a9-bc8ca9e32931">
      <Execution id="c90d35e1-ac81-47ed-aee9-cd8cfd6fd792" />
      <TestMethod codeBase="X:\coding\CursorPhobia\tests\bin\Debug\net8.0-windows\CursorPhobia.Tests.dll" adapterTypeName="executor://xunit/VsTestRunner2/netcoreapp" className="CursorPhobia.Tests.ProximityConfigurationTests" name="SensitivityMultipliers_WithValidValues_UpdateCorrectly" />
    </UnitTest>
  </TestDefinitions>
  <TestEntries>
    <TestEntry testId="69ac7e7c-d111-f180-2a97-7f878b91d353" executionId="26d04960-937d-4b58-a4ee-470f866f7ad9" testListId="8c84fa94-04c1-424b-9868-57a2d4851a1d" />
    <TestEntry testId="577c8b3e-b3af-268e-80f6-1f5f4673afd4" executionId="d08bffb8-1cc3-4da6-bc97-2d59e2487dc9" testListId="8c84fa94-04c1-424b-9868-57a2d4851a1d" />
    <TestEntry testId="04f59664-9ec7-3c15-d027-2779df787d2d" executionId="dc4b08c7-386a-47b4-b655-8a35fa41edb4" testListId="8c84fa94-04c1-424b-9868-57a2d4851a1d" />
    <TestEntry testId="829edb0e-a1ea-f663-22f5-912ff9407b74" executionId="5ec0b2ff-a861-4e9f-be19-27905b4d8d3f" testListId="8c84fa94-04c1-424b-9868-57a2d4851a1d" />
    <TestEntry testId="a1af10a1-9cfc-edd2-6cb6-4bfaf1de793c" executionId="0aa15858-b737-4f54-a7ba-9c862d6000df" testListId="8c84fa94-04c1-424b-9868-57a2d4851a1d" />
    <TestEntry testId="921be138-fee8-fdd4-9bac-5fbc0a8bf283" executionId="da5ebb21-8c26-42b7-a5db-9397c37efd05" testListId="8c84fa94-04c1-424b-9868-57a2d4851a1d" />
    <TestEntry testId="a240fa8e-59ce-013e-700b-43cb55869fa4" executionId="0799a758-e819-4a61-94e1-80ea1a5e9560" testListId="8c84fa94-04c1-424b-9868-57a2d4851a1d" />
    <TestEntry testId="fa51c00a-dd82-fd5e-08e4-85d17929792c" executionId="1473a1cc-a0b0-4f43-b875-a1e8a4459c98" testListId="8c84fa94-04c1-424b-9868-57a2d4851a1d" />
    <TestEntry testId="a3142369-9eab-91d1-bad6-b0a2e9515913" executionId="c62ac2a5-dedc-4921-b4c8-4e618d939e7d" testListId="8c84fa94-04c1-424b-9868-57a2d4851a1d" />
    <TestEntry testId="51b5a75a-9087-d58e-d1ea-9b2a11bbf69c" executionId="a5818b54-fa46-48d8-a661-aa0be0298ee2" testListId="8c84fa94-04c1-424b-9868-57a2d4851a1d" />
    <TestEntry testId="15ccbdc7-6244-47d4-b6e4-4ed2b09cb39c" executionId="a9cf07a2-6aec-4bc6-ac17-0991513520ac" testListId="8c84fa94-04c1-424b-9868-57a2d4851a1d" />
    <TestEntry testId="a56fae3f-4ea1-8e84-7097-f2610fb36a35" executionId="91beaa89-560a-4011-8d3a-781ee3fd6509" testListId="8c84fa94-04c1-424b-9868-57a2d4851a1d" />
    <TestEntry testId="291791c2-5b8e-5ff8-9f32-f73478de3989" executionId="98dbfff9-fbd5-4d59-b48e-10a01ab8a914" testListId="8c84fa94-04c1-424b-9868-57a2d4851a1d" />
    <TestEntry testId="781d273e-2ed9-e73c-d2fc-a36d8617666d" executionId="74e1f92a-c37c-4e41-8edc-0da9b01d8b30" testListId="8c84fa94-04c1-424b-9868-57a2d4851a1d" />
    <TestEntry testId="6d445861-6651-d4ab-f9e7-d87fa6a50ade" executionId="bd02798e-1452-46e8-b375-f40ee2cb659d" testListId="8c84fa94-04c1-424b-9868-57a2d4851a1d" />
    <TestEntry testId="1847a744-ee46-94d4-a6b3-b39ef5e80223" executionId="3506ab93-4c48-44b8-8dbd-5624d99adc92" testListId="8c84fa94-04c1-424b-9868-57a2d4851a1d" />
    <TestEntry testId="9256f665-dd73-5db1-87e7-adca2fbbac44" executionId="077ea915-d4a5-4fc7-b69f-ed60543ce811" testListId="8c84fa94-04c1-424b-9868-57a2d4851a1d" />
    <TestEntry testId="90cb6ff0-b04e-7312-ecf4-d59a368742c8" executionId="6838abd0-cddd-4b5b-8959-6c1b0baf7547" testListId="8c84fa94-04c1-424b-9868-57a2d4851a1d" />
    <TestEntry testId="74744a16-d660-053c-af00-eefedbf67ec5" executionId="959616b5-5b35-4a8b-a801-9388a7376489" testListId="8c84fa94-04c1-424b-9868-57a2d4851a1d" />
    <TestEntry testId="c359e81f-7b16-cc8b-662f-1f3cb99e492b" executionId="83dc7836-3d22-4ddb-becd-edffe964b62b" testListId="8c84fa94-04c1-424b-9868-57a2d4851a1d" />
    <TestEntry testId="43714de1-7ed4-11b1-a689-03f73d0b755d" executionId="3be78fdb-4c80-4c33-b2ed-f642f519ac83" testListId="8c84fa94-04c1-424b-9868-57a2d4851a1d" />
    <TestEntry testId="3c7761e4-6e64-7d26-1a68-a5fbc92024f0" executionId="597605eb-dc3e-4710-806f-1ead134caa0c" testListId="8c84fa94-04c1-424b-9868-57a2d4851a1d" />
    <TestEntry testId="f7fb9653-775c-ff34-67fa-413614a583e4" executionId="64abca42-f1f7-44cc-ba30-5606f76d4ccd" testListId="8c84fa94-04c1-424b-9868-57a2d4851a1d" />
    <TestEntry testId="0a5d7eaf-0490-bdf6-c0ad-ad403233352b" executionId="5b885bb5-4e25-4e5d-b224-c19a5ffdb7e3" testListId="8c84fa94-04c1-424b-9868-57a2d4851a1d" />
    <TestEntry testId="c245c420-315e-2f0b-f0c4-6410b8b21356" executionId="783affab-6cdc-48dd-868f-9b21ec50a4b9" testListId="8c84fa94-04c1-424b-9868-57a2d4851a1d" />
    <TestEntry testId="d022058b-5cd9-8c29-850f-f7b3df5e8c58" executionId="d2b81f4b-1dce-420a-b136-4b5848c1d00c" testListId="8c84fa94-04c1-424b-9868-57a2d4851a1d" />
    <TestEntry testId="2f9f1408-e562-c8a6-9140-7a08170161d3" executionId="45085c0f-0264-4fea-b9a9-de2a48878413" testListId="8c84fa94-04c1-424b-9868-57a2d4851a1d" />
    <TestEntry testId="eadb402d-84bc-0317-6662-fc18d00ef429" executionId="a8193dc8-d2fd-4d66-a7e4-87c4d15f4d25" testListId="8c84fa94-04c1-424b-9868-57a2d4851a1d" />
    <TestEntry testId="da33fa40-73a7-c9ab-9b62-7cde46612cd1" executionId="600ec6e4-0a20-43c3-9996-1dca160aba23" testListId="8c84fa94-04c1-424b-9868-57a2d4851a1d" />
    <TestEntry testId="51feba50-531f-f957-cb74-0e8bc3680a39" executionId="762fc87c-3dcc-425a-a11d-daca397fd250" testListId="8c84fa94-04c1-424b-9868-57a2d4851a1d" />
    <TestEntry testId="d1bb6537-a16a-5163-8b2a-fb7fe6511b7c" executionId="33930cb7-b63e-4aca-9d3d-123fb5df6f77" testListId="8c84fa94-04c1-424b-9868-57a2d4851a1d" />
    <TestEntry testId="8010a295-be7a-9083-8951-23360b9efaf0" executionId="fd149dd7-02d4-4de9-80f5-a3b64ee6d530" testListId="8c84fa94-04c1-424b-9868-57a2d4851a1d" />
    <TestEntry testId="7a11dab1-f5a0-ef8f-87ff-fd0cfa90184b" executionId="35a45542-0f67-4896-a710-d40ad9f003cc" testListId="8c84fa94-04c1-424b-9868-57a2d4851a1d" />
    <TestEntry testId="456ef543-78d9-f075-1814-e48ae64d503c" executionId="86e99370-ff2e-4c6b-9fb2-4426e35ef086" testListId="8c84fa94-04c1-424b-9868-57a2d4851a1d" />
    <TestEntry testId="cb0f7ea4-70c7-1dff-9fa7-48645400c9bc" executionId="cf7a0c84-3e2b-44d3-8e45-7397faa9c3b2" testListId="8c84fa94-04c1-424b-9868-57a2d4851a1d" />
    <TestEntry testId="b4c2bf34-f02f-5a3f-6ac8-763a8f18b59b" executionId="cefa28e8-fe0f-4624-ab92-6a3133faf210" testListId="8c84fa94-04c1-424b-9868-57a2d4851a1d" />
    <TestEntry testId="6b2f2862-79b0-ebac-88ce-7548880b44c8" executionId="aadb28b2-dbb4-4493-9af0-86df870227c8" testListId="8c84fa94-04c1-424b-9868-57a2d4851a1d" />
    <TestEntry testId="e0422003-75da-a680-d582-90ce81fca7fd" executionId="8ee1e817-c7d8-4d76-948f-715a2cddadb4" testListId="8c84fa94-04c1-424b-9868-57a2d4851a1d" />
    <TestEntry testId="f8d8accb-5d4d-bb3d-1ae0-7f87f3169f1f" executionId="6a222169-3fca-4fb5-a1ae-b85c9c577a00" testListId="8c84fa94-04c1-424b-9868-57a2d4851a1d" />
    <TestEntry testId="4c985c21-b63d-d6e0-04fb-c5513f13ac8d" executionId="6d042dd3-2e09-47a3-a8b9-6504cee01124" testListId="8c84fa94-04c1-424b-9868-57a2d4851a1d" />
    <TestEntry testId="7f4f2416-2f2e-28e3-a55e-3bd1044ed648" executionId="44427283-88ad-44ad-86ce-8f9997a23acf" testListId="8c84fa94-04c1-424b-9868-57a2d4851a1d" />
    <TestEntry testId="37d62564-0ed4-2739-a2a9-bc8ca9e32931" executionId="c90d35e1-ac81-47ed-aee9-cd8cfd6fd792" testListId="8c84fa94-04c1-424b-9868-57a2d4851a1d" />
    <TestEntry testId="a144bf42-f09d-6f92-d68b-eecd543066d0" executionId="245c1336-f85c-4ae4-b720-429459be0ba4" testListId="8c84fa94-04c1-424b-9868-57a2d4851a1d" />
    <TestEntry testId="efee3319-86da-ac44-bcde-b15bef04713e" executionId="c4da0a43-1fc9-4192-a759-b77a30be9c20" testListId="8c84fa94-04c1-424b-9868-57a2d4851a1d" />
    <TestEntry testId="1cf63b67-117c-b4a4-23f9-569fd3f783b9" executionId="ef640509-7621-4326-91ce-a543f31cd43d" testListId="8c84fa94-04c1-424b-9868-57a2d4851a1d" />
    <TestEntry testId="d9cf17c7-10c6-fe63-7d8d-2b3851e8ce99" executionId="4d3dbf2f-6350-4032-9cb6-ba9c4a77fcfd" testListId="8c84fa94-04c1-424b-9868-57a2d4851a1d" />
    <TestEntry testId="3715d5b7-6296-3fff-7c82-9f70d8fa87d7" executionId="ef58a615-ea7e-4dfa-a76a-3d98a4dff56d" testListId="8c84fa94-04c1-424b-9868-57a2d4851a1d" />
    <TestEntry testId="6906eeb4-a6a3-e4a8-693e-36a9d482e4de" executionId="55878033-c795-44ac-92d8-f3db5f2860f1" testListId="8c84fa94-04c1-424b-9868-57a2d4851a1d" />
    <TestEntry testId="9e05e5ff-cd29-97ab-8d12-39e111d58bc0" executionId="4dad252e-f12b-43ee-abea-4860a13e1d41" testListId="8c84fa94-04c1-424b-9868-57a2d4851a1d" />
    <TestEntry testId="eda2f8eb-95ab-3662-8984-f42e393fab4d" executionId="f204200c-d5be-4989-85c7-eb1f73270501" testListId="8c84fa94-04c1-424b-9868-57a2d4851a1d" />
    <TestEntry testId="4c04167b-f9db-6653-4432-d5eb93c8c51f" executionId="06ee2723-7422-4219-9159-7d616b221c49" testListId="8c84fa94-04c1-424b-9868-57a2d4851a1d" />
    <TestEntry testId="a5c5d749-3947-175e-65b2-a35fb271cbfc" executionId="f725fb50-f5e6-4632-8032-5ba87e2ddf27" testListId="8c84fa94-04c1-424b-9868-57a2d4851a1d" />
    <TestEntry testId="4ed39e23-8a4e-dfd4-33a1-a7cbbd7c1c9a" executionId="89da4ae6-f5a1-4012-af79-a3ca259944f1" testListId="8c84fa94-04c1-424b-9868-57a2d4851a1d" />
    <TestEntry testId="61df5a80-c8a8-f49c-54fa-f5ee1f5f3c50" executionId="23ef150d-5360-4f3c-ad3c-88e239190155" testListId="8c84fa94-04c1-424b-9868-57a2d4851a1d" />
    <TestEntry testId="2ef7daa6-002c-5a57-000b-e8cc5d0748b1" executionId="029c4764-965e-475e-8e65-a62fa1534993" testListId="8c84fa94-04c1-424b-9868-57a2d4851a1d" />
    <TestEntry testId="a7ae4017-0bfa-b37f-e618-52c6bd647192" executionId="67167c46-c886-44b3-b9eb-30837306cbf7" testListId="8c84fa94-04c1-424b-9868-57a2d4851a1d" />
    <TestEntry testId="4a23c186-6e79-7508-4532-a31fd0767968" executionId="45791341-3c6a-41e1-ad17-1182880f1ad2" testListId="8c84fa94-04c1-424b-9868-57a2d4851a1d" />
    <TestEntry testId="fb55077f-9e5b-5ee1-4393-74d5a65d4cbb" executionId="36023663-4b2e-4be9-b87b-d8d80b75d735" testListId="8c84fa94-04c1-424b-9868-57a2d4851a1d" />
    <TestEntry testId="42d2e31f-e2a1-53f8-9569-a2a6973a488e" executionId="55def587-df0b-4838-b109-d8f814a7f25b" testListId="8c84fa94-04c1-424b-9868-57a2d4851a1d" />
    <TestEntry testId="f0f2f3b9-1e5b-6283-0c88-05a283060796" executionId="18a7f012-cd84-4144-8e46-3a49566ab257" testListId="8c84fa94-04c1-424b-9868-57a2d4851a1d" />
    <TestEntry testId="8f84e6b1-ff2a-88cc-b78b-8f9ed5178958" executionId="ee6f56f0-2587-4175-8f17-e350d711a79b" testListId="8c84fa94-04c1-424b-9868-57a2d4851a1d" />
    <TestEntry testId="54964d70-def8-5ded-90af-0d7d6fa7de38" executionId="e02c3450-d100-4b0b-9908-717f98cd05bc" testListId="8c84fa94-04c1-424b-9868-57a2d4851a1d" />
    <TestEntry testId="9d22dbbd-3ada-e39e-faa0-ba6258e5c0b0" executionId="e2479343-30d5-46cc-a33e-f2093a3aaee2" testListId="8c84fa94-04c1-424b-9868-57a2d4851a1d" />
    <TestEntry testId="300b7740-3d80-09cf-17f0-fae3df9a6622" executionId="d9c906ff-1c6a-46b7-8f4d-61e87d65c0e6" testListId="8c84fa94-04c1-424b-9868-57a2d4851a1d" />
    <TestEntry testId="0946945d-02c3-28fb-bb59-43ff1eb8d41c" executionId="794a5b9b-398a-4aed-afc3-ce4222602ffa" testListId="8c84fa94-04c1-424b-9868-57a2d4851a1d" />
    <TestEntry testId="9a5d2353-a841-e7f2-bbca-08684828bede" executionId="d2968d76-0a19-45ab-b020-fa99531f5f36" testListId="8c84fa94-04c1-424b-9868-57a2d4851a1d" />
    <TestEntry testId="26ca5a5e-bfea-549d-b199-bef3d3ea8682" executionId="f20d793f-c57b-4136-836d-02dd6e5367a8" testListId="8c84fa94-04c1-424b-9868-57a2d4851a1d" />
    <TestEntry testId="e900138f-14c1-8131-972a-e77de560b844" executionId="969f86e2-4098-4ad1-a9eb-f385ddf0464d" testListId="8c84fa94-04c1-424b-9868-57a2d4851a1d" />
    <TestEntry testId="de9aa3d0-a330-b315-499e-b13b695373d1" executionId="f7d1991e-8255-4dd8-b54c-f37dba3658d5" testListId="8c84fa94-04c1-424b-9868-57a2d4851a1d" />
    <TestEntry testId="6dafc859-b879-9fed-5624-52307877e054" executionId="52b1812c-56b5-490d-9b35-740fbd89d5e2" testListId="8c84fa94-04c1-424b-9868-57a2d4851a1d" />
    <TestEntry testId="69de4300-40df-8dd4-2eb1-d3f7c563f9c5" executionId="f544182b-3762-4f8b-a486-b11ffb674512" testListId="8c84fa94-04c1-424b-9868-57a2d4851a1d" />
    <TestEntry testId="6bc0232e-b7ff-b83c-f693-f2def0031eb2" executionId="d271532a-f6b3-4c53-a1e2-b4a8a5159019" testListId="8c84fa94-04c1-424b-9868-57a2d4851a1d" />
    <TestEntry testId="20388fd7-ccec-eba4-4ac5-a6da2125026e" executionId="787f1839-c5c8-4080-a650-b88278954fa8" testListId="8c84fa94-04c1-424b-9868-57a2d4851a1d" />
    <TestEntry testId="db4266eb-f797-fdd2-620e-499e0940d865" executionId="b4ffc67b-ab75-494d-8e62-3d56a475723f" testListId="8c84fa94-04c1-424b-9868-57a2d4851a1d" />
    <TestEntry testId="2a919625-9c36-8929-0c45-69c4ad8958c5" executionId="c1ac6a75-ffad-4e05-a8f3-f6627dcca73f" testListId="8c84fa94-04c1-424b-9868-57a2d4851a1d" />
    <TestEntry testId="4b4d2fdd-f675-bc1d-bb30-ab99a551cb87" executionId="5866f181-a011-44ee-9ec0-5515d5d8f3b5" testListId="8c84fa94-04c1-424b-9868-57a2d4851a1d" />
    <TestEntry testId="aa49de14-5a22-2d35-3da8-8ef4622affb1" executionId="c04135df-e6ef-44b3-b083-4f9dfad13453" testListId="8c84fa94-04c1-424b-9868-57a2d4851a1d" />
    <TestEntry testId="3df1aac0-ba92-2961-79e2-8542119510de" executionId="3b22321d-0d79-4d83-9dde-31ae476c1286" testListId="8c84fa94-04c1-424b-9868-57a2d4851a1d" />
    <TestEntry testId="e4cb2b8b-0019-8a0f-11c5-16ba13f70504" executionId="e080e785-8e32-44fc-b1e8-b9ade6d22a00" testListId="8c84fa94-04c1-424b-9868-57a2d4851a1d" />
    <TestEntry testId="06aa1c94-3bec-351d-e8a6-efc3eedac94a" executionId="0ce07054-df1c-49d3-8e78-4e9b26cbcd55" testListId="8c84fa94-04c1-424b-9868-57a2d4851a1d" />
    <TestEntry testId="2844146e-41ec-3a13-3474-27631f951298" executionId="caa3cd14-1467-408f-ae46-e5670fd96ee1" testListId="8c84fa94-04c1-424b-9868-57a2d4851a1d" />
    <TestEntry testId="468e083a-0004-a00d-f542-266636b3c5e6" executionId="210977d9-cc8c-4afb-985e-91240f9cee2c" testListId="8c84fa94-04c1-424b-9868-57a2d4851a1d" />
    <TestEntry testId="58897852-6a39-7733-7815-c6808d914707" executionId="0ed067f1-01f2-488f-a9bd-6f3ebaffa44e" testListId="8c84fa94-04c1-424b-9868-57a2d4851a1d" />
    <TestEntry testId="4d35bc6a-c77f-5375-8093-15ebf22817f6" executionId="f9b28a6a-b40b-4faf-af98-0ab1597324e9" testListId="8c84fa94-04c1-424b-9868-57a2d4851a1d" />
    <TestEntry testId="28b09fac-be3a-a9e3-0bde-14c347aeec1e" executionId="baa37c42-533e-4ebf-9de6-a157e592abec" testListId="8c84fa94-04c1-424b-9868-57a2d4851a1d" />
    <TestEntry testId="6f346944-d3ea-3ae5-d294-bb2d8a7934c5" executionId="495e134b-6d4f-4cc2-855d-53ef064b0d71" testListId="8c84fa94-04c1-424b-9868-57a2d4851a1d" />
    <TestEntry testId="bd8724a1-d22e-61d4-85e0-30b551b10852" executionId="acf956d2-3fcc-45bd-bcab-a025b193f6f4" testListId="8c84fa94-04c1-424b-9868-57a2d4851a1d" />
    <TestEntry testId="99faf843-9156-5207-41c3-023bf165434b" executionId="3adfe9c5-be0a-43a6-9fe5-4c20dcc73206" testListId="8c84fa94-04c1-424b-9868-57a2d4851a1d" />
    <TestEntry testId="e249115d-67a8-97b6-5991-fca21dc7b582" executionId="de8bc06d-c2ae-4d2e-95e8-0a03751a9893" testListId="8c84fa94-04c1-424b-9868-57a2d4851a1d" />
    <TestEntry testId="321de7f8-2868-a12b-f7ed-73987e12b8c4" executionId="d44cee38-68cd-48a0-ac76-741f3ab3668a" testListId="8c84fa94-04c1-424b-9868-57a2d4851a1d" />
    <TestEntry testId="2f4bbf69-fc81-af2d-91c4-568adebd2fc9" executionId="429c851a-ed7c-4417-92d4-6b9cf94e9686" testListId="8c84fa94-04c1-424b-9868-57a2d4851a1d" />
    <TestEntry testId="b67e1a64-88d2-536a-6825-ea302d280746" executionId="9dcd7074-3a67-411d-9b59-18dde3dd3928" testListId="8c84fa94-04c1-424b-9868-57a2d4851a1d" />
    <TestEntry testId="53b7a4ad-53ec-c301-050d-48435e24d82e" executionId="92802954-ac25-4a98-86db-0d46dd3720a1" testListId="8c84fa94-04c1-424b-9868-57a2d4851a1d" />
    <TestEntry testId="045abe84-e2e2-bbb3-2b70-b37eebff26d2" executionId="059d9537-628e-4652-b3e3-ca0a4e30779f" testListId="8c84fa94-04c1-424b-9868-57a2d4851a1d" />
    <TestEntry testId="356b86d5-7c15-7ae0-19bd-b1f8b234302d" executionId="53861030-1cbb-480d-abca-004500edce65" testListId="8c84fa94-04c1-424b-9868-57a2d4851a1d" />
    <TestEntry testId="d2ddadc9-894a-254f-32d9-0bf13d36a537" executionId="ae185c36-c880-40d6-9129-64e437c3fe21" testListId="8c84fa94-04c1-424b-9868-57a2d4851a1d" />
    <TestEntry testId="f645d735-faa7-1588-4d34-7fb3c6aae82d" executionId="4ca1b973-b264-43d0-886e-baad44d655ec" testListId="8c84fa94-04c1-424b-9868-57a2d4851a1d" />
    <TestEntry testId="87b80af4-85b6-1f4f-3de4-a20f2bb40264" executionId="eea83c1a-67be-4e7b-8eb8-4a57f127db43" testListId="8c84fa94-04c1-424b-9868-57a2d4851a1d" />
    <TestEntry testId="8fef8b0b-3db5-174e-0222-d0e9175d1cf8" executionId="a2e3b126-f489-4efb-842d-1782e9378aaf" testListId="8c84fa94-04c1-424b-9868-57a2d4851a1d" />
    <TestEntry testId="a1ebfcdb-999f-c792-a21f-87667d924b1d" executionId="29cfd927-cea7-4aa0-8fa8-6f3cf6fc109a" testListId="8c84fa94-04c1-424b-9868-57a2d4851a1d" />
    <TestEntry testId="20e4b5b0-e93f-d260-e460-142f84207476" executionId="64f96f2e-817a-48a6-ab09-3455e449a90a" testListId="8c84fa94-04c1-424b-9868-57a2d4851a1d" />
    <TestEntry testId="71b80078-4df4-e83d-b169-2d0215d94e5a" executionId="fc8908b1-1c83-4fd6-b838-d8476d40055f" testListId="8c84fa94-04c1-424b-9868-57a2d4851a1d" />
    <TestEntry testId="9ae5777b-d6ec-54c0-8296-5664d4e0e692" executionId="70b88018-45ee-4726-a132-d97dd4358e99" testListId="8c84fa94-04c1-424b-9868-57a2d4851a1d" />
    <TestEntry testId="a4a05324-eabc-8453-4e8a-0a6ecd29ae61" executionId="0b32b0e2-6ae1-43e3-bc07-20d4f0345ceb" testListId="8c84fa94-04c1-424b-9868-57a2d4851a1d" />
    <TestEntry testId="40a4edc7-f183-97bc-9226-9f8b023cfa1b" executionId="2e20b23c-505d-4afd-b74c-118b446dd115" testListId="8c84fa94-04c1-424b-9868-57a2d4851a1d" />
    <TestEntry testId="3f32b888-0206-2ca8-9147-2a74f1e85736" executionId="2344dc01-10eb-4c65-ac8b-64a515af98ad" testListId="8c84fa94-04c1-424b-9868-57a2d4851a1d" />
    <TestEntry testId="d1034d94-3389-21e4-b1d6-7dbb6de6bcbc" executionId="18f3db03-2942-481e-a7e4-7b1c3896e23c" testListId="8c84fa94-04c1-424b-9868-57a2d4851a1d" />
    <TestEntry testId="7824c651-8347-5edb-a258-9be4c5aa96c2" executionId="a1b74f39-e262-4aad-91fe-5d53837b8e51" testListId="8c84fa94-04c1-424b-9868-57a2d4851a1d" />
    <TestEntry testId="6aafe46f-c504-1f80-3c5d-1369451dc79f" executionId="8042f006-b3b5-4497-961f-4a8d5b875799" testListId="8c84fa94-04c1-424b-9868-57a2d4851a1d" />
    <TestEntry testId="97dcc89b-32eb-301e-413f-c308975e0e8e" executionId="1a647c45-01b0-4947-b2e1-dac786253cac" testListId="8c84fa94-04c1-424b-9868-57a2d4851a1d" />
    <TestEntry testId="05281445-3c70-40d1-a690-e71ce7ca544c" executionId="6f16d38d-1c26-41d6-a77e-1e4dfb8db22b" testListId="8c84fa94-04c1-424b-9868-57a2d4851a1d" />
    <TestEntry testId="c8cba265-ab78-1e3d-2727-e4f0f70f2610" executionId="818c4099-c4bb-46dc-aade-440295a7953a" testListId="8c84fa94-04c1-424b-9868-57a2d4851a1d" />
    <TestEntry testId="63b186ca-44a6-00b1-1a6c-c34623b9d8d9" executionId="a7da95f8-251b-4e8b-844e-068e95385a3e" testListId="8c84fa94-04c1-424b-9868-57a2d4851a1d" />
    <TestEntry testId="c1a63363-1d4f-4316-db71-4ea273175a00" executionId="d16f96ee-63a1-43b0-810a-633c2fb83c69" testListId="8c84fa94-04c1-424b-9868-57a2d4851a1d" />
    <TestEntry testId="21084338-68e7-b9a6-84a3-a814e686c125" executionId="e19f98b8-c38d-461e-b887-6e9323d4ce4c" testListId="8c84fa94-04c1-424b-9868-57a2d4851a1d" />
    <TestEntry testId="174074b8-d4c1-e681-cb96-9f2bba112fdb" executionId="f4863524-f9f3-419f-9182-f9bc4f5c40c9" testListId="8c84fa94-04c1-424b-9868-57a2d4851a1d" />
    <TestEntry testId="7c94411c-53c7-348f-cd02-a2c2def127ac" executionId="af85e7da-5b2f-498b-807a-2e8c8436b49e" testListId="8c84fa94-04c1-424b-9868-57a2d4851a1d" />
    <TestEntry testId="e691938e-87c1-948c-1b0c-516da99adeea" executionId="46ed1feb-cc51-45f3-b58a-8a35762cc087" testListId="8c84fa94-04c1-424b-9868-57a2d4851a1d" />
    <TestEntry testId="ce86bdbb-5b1d-7fff-567a-55c86c9ed851" executionId="0a51c046-dca9-47c1-840d-438eddff598c" testListId="8c84fa94-04c1-424b-9868-57a2d4851a1d" />
    <TestEntry testId="36d0984c-5c9c-59e1-7fc0-160ac6cbd855" executionId="920310ca-a421-42c7-a648-3915be4ddac6" testListId="8c84fa94-04c1-424b-9868-57a2d4851a1d" />
    <TestEntry testId="6b473983-9519-d802-b092-2852e2a2045b" executionId="48d5952c-823a-4227-8739-0d33cca4a2cd" testListId="8c84fa94-04c1-424b-9868-57a2d4851a1d" />
    <TestEntry testId="1673129b-5cfe-5d5e-8bcf-560a681ad273" executionId="62112da6-c178-43d3-b4cf-14395442510d" testListId="8c84fa94-04c1-424b-9868-57a2d4851a1d" />
    <TestEntry testId="32c00ce1-1bbb-ff61-e4ce-6bcfad67e5bc" executionId="e2ba86a6-e8fd-4c66-b500-9687cce2fbd0" testListId="8c84fa94-04c1-424b-9868-57a2d4851a1d" />
    <TestEntry testId="6837b043-7f77-c68e-a25c-5eb4520a96e0" executionId="db7b576d-b435-441a-84bc-01f8aff25acd" testListId="8c84fa94-04c1-424b-9868-57a2d4851a1d" />
    <TestEntry testId="2884e817-c650-4306-8b04-c6d1544de07d" executionId="743b06e6-97b6-4957-81aa-de599a5069df" testListId="8c84fa94-04c1-424b-9868-57a2d4851a1d" />
    <TestEntry testId="3bd223bd-33e0-5791-c662-91be901e46d7" executionId="0d13a9dd-2480-4cd8-9a80-294256aa5640" testListId="8c84fa94-04c1-424b-9868-57a2d4851a1d" />
    <TestEntry testId="edec5079-bde6-97bf-82a6-dfa70f87a4f8" executionId="1c638006-2510-4efc-a228-7ff4127e28cf" testListId="8c84fa94-04c1-424b-9868-57a2d4851a1d" />
    <TestEntry testId="737ad571-0b9f-382c-74c7-5971dee9fa9f" executionId="54b30af2-64c5-45f3-89f3-c81f0629eb34" testListId="8c84fa94-04c1-424b-9868-57a2d4851a1d" />
    <TestEntry testId="187c2b55-3329-79c3-891f-f5eedd7e0b60" executionId="23623122-e8ce-4000-af8c-5e2ade851d56" testListId="8c84fa94-04c1-424b-9868-57a2d4851a1d" />
    <TestEntry testId="e0dee75e-73de-ddf1-427a-9aa4acb8402d" executionId="582dcba9-6191-4c44-8905-5073e534836b" testListId="8c84fa94-04c1-424b-9868-57a2d4851a1d" />
    <TestEntry testId="a5a3da78-4b51-77ac-ae2c-fd47931f2ef7" executionId="558d9d05-1a39-4972-8e23-3251465b0184" testListId="8c84fa94-04c1-424b-9868-57a2d4851a1d" />
    <TestEntry testId="4fae6f25-a366-2b75-5fc7-f363c82a9032" executionId="eb7f1f59-0a3a-4670-bca2-6ec53354ec30" testListId="8c84fa94-04c1-424b-9868-57a2d4851a1d" />
    <TestEntry testId="61cbb5e7-8147-6597-4688-ea3060c4d441" executionId="52ec5faa-89f1-48cb-9fe3-641de17a321a" testListId="8c84fa94-04c1-424b-9868-57a2d4851a1d" />
    <TestEntry testId="19572f6e-7e9c-c709-180e-8ff9acc20e97" executionId="225a49c6-0e44-48e5-ad8b-062303cabd24" testListId="8c84fa94-04c1-424b-9868-57a2d4851a1d" />
    <TestEntry testId="6235484e-bb08-0b90-8131-38277d5b679d" executionId="49891985-e331-4f03-a3ba-81b0a1b67b91" testListId="8c84fa94-04c1-424b-9868-57a2d4851a1d" />
    <TestEntry testId="6edff84c-bda3-7bbc-a7b6-340cb8a554b1" executionId="84dd2e98-593b-483b-ae05-9c21877f2d3e" testListId="8c84fa94-04c1-424b-9868-57a2d4851a1d" />
    <TestEntry testId="a4ffd349-01b2-3fbe-5c67-5193dbee55f7" executionId="3c244421-3b42-4011-8198-6e4a61c4c365" testListId="8c84fa94-04c1-424b-9868-57a2d4851a1d" />
    <TestEntry testId="5e860b1d-e602-d277-b076-913dab00cc33" executionId="84394b5a-f70b-4591-8029-b6823b0c6822" testListId="8c84fa94-04c1-424b-9868-57a2d4851a1d" />
    <TestEntry testId="bee31d98-6669-e330-bf92-decf60b19a2f" executionId="b01479c6-8ad8-40d8-84c0-7b00f2bdb095" testListId="8c84fa94-04c1-424b-9868-57a2d4851a1d" />
    <TestEntry testId="66dfda87-118a-d857-ed9f-af4ca13ddccd" executionId="4a44c4b4-2668-43cd-be7f-afb6df9d990c" testListId="8c84fa94-04c1-424b-9868-57a2d4851a1d" />
    <TestEntry testId="e11684cd-2ab7-76af-7a92-dd2a4784b3dd" executionId="688e14c9-1037-44a2-8027-44123b204911" testListId="8c84fa94-04c1-424b-9868-57a2d4851a1d" />
    <TestEntry testId="a18ee0b1-76a5-8bdd-cfc0-aa839ae94bad" executionId="ee78f349-8f53-4888-9750-762c7e00c304" testListId="8c84fa94-04c1-424b-9868-57a2d4851a1d" />
    <TestEntry testId="bcf16930-cea9-5298-73b2-9fb3a3065b4f" executionId="94fd99aa-e959-4d29-a2a8-63aa0d61199c" testListId="8c84fa94-04c1-424b-9868-57a2d4851a1d" />
    <TestEntry testId="e8b9ad7c-4633-4381-c455-a7a1fa6636ef" executionId="8c91ed10-0342-4cbe-9488-41dd01c00a63" testListId="8c84fa94-04c1-424b-9868-57a2d4851a1d" />
    <TestEntry testId="7baca310-2aee-8aea-5f9c-90a48a607a26" executionId="c2acbe1b-4adf-437c-8793-c7b6dfacd8a9" testListId="8c84fa94-04c1-424b-9868-57a2d4851a1d" />
    <TestEntry testId="8dd3ab8a-632c-3415-bc58-fd5f45a251c9" executionId="cbbbb3ef-099d-4aed-ae85-5abacdb9b9c4" testListId="8c84fa94-04c1-424b-9868-57a2d4851a1d" />
    <TestEntry testId="50983eb3-5b04-c472-60f8-83a077f54fd3" executionId="28c861ba-01dc-43f7-8bd4-3916a6a763f5" testListId="8c84fa94-04c1-424b-9868-57a2d4851a1d" />
    <TestEntry testId="772c5c14-d94d-40c5-61f8-cc4698fe79ca" executionId="30063754-a14c-4672-8303-7bebab049655" testListId="8c84fa94-04c1-424b-9868-57a2d4851a1d" />
    <TestEntry testId="30b7cd74-df9c-4d45-0b82-f0a74283e120" executionId="e478d7d3-6074-476c-aa30-2aa190e40d09" testListId="8c84fa94-04c1-424b-9868-57a2d4851a1d" />
    <TestEntry testId="46f10811-7f22-d50b-6063-e95d57bb4c35" executionId="f6899c25-6b85-4429-99b0-e2b5b0fe174d" testListId="8c84fa94-04c1-424b-9868-57a2d4851a1d" />
    <TestEntry testId="f3268933-0e9e-83a3-c1c8-3b8f745e6cf5" executionId="51fc22b6-350c-421f-9ccd-2c3de2b6c084" testListId="8c84fa94-04c1-424b-9868-57a2d4851a1d" />
    <TestEntry testId="5bee5ea4-023c-9f55-897d-cc32b0f158e6" executionId="0417f13f-2089-466b-95fa-73cde17f28b3" testListId="8c84fa94-04c1-424b-9868-57a2d4851a1d" />
    <TestEntry testId="b799b918-3c0b-9a54-e354-eea0d31a430a" executionId="33bd5d6d-37b6-479c-8a89-c966b6805f88" testListId="8c84fa94-04c1-424b-9868-57a2d4851a1d" />
    <TestEntry testId="4d37ef51-21f5-66ea-6079-c6653fb2bb2f" executionId="2b5d271b-7321-4626-a59d-d7dfb9a99a09" testListId="8c84fa94-04c1-424b-9868-57a2d4851a1d" />
    <TestEntry testId="14cf6792-41c5-37dd-37a6-567526aed4a8" executionId="6dacbf45-f3e0-4f7e-9739-e76e267f3619" testListId="8c84fa94-04c1-424b-9868-57a2d4851a1d" />
    <TestEntry testId="5b54aabc-a821-72c9-ee14-a176a7c985c9" executionId="78e08e4e-a3e1-45d2-99f9-77c6a4c79a30" testListId="8c84fa94-04c1-424b-9868-57a2d4851a1d" />
    <TestEntry testId="27f20e49-3468-2de2-becd-8a6ee8dc1e07" executionId="4ea001b5-f989-47b0-8335-50bedde7ad9a" testListId="8c84fa94-04c1-424b-9868-57a2d4851a1d" />
    <TestEntry testId="d1554c65-4a61-eaa6-101b-6f7a5b6a2e81" executionId="981681bd-3bf9-4023-91c3-ce560e47acac" testListId="8c84fa94-04c1-424b-9868-57a2d4851a1d" />
    <TestEntry testId="acd039ba-211a-6aaf-f9ca-a9a77a7c9097" executionId="0e78fe51-a602-443b-a230-72dbf36d771c" testListId="8c84fa94-04c1-424b-9868-57a2d4851a1d" />
    <TestEntry testId="bdc8610f-5474-f0f3-0740-03e782163234" executionId="3d6ae2e5-1861-422e-8024-cfb8c284f410" testListId="8c84fa94-04c1-424b-9868-57a2d4851a1d" />
    <TestEntry testId="caf802cb-8a5b-8359-97f5-3b0d0ed69331" executionId="e195b395-bec5-42f6-aa41-712340d1fa41" testListId="8c84fa94-04c1-424b-9868-57a2d4851a1d" />
    <TestEntry testId="114155b5-a99e-f30d-1a92-0732c2182b90" executionId="e7788594-83ce-4db3-9035-fb6b8278334c" testListId="8c84fa94-04c1-424b-9868-57a2d4851a1d" />
    <TestEntry testId="b7d10294-7a29-cc1a-4a10-b372eeae26a8" executionId="f1a847f5-e512-4409-9a43-6c72cf94aff6" testListId="8c84fa94-04c1-424b-9868-57a2d4851a1d" />
    <TestEntry testId="4e10fb34-811c-3d74-ab82-843f5fb0ac91" executionId="f32bb8cf-671b-423f-b8d1-8b07b93fee0a" testListId="8c84fa94-04c1-424b-9868-57a2d4851a1d" />
    <TestEntry testId="bf4251d8-3d93-5471-9758-db7bcb3b4aa8" executionId="b7a89c3a-2c36-48a1-a0b2-3dac4b927577" testListId="8c84fa94-04c1-424b-9868-57a2d4851a1d" />
    <TestEntry testId="61506c61-3119-75a1-f2da-ba83f6151b2e" executionId="6c477643-41bc-429f-9b50-0d2ec8c00c86" testListId="8c84fa94-04c1-424b-9868-57a2d4851a1d" />
    <TestEntry testId="250cf536-2be5-a0c4-81b9-23e79f26ac84" executionId="5a5b1f1f-6b11-466b-8bcb-49c5047ac68b" testListId="8c84fa94-04c1-424b-9868-57a2d4851a1d" />
    <TestEntry testId="a1eaf265-9012-e400-57dd-41a39d916926" executionId="57f6e67d-c313-4b13-90c7-cb0e2debb662" testListId="8c84fa94-04c1-424b-9868-57a2d4851a1d" />
    <TestEntry testId="dde6bd31-1b47-6865-f1dd-76532060cc5a" executionId="6d0df2d7-29ae-4fc6-be89-ae879e0b13fa" testListId="8c84fa94-04c1-424b-9868-57a2d4851a1d" />
    <TestEntry testId="686f6f7c-441f-7637-891a-516b82df71e7" executionId="72bcd516-7a62-4ce1-9525-fbdcc8729aad" testListId="8c84fa94-04c1-424b-9868-57a2d4851a1d" />
    <TestEntry testId="24de4f03-b88d-7be2-76f6-71f030cd783e" executionId="7f095de6-7205-406f-a759-5322104e9881" testListId="8c84fa94-04c1-424b-9868-57a2d4851a1d" />
    <TestEntry testId="c688ca04-4597-8831-2183-16645a5b8fc6" executionId="e559cfad-2a3b-479c-9f98-c6ef1f00aaf4" testListId="8c84fa94-04c1-424b-9868-57a2d4851a1d" />
    <TestEntry testId="d9bd4c86-163d-90ae-ac92-aa43c1be9788" executionId="c6acb2f4-00f7-413c-a642-97895203a5e1" testListId="8c84fa94-04c1-424b-9868-57a2d4851a1d" />
    <TestEntry testId="604c0522-1420-b03e-df26-a9fb33ed33a5" executionId="fab3db02-3e0a-401a-b9d8-76d03eeb4a4e" testListId="8c84fa94-04c1-424b-9868-57a2d4851a1d" />
    <TestEntry testId="c117cb84-39da-8b2e-f12e-3ec19e5f9baf" executionId="2bbad085-8bed-4748-bb9f-17aeb78e8fb3" testListId="8c84fa94-04c1-424b-9868-57a2d4851a1d" />
    <TestEntry testId="bb3fb9dc-6064-4ac1-95a7-1454d7295a45" executionId="5cb67510-a54c-465c-9965-0aaf5e220d06" testListId="8c84fa94-04c1-424b-9868-57a2d4851a1d" />
    <TestEntry testId="30374f3b-dd03-1b3f-3bcb-43f4efb0a811" executionId="873d8e1b-27b9-47be-851d-320335cf97e9" testListId="8c84fa94-04c1-424b-9868-57a2d4851a1d" />
    <TestEntry testId="46c9143d-d2dd-4280-a684-5f4b848f97cf" executionId="b7a41c24-b278-4041-b6b9-8add565f8747" testListId="8c84fa94-04c1-424b-9868-57a2d4851a1d" />
    <TestEntry testId="6118e0c7-d5c0-9e38-9303-cd96eb39880a" executionId="17d35856-4e3a-4bdc-906a-cc3ad534bdaa" testListId="8c84fa94-04c1-424b-9868-57a2d4851a1d" />
    <TestEntry testId="c671fc15-bef7-3566-db55-3dd22fdf913a" executionId="db2a0211-bb44-47ba-baac-42de7a74e343" testListId="8c84fa94-04c1-424b-9868-57a2d4851a1d" />
    <TestEntry testId="2d31c52b-563d-c6de-6554-ce767e591b05" executionId="446cb692-d7c5-4f4e-86f9-af9813f34e83" testListId="8c84fa94-04c1-424b-9868-57a2d4851a1d" />
    <TestEntry testId="f298c68e-b382-e991-fef4-a0cae70c7f9a" executionId="370e7018-5eb7-44a6-a3cd-7002b9fb5a79" testListId="8c84fa94-04c1-424b-9868-57a2d4851a1d" />
    <TestEntry testId="505a53aa-86ae-2d2f-7463-774faaefffdc" executionId="2a800fd3-096b-422d-b8ce-0803ffdb4cbf" testListId="8c84fa94-04c1-424b-9868-57a2d4851a1d" />
    <TestEntry testId="0fc1b323-b092-5271-cd8d-1ebca933b540" executionId="22770433-f094-4171-969d-287df216833b" testListId="8c84fa94-04c1-424b-9868-57a2d4851a1d" />
    <TestEntry testId="79a87f84-79f2-83a1-a9c5-ed616ed9fcdd" executionId="54b43407-ff26-4038-ab1e-a8ec7f4cec21" testListId="8c84fa94-04c1-424b-9868-57a2d4851a1d" />
    <TestEntry testId="8d712c93-7839-c99e-5f89-46744158ea14" executionId="dac65d68-8cb5-401c-b124-fa5efdc3a70c" testListId="8c84fa94-04c1-424b-9868-57a2d4851a1d" />
    <TestEntry testId="0020fad9-706f-c089-f22f-234dd3a910d2" executionId="f53dd061-d342-4450-b326-0578f83997b4" testListId="8c84fa94-04c1-424b-9868-57a2d4851a1d" />
    <TestEntry testId="b2cf5539-208b-2666-33c8-651e635ae308" executionId="e192abc9-bfa2-4722-a40c-5aba5fb60e0e" testListId="8c84fa94-04c1-424b-9868-57a2d4851a1d" />
    <TestEntry testId="35426d41-99ca-6107-4ea2-a29fdd00a609" executionId="32a602ab-19d9-43bb-8108-b33bf4bbaaad" testListId="8c84fa94-04c1-424b-9868-57a2d4851a1d" />
    <TestEntry testId="e4c4a38e-011b-8578-a237-5132b7f3698e" executionId="8b25e730-818b-4cfd-ba31-6f25dc2c1b42" testListId="8c84fa94-04c1-424b-9868-57a2d4851a1d" />
    <TestEntry testId="888e9330-1dfa-63fd-ae9b-5702d43db98b" executionId="fb34c01d-5062-4a28-b9e7-9cbe20440124" testListId="8c84fa94-04c1-424b-9868-57a2d4851a1d" />
    <TestEntry testId="6fa88b53-98a8-4774-5326-23c4bc75afbd" executionId="cfe2dc88-1d6e-4929-9c17-84a105c39a32" testListId="8c84fa94-04c1-424b-9868-57a2d4851a1d" />
    <TestEntry testId="a4b22db4-580f-0559-ad52-86bf6b3437d6" executionId="dd837203-8ae8-4b7f-981e-fc505b1a93a0" testListId="8c84fa94-04c1-424b-9868-57a2d4851a1d" />
    <TestEntry testId="22047f6d-2c54-e941-b6de-4f01f24b11fd" executionId="ac277099-7436-448a-b2c1-9ad0f0b98f01" testListId="8c84fa94-04c1-424b-9868-57a2d4851a1d" />
  </TestEntries>
  <TestLists>
    <TestList name="Results Not in a List" id="8c84fa94-04c1-424b-9868-57a2d4851a1d" />
    <TestList name="All Loaded Results" id="19431567-8539-422a-85d7-44ee4e166bda" />
  </TestLists>
  <ResultSummary outcome="Completed">
    <Counters total="194" executed="194" passed="194" failed="0" error="0" timeout="0" aborted="0" inconclusive="0" passedButRunAborted="0" notRunnable="0" notExecuted="0" disconnected="0" warning="0" completed="0" inProgress="0" pending="0" />
    <Output>
      <StdOut>[xUnit.net 00:00:00.00] xUnit.net VSTest Adapter v2.4.5+1caef2f33e (64-bit .NET 8.0.18)&#xD;
[xUnit.net 00:00:00.50]   Discovering: CursorPhobia.Tests&#xD;
[xUnit.net 00:00:00.57]   Discovered:  CursorPhobia.Tests&#xD;
[xUnit.net 00:00:00.57]   Starting:    CursorPhobia.Tests&#xD;
2025-08-08 00:25:00,951 [INFO] CursorPhobia.Core.Logging.Log4NetConfiguration - Log4net logging system initialized successfully&#xD;
2025-08-08 00:25:00,955 [INFO] CursorPhobia.Core.Logging.Log4NetConfiguration - Log directory: C:\Users\oscar\AppData\Roaming\CursorPhobia\Logs&#xD;
2025-08-08 00:25:00,955 [INFO] CursorPhobia.Core.Logging.Log4NetConfiguration - Debug mode: True&#xD;
2025-08-08 00:25:00,955 [INFO] CursorPhobia.Core.Logging.Log4NetConfiguration - Config file: C:\Users\oscar\AppData\Local\Temp\CursorPhobiaTests\dcbd2c6c-1a07-48af-879f-dec59e00c0c6\test-log4net.config&#xD;
2025-08-08 00:25:00,964 [INFO] CursorPhobia.Core.Logging.Log4NetConfiguration - Shutting down log4net logging system&#xD;
log4net: Shutdown called on Hierarchy [log4net-default-repository]&#xD;
log4net: ConfigureAndWatchHandler: Deleted [C:\Users\oscar\AppData\Local\Temp\CursorPhobiaTests\dcbd2c6c-1a07-48af-879f-dec59e00c0c6\test-log4net.config]&#xD;
log4net: configuring repository [log4net-default-repository] using file [C:\Users\oscar\AppData\Local\Temp\CursorPhobiaTests\9d9e2210-3bd2-411f-a56d-566d44bb16a0\test-log4net.config] watching for file updates&#xD;
log4net: configuring repository [log4net-default-repository] using file [C:\Users\oscar\AppData\Local\Temp\CursorPhobiaTests\9d9e2210-3bd2-411f-a56d-566d44bb16a0\test-log4net.config]&#xD;
log4net: configuring repository [log4net-default-repository] using stream&#xD;
log4net: loading XML configuration&#xD;
log4net: Configuring Repository [log4net-default-repository]&#xD;
log4net: Configuration update mode [Merge].&#xD;
log4net: Logger [root] Level string is [DEBUG].&#xD;
log4net: Logger [root] level set to [name="DEBUG",value=30000].&#xD;
log4net: Loading Appender [TestFileAppender] type: [log4net.Appender.FileAppender]&#xD;
log4net: Setting Property [File] to String value [C:\\Users\\oscar\\AppData\\Local\\Temp\\CursorPhobiaTests\\9d9e2210-3bd2-411f-a56d-566d44bb16a0\\test.log]&#xD;
log4net: Setting Property [AppendToFile] to Boolean value [True]&#xD;
log4net: Converter [message] Option [] Format [min=-1,max=2147483647,leftAlign=False]&#xD;
log4net: Converter [newline] Option [] Format [min=-1,max=2147483647,leftAlign=False]&#xD;
log4net: Setting Property [ConversionPattern] to String value [%date [%level] %logger - %message%newline]&#xD;
log4net: Converter [date] Option [] Format [min=-1,max=2147483647,leftAlign=False]&#xD;
log4net: Converter [literal] Option [ [] Format [min=-1,max=2147483647,leftAlign=False]&#xD;
log4net: Converter [level] Option [] Format [min=-1,max=2147483647,leftAlign=False]&#xD;
log4net: Converter [literal] Option [] ] Format [min=-1,max=2147483647,leftAlign=False]&#xD;
log4net: Converter [logger] Option [] Format [min=-1,max=2147483647,leftAlign=False]&#xD;
log4net: Converter [literal] Option [ - ] Format [min=-1,max=2147483647,leftAlign=False]&#xD;
log4net: Converter [message] Option [] Format [min=-1,max=2147483647,leftAlign=False]&#xD;
log4net: Converter [newline] Option [] Format [min=-1,max=2147483647,leftAlign=False]&#xD;
log4net: Setting Property [Layout] to object [log4net.Layout.PatternLayout]&#xD;
log4net: Opening file for writing [C:\Users\oscar\AppData\Local\Temp\CursorPhobiaTests\9d9e2210-3bd2-411f-a56d-566d44bb16a0\test.log] append [True]&#xD;
log4net: Created Appender [TestFileAppender]&#xD;
log4net: Adding appender named [TestFileAppender] to logger [root].&#xD;
log4net: Loading Appender [TestConsoleAppender] type: [log4net.Appender.ConsoleAppender]&#xD;
log4net: Converter [message] Option [] Format [min=-1,max=2147483647,leftAlign=False]&#xD;
log4net: Converter [newline] Option [] Format [min=-1,max=2147483647,leftAlign=False]&#xD;
log4net: Setting Property [ConversionPattern] to String value [%date [%level] %logger - %message%newline]&#xD;
log4net: Converter [date] Option [] Format [min=-1,max=2147483647,leftAlign=False]&#xD;
log4net: Converter [literal] Option [ [] Format [min=-1,max=2147483647,leftAlign=False]&#xD;
log4net: Converter [level] Option [] Format [min=-1,max=2147483647,leftAlign=False]&#xD;
log4net: Converter [literal] Option [] ] Format [min=-1,max=2147483647,leftAlign=False]&#xD;
log4net: Converter [logger] Option [] Format [min=-1,max=2147483647,leftAlign=False]&#xD;
log4net: Converter [literal] Option [ - ] Format [min=-1,max=2147483647,leftAlign=False]&#xD;
log4net: Converter [message] Option [] Format [min=-1,max=2147483647,leftAlign=False]&#xD;
log4net: Converter [newline] Option [] Format [min=-1,max=2147483647,leftAlign=False]&#xD;
log4net: Setting Property [Layout] to object [log4net.Layout.PatternLayout]&#xD;
log4net: Created Appender [TestConsoleAppender]&#xD;
log4net: Adding appender named [TestConsoleAppender] to logger [root].&#xD;
log4net: Hierarchy Threshold []&#xD;
2025-08-08 00:25:00,991 [INFO] CursorPhobia.Core.Logging.Log4NetConfiguration - Log4net logging system initialized successfully&#xD;
2025-08-08 00:25:00,991 [INFO] CursorPhobia.Core.Logging.Log4NetConfiguration - Log directory: C:\Users\oscar\AppData\Roaming\CursorPhobia\Logs&#xD;
2025-08-08 00:25:00,991 [INFO] CursorPhobia.Core.Logging.Log4NetConfiguration - Debug mode: True&#xD;
2025-08-08 00:25:00,991 [INFO] CursorPhobia.Core.Logging.Log4NetConfiguration - Config file: C:\Users\oscar\AppData\Local\Temp\CursorPhobiaTests\9d9e2210-3bd2-411f-a56d-566d44bb16a0\test-log4net.config&#xD;
2025-08-08 00:25:01,120 [INFO] CursorPhobia.Core.Logging.Log4NetConfiguration - Shutting down log4net logging system&#xD;
log4net: Shutdown called on Hierarchy [log4net-default-repository]&#xD;
log4net: ConfigureAndWatchHandler: Deleted [C:\Users\oscar\AppData\Local\Temp\CursorPhobiaTests\9d9e2210-3bd2-411f-a56d-566d44bb16a0\test-log4net.config]&#xD;
00:25:01.1153 [INFO ] LoggingConfiguration: NLog production logging system initialized successfully &#xD;
00:25:01.1153 [INFO ] LoggingConfiguration: Log directory: "C:\Users\oscar\AppData\Roaming\CursorPhobia\Logs" &#xD;
00:25:01.1153 [INFO ] LoggingConfiguration: Debug mode: false &#xD;
00:25:01.1153 [INFO ] LoggingConfiguration: Config file: "NLog.config (default)" &#xD;
log4net: configuring repository [log4net-default-repository] using file [C:\Users\oscar\AppData\Local\Temp\CursorPhobiaTests\dcbd2c6c-1a07-48af-879f-dec59e00c0c6\test-log4net.config]&#xD;
log4net: config file [C:\Users\oscar\AppData\Local\Temp\CursorPhobiaTests\dcbd2c6c-1a07-48af-879f-dec59e00c0c6\test-log4net.config] not found. Configuration unchanged.&#xD;
log4net: configuring repository [log4net-default-repository] using file [C:\Users\oscar\AppData\Local\Temp\CursorPhobiaTests\9d9e2210-3bd2-411f-a56d-566d44bb16a0\test-log4net.config]&#xD;
log4net: config file [C:\Users\oscar\AppData\Local\Temp\CursorPhobiaTests\9d9e2210-3bd2-411f-a56d-566d44bb16a0\test-log4net.config] not found. Configuration unchanged.&#xD;
[xUnit.net 00:00:07.99]   Finished:    CursorPhobia.Tests&#xD;
log4net: Shutdown called on Hierarchy [log4net-default-repository]&#xD;
</StdOut>
    </Output>
  </ResultSummary>
</TestRun>